[2022-08-02T10:38:05.292] [WARN] logger - mysql | 服务 hall-server-2 | 创建连接池 | 成功
[2022-08-02T10:40:04.692] [WARN] logger - mysql | 服务 hall-server-2 | 创建连接池 | 成功
[2022-08-02T11:00:40.841] [WARN] logger - mysql | 服务 hall-server-2 | 创建连接池 | 成功
[2022-08-04T17:46:39.327] [WARN] logger - mysql | 服务 hall-server-2 | 创建连接池 | 成功
[2022-08-04T17:47:28.102] [WARN] logger - mysql | 服务 hall-server-2 | 创建连接池 | 成功
[2022-08-06T17:04:26.090] [WARN] logger - mysql | 服务 hall-server-2 | 创建连接池 | 成功
[2022-08-06T17:11:53.563] [WARN] logger - mysql | 服务 hall-server-2 | 创建连接池 | 成功
[2022-08-06T17:20:50.671] [WARN] logger - mysql | 服务 hall-server-2 | 创建连接池 | 成功
[2022-08-08T14:38:45.277] [WARN] logger - mysql | 服务 hall-server-2 | 创建连接池 | 成功
[2022-08-08T15:35:32.201] [WARN] logger - mysql | 服务 hall-server-2 | 创建连接池 | 成功
[2022-08-08T16:21:28.377] [WARN] logger - mysql | 服务 hall-server-2 | 创建连接池 | 成功
[2022-08-08T16:32:31.833] [WARN] logger - mysql | 服务 hall-server-2 | 创建连接池 | 成功
[2022-08-09T11:32:07.822] [WARN] logger - mysql | 服务 hall-server-2 | 创建连接池 | 成功
[2022-08-09T11:51:22.590] [WARN] logger - mysql | 服务 hall-server-2 | 创建连接池 | 成功
[2022-08-09T11:52:14.305] [WARN] logger - mysql | 服务 hall-server-2 | 创建连接池 | 成功
[2022-08-09T12:45:42.017] [WARN] logger - mysql | 服务 hall-server-2 | 创建连接池 | 成功
[2022-08-09T13:08:41.458] [WARN] logger - mysql | 服务 hall-server-2 | 创建连接池 | 成功
[2022-08-09T13:10:30.643] [WARN] logger - mysql | 服务 hall-server-2 | 创建连接池 | 成功
[2022-08-09T13:21:58.000] [WARN] logger - mysql | 服务 hall-server-2 | 创建连接池 | 成功
[2022-08-09T13:56:16.054] [WARN] logger - mysql | 服务 hall-server-2 | 创建连接池 | 成功
[2022-08-09T16:16:01.412] [WARN] logger - mysql | 服务 hall-server-2 | 创建连接池 | 成功
[2022-08-10T13:45:33.186] [WARN] logger - mysql | 服务 hall-server-2 | 创建连接池 | 成功
[2022-08-10T13:52:04.859] [WARN] logger - mysql | 服务 hall-server-2 | 创建连接池 | 成功
[2022-08-10T13:56:03.697] [WARN] logger - mysql | 服务 hall-server-2 | 创建连接池 | 成功
[2022-08-10T14:00:13.850] [WARN] logger - mysql | 服务 hall-server-2 | 创建连接池 | 成功
[2022-08-10T14:05:26.465] [WARN] logger - mysql | 服务 hall-server-2 | 创建连接池 | 成功
[2022-08-10T14:12:16.816] [WARN] logger - mysql | 服务 hall-server-2 | 创建连接池 | 成功
[2022-08-10T14:16:14.455] [WARN] logger - mysql | 服务 hall-server-2 | 创建连接池 | 成功
[2022-08-10T14:23:52.185] [WARN] logger - mysql | 服务 hall-server-2 | 创建连接池 | 成功
[2022-08-12T15:15:33.043] [WARN] logger - mysql | 服务 hall-server-2 | 创建连接池 | 成功
[2022-08-12T15:48:54.994] [WARN] logger - mysql | 服务 hall-server-2 | 创建连接池 | 成功
[2022-08-12T16:40:03.691] [WARN] logger - mysql | 服务 hall-server-2 | 创建连接池 | 成功
[2022-08-13T12:44:48.552] [WARN] logger - mysql | 服务 hall-server-2 | 创建连接池 | 成功
[2022-08-13T15:19:38.824] [WARN] logger - mysql | 服务 hall-server-2 | 创建连接池 | 成功
[2022-08-13T15:28:06.125] [WARN] logger - mysql | 服务 hall-server-2 | 创建连接池 | 成功
[2022-08-13T15:43:05.054] [WARN] logger - mysql | 服务 hall-server-2 | 创建连接池 | 成功
[2022-08-14T12:30:56.569] [WARN] logger - mysql | 服务 hall-server-2 | 创建连接池 | 成功
[2022-08-14T12:34:33.701] [WARN] logger - mysql | 服务 hall-server-2 | 创建连接池 | 成功
[2022-08-14T14:14:23.788] [WARN] logger - mysql | 服务 hall-server-2 | 创建连接池 | 成功
[2022-08-14T14:50:40.899] [WARN] logger - mysql | 服务 hall-server-2 | 创建连接池 | 成功
[2022-08-14T19:23:36.944] [WARN] logger - mysql | 服务 hall-server-2 | 创建连接池 | 成功
[2022-08-15T17:43:23.832] [WARN] logger - mysql | 服务 hall-server-2 | 创建连接池 | 成功
[2022-08-15T17:45:05.432] [WARN] logger - mysql | 服务 hall-server-2 | 创建连接池 | 成功
[2022-08-25T22:22:32.714] [WARN] logger - mysql | 服务 hall-server-2 | 创建连接池 | 成功
[2022-08-25T22:24:55.378] [WARN] logger - mysql | 服务 hall-server-2 | 创建连接池 | 成功
[2022-08-25T22:25:59.850] [WARN] logger - mysql | 服务 hall-server-2 | 创建连接池 | 成功
[2022-08-25T22:35:44.858] [WARN] logger - mysql | 服务 hall-server-2 | 创建连接池 | 成功
[2022-08-25T22:37:14.657] [WARN] logger - mysql | 服务 hall-server-2 | 创建连接池 | 成功
[2022-08-25T22:38:36.668] [WARN] logger - mysql | 服务 hall-server-2 | 创建连接池 | 成功
[2022-08-31T10:39:59.521] [WARN] logger - mysql | 服务 hall-server-2 | 创建连接池 | 成功
[2022-08-31T10:42:28.425] [WARN] logger - mysql | 服务 hall-server-2 | 创建连接池 | 成功
[2022-08-31T10:49:36.595] [WARN] logger - mysql | 服务 hall-server-2 | 创建连接池 | 成功
[2022-08-31T13:02:35.832] [WARN] logger - mysql | 服务 hall-server-2 | 创建连接池 | 成功
[2022-08-31T13:45:37.986] [WARN] logger - mysql | 服务 hall-server-2 | 创建连接池 | 成功
[2022-08-31T14:12:37.277] [WARN] logger - mysql | 服务 hall-server-2 | 创建连接池 | 成功
[2022-09-01T00:00:30.452] [WARN] logger - mysql | 服务 hall-server-2 | 创建连接池 | 成功
[2022-09-01T00:04:21.635] [WARN] logger - mysql | 服务 hall-server-2 | 创建连接池 | 成功
[2022-09-01T00:15:19.929] [WARN] logger - mysql | 服务 hall-server-2 | 创建连接池 | 成功
[2022-09-01T11:59:19.648] [WARN] logger - mysql | 服务 hall-server-2 | 创建连接池 | 成功
[2022-09-01T12:01:40.520] [WARN] logger - mysql | 服务 hall-server-2 | 创建连接池 | 成功
[2022-09-01T12:03:19.522] [WARN] logger - mysql | 服务 hall-server-2 | 创建连接池 | 成功
[2022-09-02T23:25:35.556] [WARN] logger - mysql | 服务 hall-server-2 | 创建连接池 | 出错: Error: connect ECONNREFUSED 127.0.0.1:3306
    at TCPConnectWrap.afterConnect [as oncomplete] (node:net:1157:16)
    --------------------
    at Protocol._enqueue (D:\backService\node_modules\mysql\lib\protocol\Protocol.js:144:48)
    at Protocol.handshake (D:\backService\node_modules\mysql\lib\protocol\Protocol.js:51:23)
    at PoolConnection.connect (D:\backService\node_modules\mysql\lib\Connection.js:116:18)
    at Pool.getConnection (D:\backService\node_modules\mysql\lib\Pool.js:48:16)
    at D:\backService\src\driver\mysql\MysqlDriver.ts:1025:18
    at new Promise (<anonymous>)
    at MysqlDriver.createPool (D:\backService\src\driver\mysql\MysqlDriver.ts:1022:16)
    at MysqlDriver.<anonymous> (D:\backService\src\driver\mysql\MysqlDriver.ts:369:36)
    at step (D:\backService\node_modules\tslib\tslib.js:144:27)
    at Object.next (D:\backService\node_modules\tslib\tslib.js:125:57)
    at D:\backService\node_modules\tslib\tslib.js:118:75
    at new Promise (<anonymous>)
    at __awaiter (D:\backService\node_modules\tslib\tslib.js:114:16)
    at MysqlDriver.connect (D:\backService\node_modules\typeorm\driver\mysql\MysqlDriver.js:286:38)
    at Connection.<anonymous> (D:\backService\src\connection\Connection.ts:181:27)
    at step (D:\backService\node_modules\tslib\tslib.js:144:27)
[2022-09-02T23:26:17.820] [WARN] logger - mysql | 服务 hall-server-2 | 创建连接池 | 成功
[2022-09-02T23:31:41.781] [WARN] logger - mysql | 服务 hall-server-2 | 创建连接池 | 成功
[2022-09-08T16:30:05.971] [WARN] logger - mysql | 服务 hall-server-2 | 创建连接池 | 成功
[2022-09-08T16:39:26.593] [WARN] logger - mysql | 服务 hall-server-2 | 创建连接池 | 成功
[2022-09-08T16:47:50.653] [WARN] logger - mysql | 服务 hall-server-2 | 创建连接池 | 成功
[2022-09-08T17:46:51.933] [WARN] logger - mysql | 服务 hall-server-2 | 创建连接池 | 成功
[2022-09-08T17:54:58.614] [WARN] logger - mysql | 服务 hall-server-2 | 创建连接池 | 成功
[2022-09-08T17:57:45.283] [WARN] logger - mysql | 服务 hall-server-2 | 创建连接池 | 成功
[2022-09-08T18:02:12.309] [WARN] logger - mysql | 服务 hall-server-2 | 创建连接池 | 成功
[2022-09-08T18:46:27.971] [WARN] logger - mysql | 服务 hall-server-2 | 创建连接池 | 成功
[2022-09-08T18:58:16.374] [WARN] logger - mysql | 服务 hall-server-2 | 创建连接池 | 成功
[2022-09-09T11:22:04.284] [WARN] logger - mysql | 服务 hall-server-2 | 创建连接池 | 出错: Error: connect ECONNREFUSED 127.0.0.1:3306
    at TCPConnectWrap.afterConnect [as oncomplete] (node:net:1157:16)
    --------------------
    at Protocol._enqueue (D:\backService\node_modules\mysql\lib\protocol\Protocol.js:144:48)
    at Protocol.handshake (D:\backService\node_modules\mysql\lib\protocol\Protocol.js:51:23)
    at PoolConnection.connect (D:\backService\node_modules\mysql\lib\Connection.js:116:18)
    at Pool.getConnection (D:\backService\node_modules\mysql\lib\Pool.js:48:16)
    at D:\backService\src\driver\mysql\MysqlDriver.ts:1025:18
    at new Promise (<anonymous>)
    at MysqlDriver.createPool (D:\backService\src\driver\mysql\MysqlDriver.ts:1022:16)
    at MysqlDriver.<anonymous> (D:\backService\src\driver\mysql\MysqlDriver.ts:369:36)
    at step (D:\backService\node_modules\tslib\tslib.js:144:27)
    at Object.next (D:\backService\node_modules\tslib\tslib.js:125:57)
    at D:\backService\node_modules\tslib\tslib.js:118:75
    at new Promise (<anonymous>)
    at __awaiter (D:\backService\node_modules\tslib\tslib.js:114:16)
    at MysqlDriver.connect (D:\backService\node_modules\typeorm\driver\mysql\MysqlDriver.js:286:38)
    at Connection.<anonymous> (D:\backService\src\connection\Connection.ts:181:27)
    at step (D:\backService\node_modules\tslib\tslib.js:144:27)
[2022-09-09T11:22:33.300] [WARN] logger - mysql | 服务 hall-server-2 | 创建连接池 | 出错: Error: connect ECONNREFUSED 127.0.0.1:3306
    at TCPConnectWrap.afterConnect [as oncomplete] (node:net:1157:16)
    --------------------
    at Protocol._enqueue (D:\backService\node_modules\mysql\lib\protocol\Protocol.js:144:48)
    at Protocol.handshake (D:\backService\node_modules\mysql\lib\protocol\Protocol.js:51:23)
    at PoolConnection.connect (D:\backService\node_modules\mysql\lib\Connection.js:116:18)
    at Pool.getConnection (D:\backService\node_modules\mysql\lib\Pool.js:48:16)
    at D:\backService\src\driver\mysql\MysqlDriver.ts:1025:18
    at new Promise (<anonymous>)
    at MysqlDriver.createPool (D:\backService\src\driver\mysql\MysqlDriver.ts:1022:16)
    at MysqlDriver.<anonymous> (D:\backService\src\driver\mysql\MysqlDriver.ts:369:36)
    at step (D:\backService\node_modules\tslib\tslib.js:144:27)
    at Object.next (D:\backService\node_modules\tslib\tslib.js:125:57)
    at D:\backService\node_modules\tslib\tslib.js:118:75
    at new Promise (<anonymous>)
    at __awaiter (D:\backService\node_modules\tslib\tslib.js:114:16)
    at MysqlDriver.connect (D:\backService\node_modules\typeorm\driver\mysql\MysqlDriver.js:286:38)
    at Connection.<anonymous> (D:\backService\src\connection\Connection.ts:181:27)
    at step (D:\backService\node_modules\tslib\tslib.js:144:27)
[2022-09-09T11:23:05.399] [WARN] logger - mysql | 服务 hall-server-2 | 创建连接池 | 出错: Error: connect ECONNREFUSED 127.0.0.1:3306
    at TCPConnectWrap.afterConnect [as oncomplete] (node:net:1157:16)
    --------------------
    at Protocol._enqueue (D:\backService\node_modules\mysql\lib\protocol\Protocol.js:144:48)
    at Protocol.handshake (D:\backService\node_modules\mysql\lib\protocol\Protocol.js:51:23)
    at PoolConnection.connect (D:\backService\node_modules\mysql\lib\Connection.js:116:18)
    at Pool.getConnection (D:\backService\node_modules\mysql\lib\Pool.js:48:16)
    at D:\backService\src\driver\mysql\MysqlDriver.ts:1025:18
    at new Promise (<anonymous>)
    at MysqlDriver.createPool (D:\backService\src\driver\mysql\MysqlDriver.ts:1022:16)
    at MysqlDriver.<anonymous> (D:\backService\src\driver\mysql\MysqlDriver.ts:369:36)
    at step (D:\backService\node_modules\tslib\tslib.js:144:27)
    at Object.next (D:\backService\node_modules\tslib\tslib.js:125:57)
    at D:\backService\node_modules\tslib\tslib.js:118:75
    at new Promise (<anonymous>)
    at __awaiter (D:\backService\node_modules\tslib\tslib.js:114:16)
    at MysqlDriver.connect (D:\backService\node_modules\typeorm\driver\mysql\MysqlDriver.js:286:38)
    at Connection.<anonymous> (D:\backService\src\connection\Connection.ts:181:27)
    at step (D:\backService\node_modules\tslib\tslib.js:144:27)
[2022-10-15T11:40:43.055] [WARN] logger - mysql | 服务 hall-server-2 | 创建连接池 | 成功
[2022-10-15T11:46:45.662] [WARN] logger - mysql | 服务 hall-server-2 | 创建连接池 | 成功
[2022-10-15T11:49:37.043] [WARN] logger - mysql | 服务 hall-server-2 | 创建连接池 | 成功
[2022-10-15T11:56:30.581] [WARN] logger - mysql | 服务 hall-server-2 | 创建连接池 | 成功
[2022-10-15T12:33:08.672] [WARN] logger - mysql | 服务 hall-server-2 | 创建连接池 | 成功
[2022-12-05T12:06:36.423] [WARN] logger - mysql | 服务 hall-server-2 | 创建连接池 | 成功
[2022-12-23T15:01:47.659] [WARN] logger - mysql | 服务 hall-server-2 | 创建连接池 | 成功
[2022-12-23T15:21:24.592] [WARN] logger - mysql | 服务 hall-server-2 | 创建连接池 | 成功
[2022-12-23T15:27:18.068] [WARN] logger - mysql | 服务 hall-server-2 | 创建连接池 | 成功
[2022-12-23T15:35:48.904] [WARN] logger - mysql | 服务 hall-server-2 | 创建连接池 | 成功
[2022-12-23T16:02:52.382] [WARN] logger - mysql | 服务 hall-server-2 | 创建连接池 | 成功
[2022-12-23T16:03:57.190] [WARN] logger - mysql | 服务 hall-server-2 | 创建连接池 | 成功
[2022-12-23T16:05:46.287] [WARN] logger - mysql | 服务 hall-server-2 | 创建连接池 | 成功
[2022-12-23T16:19:36.163] [WARN] logger - mysql | 服务 hall-server-2 | 创建连接池 | 成功
[2022-12-24T12:10:41.146] [WARN] logger - mysql | 服务 hall-server-2 | 创建连接池 | 成功
[2022-12-24T12:56:53.985] [WARN] logger - mysql | 服务 hall-server-2 | 创建连接池 | 成功
[2022-12-24T13:01:12.458] [WARN] logger - mysql | 服务 hall-server-2 | 创建连接池 | 成功
[2023-01-11T11:21:05.837] [WARN] logger - mysql | 服务 hall-server-2 | 创建连接池 | 成功
[2023-01-13T15:26:47.731] [WARN] logger - mysql | 服务 hall-server-2 | 创建连接池 | 成功
[2023-01-13T15:29:01.028] [WARN] logger - mysql | 服务 hall-server-2 | 创建连接池 | 成功
[2023-01-13T15:34:30.596] [WARN] logger - mysql | 服务 hall-server-2 | 创建连接池 | 成功
[2023-01-18T11:07:12.906] [WARN] logger - mysql | 服务 hall-server-2 | 创建连接池 | 成功
[2023-01-18T11:12:24.121] [WARN] logger - mysql | 服务 hall-server-2 | 创建连接池 | 成功
[2023-01-28T11:56:02.609] [WARN] logger - mysql | 服务 hall-server-2 | 创建连接池 | 成功
[2023-01-28T12:00:37.951] [WARN] logger - mysql | 服务 hall-server-2 | 创建连接池 | 成功
[2023-01-28T12:02:29.969] [WARN] logger - mysql | 服务 hall-server-2 | 创建连接池 | 成功
[2023-01-28T12:06:47.828] [WARN] logger - mysql | 服务 hall-server-2 | 创建连接池 | 成功
[2023-01-29T12:12:38.861] [WARN] logger - mysql | 服务 hall-server-2 | 创建连接池 | 成功
[2023-01-29T15:21:51.163] [WARN] logger - mysql | 服务 hall-server-2 | 创建连接池 | 成功
[2023-01-29T16:06:03.143] [WARN] logger - mysql | 服务 hall-server-2 | 创建连接池 | 成功
[2023-01-29T16:08:53.076] [WARN] logger - mysql | 服务 hall-server-2 | 创建连接池 | 成功
[2023-01-29T17:00:36.614] [WARN] logger - mysql | 服务 hall-server-2 | 创建连接池 | 成功
[2023-01-30T15:35:50.877] [WARN] logger - mysql | 服务 hall-server-2 | 创建连接池 | 成功
[2023-01-30T16:29:31.911] [WARN] logger - mysql | 服务 hall-server-2 | 创建连接池 | 成功
[2023-01-30T16:36:38.433] [WARN] logger - mysql | 服务 hall-server-2 | 创建连接池 | 成功
[2023-01-30T17:02:02.805] [WARN] logger - mysql | 服务 hall-server-2 | 创建连接池 | 成功
[2023-01-30T18:04:37.700] [WARN] logger - mysql | 服务 hall-server-2 | 创建连接池 | 成功
[2023-01-30T18:31:49.284] [WARN] logger - mysql | 服务 hall-server-2 | 创建连接池 | 成功
[2023-01-31T10:23:43.339] [WARN] logger - mysql | 服务 hall-server-2 | 创建连接池 | 成功
[2023-01-31T13:19:32.780] [WARN] logger - mysql | 服务 hall-server-2 | 创建连接池 | 成功
[2023-01-31T13:25:42.017] [WARN] logger - mysql | 服务 hall-server-2 | 创建连接池 | 成功
[2023-01-31T13:40:37.772] [WARN] logger - mysql | 服务 hall-server-2 | 创建连接池 | 成功
[2023-02-06T13:47:58.165] [WARN] logger - mysql | 服务 hall-server-2 | 创建连接池 | 成功
[2023-02-06T13:48:35.845] [WARN] logger - mysql | 服务 hall-server-2 | 创建连接池 | 成功
[2023-02-06T13:58:19.466] [WARN] logger - mysql | 服务 hall-server-2 | 创建连接池 | 成功
[2023-02-06T14:07:21.433] [WARN] logger - mysql | 服务 hall-server-2 | 创建连接池 | 成功
[2023-02-06T14:32:25.738] [WARN] logger - mysql | 服务 hall-server-2 | 创建连接池 | 成功
[2023-02-06T14:35:31.940] [WARN] logger - mysql | 服务 hall-server-2 | 创建连接池 | 成功
[2023-02-10T13:13:33.712] [WARN] logger - mysql | 服务 hall-server-2 | 创建连接池 | 成功
[2023-02-10T13:39:42.581] [WARN] logger - mysql | 服务 hall-server-2 | 创建连接池 | 成功
[2023-02-10T13:49:40.402] [WARN] logger - mysql | 服务 hall-server-2 | 创建连接池 | 成功
[2023-02-10T13:53:12.010] [WARN] logger - mysql | 服务 hall-server-2 | 创建连接池 | 成功
[2023-02-10T14:03:02.477] [WARN] logger - mysql | 服务 hall-server-2 | 创建连接池 | 成功
[2023-02-10T14:05:18.331] [WARN] logger - mysql | 服务 hall-server-2 | 创建连接池 | 成功
[2023-02-10T14:11:06.362] [WARN] logger - mysql | 服务 hall-server-2 | 创建连接池 | 成功
[2023-02-10T14:16:23.872] [WARN] logger - mysql | 服务 hall-server-2 | 创建连接池 | 成功
[2023-02-10T14:35:32.266] [WARN] logger - mysql | 服务 hall-server-2 | 创建连接池 | 成功
[2023-02-10T14:36:14.892] [WARN] logger - mysql | 服务 hall-server-2 | 创建连接池 | 成功
[2023-02-10T14:38:33.764] [WARN] logger - mysql | 服务 hall-server-2 | 创建连接池 | 成功
[2023-02-11T18:35:07.757] [WARN] logger - mysql | 服务 hall-server-2 | 创建连接池 | 成功
[2023-02-11T19:00:18.833] [WARN] logger - mysql | 服务 hall-server-2 | 创建连接池 | 成功
[2023-02-11T19:03:52.051] [WARN] logger - mysql | 服务 hall-server-2 | 创建连接池 | 成功
[2023-02-11T19:06:04.694] [WARN] logger - mysql | 服务 hall-server-2 | 创建连接池 | 成功
[2023-02-11T19:15:26.815] [WARN] logger - mysql | 服务 hall-server-2 | 创建连接池 | 成功
[2023-03-08T15:26:54.099] [WARN] logger - mysql | 服务 hall-server-2 | 创建连接池 | 成功
[2023-03-08T15:28:10.840] [WARN] logger - mysql | 服务 hall-server-2 | 创建连接池 | 成功
[2023-03-20T23:09:48.306] [WARN] logger - mysql | 服务 hall-server-2 | 创建连接池 | 成功
[2023-03-22T12:30:00.630] [WARN] logger - mysql | 服务 hall-server-2 | 创建连接池 | 成功
[2023-03-22T12:32:12.636] [WARN] logger - mysql | 服务 hall-server-2 | 创建连接池 | 成功
[2023-03-22T13:26:40.704] [WARN] logger - mysql | 服务 hall-server-2 | 创建连接池 | 成功
[2023-03-23T13:31:25.919] [WARN] logger - mysql | 服务 hall-server-2 | 创建连接池 | 成功
[2023-03-23T15:36:12.252] [WARN] logger - mysql | 服务 hall-server-2 | 创建连接池 | 成功
[2023-03-23T15:39:01.780] [WARN] logger - mysql | 服务 hall-server-2 | 创建连接池 | 成功
[2023-03-23T17:22:46.931] [WARN] logger - mysql | 服务 hall-server-2 | 创建连接池 | 成功
[2023-03-23T17:28:24.146] [WARN] logger - mysql | 服务 hall-server-2 | 创建连接池 | 成功
[2023-03-23T17:30:20.034] [WARN] logger - mysql | 服务 hall-server-2 | 创建连接池 | 成功
[2023-03-24T11:23:53.412] [WARN] logger - mysql | 服务 hall-server-2 | 创建连接池 | 成功
[2023-03-27T01:51:51.763] [WARN] logger - mysql | 服务 hall-server-2 | 创建连接池 | 成功
[2023-03-27T02:08:03.441] [WARN] logger - mysql | 服务 hall-server-2 | 创建连接池 | 成功
[2023-03-27T02:25:19.201] [WARN] logger - mysql | 服务 hall-server-2 | 创建连接池 | 成功
[2023-03-27T02:27:02.882] [WARN] logger - mysql | 服务 hall-server-2 | 创建连接池 | 成功
[2023-03-27T15:17:28.552] [WARN] logger - mysql | 服务 hall-server-2 | 创建连接池 | 成功
[2023-03-27T15:24:44.512] [WARN] logger - mysql | 服务 hall-server-2 | 创建连接池 | 成功
[2023-03-27T15:30:30.577] [WARN] logger - mysql | 服务 hall-server-2 | 创建连接池 | 成功
[2023-03-27T15:35:35.268] [WARN] logger - mysql | 服务 hall-server-2 | 创建连接池 | 成功
[2023-03-27T15:48:31.022] [WARN] logger - mysql | 服务 hall-server-2 | 创建连接池 | 成功
[2023-03-27T17:18:06.988] [WARN] logger - mysql | 服务 hall-server-2 | 创建连接池 | 成功
[2023-03-27T17:55:55.974] [WARN] logger - mysql | 服务 hall-server-2 | 创建连接池 | 成功
[2023-03-28T13:40:39.790] [WARN] logger - mysql | 服务 hall-server-2 | 创建连接池 | 成功
[2023-03-28T13:43:57.056] [WARN] logger - mysql | 服务 hall-server-2 | 创建连接池 | 成功
[2023-03-28T17:14:46.840] [WARN] logger - mysql | 服务 hall-server-2 | 创建连接池 | 成功
[2023-03-28T17:18:11.146] [WARN] logger - mysql | 服务 hall-server-2 | 创建连接池 | 成功
[2023-04-09T12:09:56.269] [WARN] logger - mysql | 服务 hall-server-2 | 创建连接池 | 成功
[2023-04-09T12:25:45.851] [WARN] logger - mysql | 服务 hall-server-2 | 创建连接池 | 成功
[2023-04-11T17:21:49.253] [WARN] logger - mysql | 服务 hall-server-2 | 创建连接池 | 成功
[2023-04-11T17:29:43.489] [WARN] logger - mysql | 服务 hall-server-2 | 创建连接池 | 成功
[2023-04-11T17:31:54.227] [WARN] logger - mysql | 服务 hall-server-2 | 创建连接池 | 成功
[2023-04-11T17:37:45.951] [WARN] logger - mysql | 服务 hall-server-2 | 创建连接池 | 成功
[2023-04-11T17:49:07.902] [WARN] logger - mysql | 服务 hall-server-2 | 创建连接池 | 成功
[2023-04-11T17:50:40.341] [WARN] logger - mysql | 服务 hall-server-2 | 创建连接池 | 成功
[2023-04-11T17:55:19.006] [WARN] logger - mysql | 服务 hall-server-2 | 创建连接池 | 成功
[2023-04-13T14:55:04.595] [WARN] logger - mysql | 服务 hall-server-2 | 创建连接池 | 成功
[2023-04-13T14:59:24.326] [WARN] logger - mysql | 服务 hall-server-2 | 创建连接池 | 成功
[2023-04-13T15:02:27.709] [WARN] logger - mysql | 服务 hall-server-2 | 创建连接池 | 成功
[2023-05-02T14:17:43.969] [WARN] logger - mysql | 服务 hall-server-2 | 创建连接池 | 成功
[2023-05-02T14:23:18.198] [WARN] logger - mysql | 服务 hall-server-2 | 创建连接池 | 成功
[2023-05-02T14:24:53.583] [WARN] logger - mysql | 服务 hall-server-2 | 创建连接池 | 成功
[2023-05-02T15:13:11.142] [WARN] logger - mysql | 服务 hall-server-2 | 创建连接池 | 成功
[2023-05-02T15:44:34.497] [ERROR] pinus-admin - mqtt socket is error, remote server host: 127.0.0.1, port: 3005Error: 
    at Logger.pLogger.<computed> [as error] (D:\backService\node_modules\pinus-logger\lib\logger.ts:76:34)
    at Connection.<anonymous> (D:\backService\node_modules\pinus-admin\lib\protocol\mqtt\mqttClient.ts:113:20)
    at Connection.emit (node:events:526:28)
    at Socket.emit (node:events:526:28)
    at emitErrorNT (node:internal/streams/destroy:157:8)
    at emitErrorCloseNT (node:internal/streams/destroy:122:3)
    at processTicksAndRejections (node:internal/process/task_queues:83:21)
[2023-05-02T15:45:38.026] [WARN] logger - mysql | 服务 hall-server-2 | 创建连接池 | 成功
[2023-05-02T15:50:29.625] [WARN] logger - mysql | 服务 hall-server-2 | 创建连接池 | 成功
[2023-05-02T15:52:53.563] [WARN] logger - mysql | 服务 hall-server-2 | 创建连接池 | 成功
[2023-05-02T15:56:24.688] [WARN] logger - mysql | 服务 hall-server-2 | 创建连接池 | 成功
[2023-05-25T11:52:52.410] [WARN] logger - mysql | 服务 hall-server-2 | 创建连接池 | 成功
[2023-05-25T12:23:37.813] [WARN] logger - mysql | 服务 hall-server-2 | 创建连接池 | 成功
[2023-05-25T12:33:08.966] [WARN] logger - mysql | 服务 hall-server-2 | 创建连接池 | 成功
[2023-05-25T12:38:05.892] [WARN] logger - mysql | 服务 hall-server-2 | 创建连接池 | 成功
[2023-05-29T11:44:09.446] [WARN] logger - mysql | 服务 hall-server-2 | 创建连接池 | 成功
[2023-05-30T11:38:34.799] [WARN] logger - mysql | 服务 hall-server-2 | 创建连接池 | 成功
