[2022-08-02T10:38:04.774] [WARN] logger - mysql | 服务 hall-server-1 | 创建连接池 | 成功
[2022-08-02T10:40:02.751] [WARN] logger - mysql | 服务 hall-server-1 | 创建连接池 | 成功
[2022-08-02T10:56:11.472] [WARN] logger - result.... {
  success: false,
  message: 'Unsupported country code or Unsupported country code or destinations invalid!',
  code: -104,
  extendId: '',
  timestamp: 1659408973680
}
[2022-08-02T11:00:40.721] [WARN] logger - mysql | 服务 hall-server-1 | 创建连接池 | 成功
[2022-08-02T11:01:18.831] [WARN] logger - result.... {
  success: true,
  message: '成功',
  code: 200,
  extendId: '',
  result: {
    to: '005551981243881',
    smsId: '216fab42657347b3967882eec00cfc42',
    sendResult: 'SUCCESS'
  },
  timestamp: 1659409280771
}
[2022-08-02T11:03:24.340] [WARN] logger - ......... 363607 5551981243881 123456 31570876  windows 
[2022-08-02T11:12:35.121] [WARN] logger - result.... {
  success: true,
  message: '成功',
  code: 200,
  extendId: '',
  result: {
    to: '005551981243881',
    smsId: '36c93415ed6f4b1c9963a700e14c0e45',
    sendResult: 'SUCCESS'
  },
  timestamp: 1659409957092
}
[2022-08-04T17:46:38.496] [WARN] logger - mysql | 服务 hall-server-1 | 创建连接池 | 成功
[2022-08-04T17:47:27.494] [WARN] logger - mysql | 服务 hall-server-1 | 创建连接池 | 成功
[2022-08-06T17:04:25.466] [WARN] logger - mysql | 服务 hall-server-1 | 创建连接池 | 成功
[2022-08-06T17:11:53.321] [WARN] logger - mysql | 服务 hall-server-1 | 创建连接池 | 成功
[2022-08-06T17:20:48.700] [WARN] logger - mysql | 服务 hall-server-1 | 创建连接池 | 成功
[2022-08-08T14:38:44.176] [WARN] logger - mysql | 服务 hall-server-1 | 创建连接池 | 成功
[2022-08-08T15:35:31.830] [WARN] logger - mysql | 服务 hall-server-1 | 创建连接池 | 成功
[2022-08-08T16:21:30.664] [WARN] logger - mysql | 服务 hall-server-1 | 创建连接池 | 成功
[2022-08-08T16:32:32.645] [WARN] logger - mysql | 服务 hall-server-1 | 创建连接池 | 成功
[2022-08-09T11:32:07.902] [WARN] logger - mysql | 服务 hall-server-1 | 创建连接池 | 成功
[2022-08-09T11:51:21.639] [WARN] logger - mysql | 服务 hall-server-1 | 创建连接池 | 成功
[2022-08-09T11:52:13.537] [WARN] logger - mysql | 服务 hall-server-1 | 创建连接池 | 成功
[2022-08-09T12:45:41.831] [WARN] logger - mysql | 服务 hall-server-1 | 创建连接池 | 成功
[2022-08-09T13:08:42.499] [WARN] logger - mysql | 服务 hall-server-1 | 创建连接池 | 成功
[2022-08-09T13:10:29.965] [WARN] logger - mysql | 服务 hall-server-1 | 创建连接池 | 成功
[2022-08-09T13:22:00.602] [WARN] logger - mysql | 服务 hall-server-1 | 创建连接池 | 成功
[2022-08-09T13:56:17.090] [WARN] logger - mysql | 服务 hall-server-1 | 创建连接池 | 成功
[2022-08-09T16:16:01.755] [WARN] logger - mysql | 服务 hall-server-1 | 创建连接池 | 成功
[2022-08-10T13:45:32.259] [WARN] logger - mysql | 服务 hall-server-1 | 创建连接池 | 成功
[2022-08-10T13:52:06.164] [WARN] logger - mysql | 服务 hall-server-1 | 创建连接池 | 成功
[2022-08-10T13:56:05.835] [WARN] logger - mysql | 服务 hall-server-1 | 创建连接池 | 成功
[2022-08-10T14:00:14.162] [WARN] logger - mysql | 服务 hall-server-1 | 创建连接池 | 成功
[2022-08-10T14:05:28.837] [WARN] logger - mysql | 服务 hall-server-1 | 创建连接池 | 成功
[2022-08-10T14:12:17.880] [WARN] logger - mysql | 服务 hall-server-1 | 创建连接池 | 成功
[2022-08-10T14:16:14.310] [WARN] logger - mysql | 服务 hall-server-1 | 创建连接池 | 成功
[2022-08-10T14:23:52.501] [WARN] logger - mysql | 服务 hall-server-1 | 创建连接池 | 成功
[2022-08-12T15:15:33.109] [WARN] logger - mysql | 服务 hall-server-1 | 创建连接池 | 成功
[2022-08-12T15:48:52.833] [WARN] logger - mysql | 服务 hall-server-1 | 创建连接池 | 成功
[2022-08-12T16:40:02.337] [WARN] logger - mysql | 服务 hall-server-1 | 创建连接池 | 成功
[2022-08-13T12:44:48.679] [WARN] logger - mysql | 服务 hall-server-1 | 创建连接池 | 成功
[2022-08-13T12:50:43.774] [WARN] pinus - could not find the method cellPhoneGuest in handler: userHandler
[2022-08-13T12:50:43.781] [ERROR] pinus - [handleManager]: fail to find handler for "hall.userHandler.cellPhoneGuest"Error: 
    at Logger.pLogger.<computed> [as error] (D:\backService\node_modules\pinus-logger\lib\logger.ts:76:34)
    at HandlerService.handle (D:\backService\node_modules\pinus\lib\common\service\handlerService.ts:76:20)
    at handle (D:\backService\node_modules\pinus\lib\server\server.ts:471:29)
    at next (D:\backService\node_modules\pinus\lib\common\service\filterService.ts:67:17)
    at FilterService.beforeFilter (D:\backService\node_modules\pinus\lib\common\service\filterService.ts:82:9)
    at beforeFilter (D:\backService\node_modules\pinus\lib\server\server.ts:340:12)
    at doHandle (D:\backService\node_modules\pinus\lib\server\server.ts:484:5)
    at Server.handle (D:\backService\node_modules\pinus\lib\server\server.ts:169:9)
    at ServerComponent.handle (D:\backService\node_modules\pinus\lib\components\server.ts:62:21)
    at D:\backService\node_modules\pinus\lib\common\remote\backend\msgRemote.ts:55:20
    at new Promise (<anonymous>)
    at MsgRemote.forwardMessage (D:\backService\node_modules\pinus\lib\common\remote\backend\msgRemote.ts:32:16)
    at Dispatcher.route (D:\backService\node_modules\pinus-rpc\lib\rpc-server\dispatcher.ts:67:30)
    at MQTTAcceptor.cb (D:\backService\node_modules\pinus-rpc\lib\rpc-server\gateway.ts:48:24)
    at MQTTAcceptor.processMsg (D:\backService\node_modules\pinus-rpc\lib\rpc-server\acceptors\mqtt-acceptor.ts:162:14)
    at Connection.<anonymous> (D:\backService\node_modules\pinus-rpc\lib\rpc-server\acceptors\mqtt-acceptor.ts:86:30)
[2022-08-13T12:50:43.792] [ERROR] pinus - hall-server-1 no default error handler msg[{"authCode":"1111","cellPhone":"9732249717","passWord":"123456","rom_type":"windows","channelCode":"","shareUid":""}] to resolve unknown exception: sessionId:{"id":6,"frontendId":"gate-server-1","uid":null,"settings":{}} , error stack: Error: fail to find handler for hall.userHandler.cellPhoneGuest
    at HandlerService.handle (D:\backService\node_modules\pinus\lib\common\service\handlerService.ts:77:38)
    at handle (D:\backService\node_modules\pinus\lib\server\server.ts:471:29)
    at next (D:\backService\node_modules\pinus\lib\common\service\filterService.ts:67:17)
    at FilterService.beforeFilter (D:\backService\node_modules\pinus\lib\common\service\filterService.ts:82:9)
    at beforeFilter (D:\backService\node_modules\pinus\lib\server\server.ts:340:12)
    at doHandle (D:\backService\node_modules\pinus\lib\server\server.ts:484:5)
    at Server.handle (D:\backService\node_modules\pinus\lib\server\server.ts:169:9)
    at ServerComponent.handle (D:\backService\node_modules\pinus\lib\components\server.ts:62:21)
    at D:\backService\node_modules\pinus\lib\common\remote\backend\msgRemote.ts:55:20
    at new Promise (<anonymous>)
    at MsgRemote.forwardMessage (D:\backService\node_modules\pinus\lib\common\remote\backend\msgRemote.ts:32:16)
    at Dispatcher.route (D:\backService\node_modules\pinus-rpc\lib\rpc-server\dispatcher.ts:67:30)
    at MQTTAcceptor.cb (D:\backService\node_modules\pinus-rpc\lib\rpc-server\gateway.ts:48:24)
    at MQTTAcceptor.processMsg (D:\backService\node_modules\pinus-rpc\lib\rpc-server\acceptors\mqtt-acceptor.ts:162:14)
    at Connection.<anonymous> (D:\backService\node_modules\pinus-rpc\lib\rpc-server\acceptors\mqtt-acceptor.ts:86:30)
    at Connection.emit (node:events:526:28)Error: 
    at Logger.pLogger.<computed> [as error] (D:\backService\node_modules\pinus-logger\lib\logger.ts:76:34)
    at handleError (D:\backService\node_modules\pinus\lib\server\server.ts:380:16)
    at D:\backService\node_modules\pinus\lib\server\server.ts:474:17
    at Object.invokeCallback (D:\backService\node_modules\pinus\lib\util\utils.ts:25:20)
    at HandlerService.handle (D:\backService\node_modules\pinus\lib\common\service\handlerService.ts:77:19)
    at handle (D:\backService\node_modules\pinus\lib\server\server.ts:471:29)
    at next (D:\backService\node_modules\pinus\lib\common\service\filterService.ts:67:17)
    at FilterService.beforeFilter (D:\backService\node_modules\pinus\lib\common\service\filterService.ts:82:9)
    at beforeFilter (D:\backService\node_modules\pinus\lib\server\server.ts:340:12)
    at doHandle (D:\backService\node_modules\pinus\lib\server\server.ts:484:5)
    at Server.handle (D:\backService\node_modules\pinus\lib\server\server.ts:169:9)
    at ServerComponent.handle (D:\backService\node_modules\pinus\lib\components\server.ts:62:21)
    at D:\backService\node_modules\pinus\lib\common\remote\backend\msgRemote.ts:55:20
    at new Promise (<anonymous>)
    at MsgRemote.forwardMessage (D:\backService\node_modules\pinus\lib\common\remote\backend\msgRemote.ts:32:16)
    at Dispatcher.route (D:\backService\node_modules\pinus-rpc\lib\rpc-server\dispatcher.ts:67:30)
[2022-08-13T12:51:14.678] [WARN] pinus - could not find the method cellPhoneGuest in handler: userHandler
[2022-08-13T12:51:14.681] [ERROR] pinus - [handleManager]: fail to find handler for "hall.userHandler.cellPhoneGuest"Error: 
    at Logger.pLogger.<computed> [as error] (D:\backService\node_modules\pinus-logger\lib\logger.ts:76:34)
    at HandlerService.handle (D:\backService\node_modules\pinus\lib\common\service\handlerService.ts:76:20)
    at handle (D:\backService\node_modules\pinus\lib\server\server.ts:471:29)
    at next (D:\backService\node_modules\pinus\lib\common\service\filterService.ts:67:17)
    at FilterService.beforeFilter (D:\backService\node_modules\pinus\lib\common\service\filterService.ts:82:9)
    at beforeFilter (D:\backService\node_modules\pinus\lib\server\server.ts:340:12)
    at doHandle (D:\backService\node_modules\pinus\lib\server\server.ts:484:5)
    at Server.handle (D:\backService\node_modules\pinus\lib\server\server.ts:169:9)
    at ServerComponent.handle (D:\backService\node_modules\pinus\lib\components\server.ts:62:21)
    at D:\backService\node_modules\pinus\lib\common\remote\backend\msgRemote.ts:55:20
    at new Promise (<anonymous>)
    at MsgRemote.forwardMessage (D:\backService\node_modules\pinus\lib\common\remote\backend\msgRemote.ts:32:16)
    at Dispatcher.route (D:\backService\node_modules\pinus-rpc\lib\rpc-server\dispatcher.ts:67:30)
    at MQTTAcceptor.cb (D:\backService\node_modules\pinus-rpc\lib\rpc-server\gateway.ts:48:24)
    at MQTTAcceptor.processMsg (D:\backService\node_modules\pinus-rpc\lib\rpc-server\acceptors\mqtt-acceptor.ts:162:14)
    at Connection.<anonymous> (D:\backService\node_modules\pinus-rpc\lib\rpc-server\acceptors\mqtt-acceptor.ts:86:30)
[2022-08-13T12:51:14.685] [ERROR] pinus - hall-server-1 no default error handler msg[{"authCode":"1111","cellPhone":"9732249717","passWord":"123456","rom_type":"windows","channelCode":"","shareUid":""}] to resolve unknown exception: sessionId:{"id":6,"frontendId":"gate-server-1","uid":null,"settings":{}} , error stack: Error: fail to find handler for hall.userHandler.cellPhoneGuest
    at HandlerService.handle (D:\backService\node_modules\pinus\lib\common\service\handlerService.ts:77:38)
    at handle (D:\backService\node_modules\pinus\lib\server\server.ts:471:29)
    at next (D:\backService\node_modules\pinus\lib\common\service\filterService.ts:67:17)
    at FilterService.beforeFilter (D:\backService\node_modules\pinus\lib\common\service\filterService.ts:82:9)
    at beforeFilter (D:\backService\node_modules\pinus\lib\server\server.ts:340:12)
    at doHandle (D:\backService\node_modules\pinus\lib\server\server.ts:484:5)
    at Server.handle (D:\backService\node_modules\pinus\lib\server\server.ts:169:9)
    at ServerComponent.handle (D:\backService\node_modules\pinus\lib\components\server.ts:62:21)
    at D:\backService\node_modules\pinus\lib\common\remote\backend\msgRemote.ts:55:20
    at new Promise (<anonymous>)
    at MsgRemote.forwardMessage (D:\backService\node_modules\pinus\lib\common\remote\backend\msgRemote.ts:32:16)
    at Dispatcher.route (D:\backService\node_modules\pinus-rpc\lib\rpc-server\dispatcher.ts:67:30)
    at MQTTAcceptor.cb (D:\backService\node_modules\pinus-rpc\lib\rpc-server\gateway.ts:48:24)
    at MQTTAcceptor.processMsg (D:\backService\node_modules\pinus-rpc\lib\rpc-server\acceptors\mqtt-acceptor.ts:162:14)
    at Connection.<anonymous> (D:\backService\node_modules\pinus-rpc\lib\rpc-server\acceptors\mqtt-acceptor.ts:86:30)
    at Connection.emit (node:events:526:28)Error: 
    at Logger.pLogger.<computed> [as error] (D:\backService\node_modules\pinus-logger\lib\logger.ts:76:34)
    at handleError (D:\backService\node_modules\pinus\lib\server\server.ts:380:16)
    at D:\backService\node_modules\pinus\lib\server\server.ts:474:17
    at Object.invokeCallback (D:\backService\node_modules\pinus\lib\util\utils.ts:25:20)
    at HandlerService.handle (D:\backService\node_modules\pinus\lib\common\service\handlerService.ts:77:19)
    at handle (D:\backService\node_modules\pinus\lib\server\server.ts:471:29)
    at next (D:\backService\node_modules\pinus\lib\common\service\filterService.ts:67:17)
    at FilterService.beforeFilter (D:\backService\node_modules\pinus\lib\common\service\filterService.ts:82:9)
    at beforeFilter (D:\backService\node_modules\pinus\lib\server\server.ts:340:12)
    at doHandle (D:\backService\node_modules\pinus\lib\server\server.ts:484:5)
    at Server.handle (D:\backService\node_modules\pinus\lib\server\server.ts:169:9)
    at ServerComponent.handle (D:\backService\node_modules\pinus\lib\components\server.ts:62:21)
    at D:\backService\node_modules\pinus\lib\common\remote\backend\msgRemote.ts:55:20
    at new Promise (<anonymous>)
    at MsgRemote.forwardMessage (D:\backService\node_modules\pinus\lib\common\remote\backend\msgRemote.ts:32:16)
    at Dispatcher.route (D:\backService\node_modules\pinus-rpc\lib\rpc-server\dispatcher.ts:67:30)
[2022-08-13T15:19:38.198] [WARN] logger - mysql | 服务 hall-server-1 | 创建连接池 | 成功
[2022-08-13T15:28:07.675] [WARN] logger - mysql | 服务 hall-server-1 | 创建连接池 | 成功
[2022-08-13T15:43:05.955] [WARN] logger - mysql | 服务 hall-server-1 | 创建连接池 | 成功
[2022-08-14T12:30:55.886] [WARN] logger - mysql | 服务 hall-server-1 | 创建连接池 | 成功
[2022-08-14T12:34:35.498] [WARN] logger - mysql | 服务 hall-server-1 | 创建连接池 | 成功
[2022-08-14T14:14:22.249] [WARN] logger - mysql | 服务 hall-server-1 | 创建连接池 | 成功
[2022-08-14T14:50:38.767] [WARN] logger - mysql | 服务 hall-server-1 | 创建连接池 | 成功
[2022-08-14T19:23:37.186] [WARN] logger - mysql | 服务 hall-server-1 | 创建连接池 | 成功
[2022-08-15T17:43:23.904] [WARN] logger - mysql | 服务 hall-server-1 | 创建连接池 | 成功
[2022-08-15T17:45:06.576] [WARN] logger - mysql | 服务 hall-server-1 | 创建连接池 | 成功
[2022-08-25T22:22:33.050] [WARN] logger - mysql | 服务 hall-server-1 | 创建连接池 | 成功
[2022-08-25T22:24:57.247] [WARN] logger - mysql | 服务 hall-server-1 | 创建连接池 | 成功
[2022-08-25T22:26:00.800] [WARN] logger - mysql | 服务 hall-server-1 | 创建连接池 | 成功
[2022-08-25T22:35:44.682] [WARN] logger - mysql | 服务 hall-server-1 | 创建连接池 | 成功
[2022-08-25T22:37:14.891] [WARN] logger - mysql | 服务 hall-server-1 | 创建连接池 | 成功
[2022-08-25T22:38:36.086] [WARN] logger - mysql | 服务 hall-server-1 | 创建连接池 | 成功
[2022-08-31T10:39:59.715] [WARN] logger - mysql | 服务 hall-server-1 | 创建连接池 | 成功
[2022-08-31T10:42:30.779] [WARN] logger - mysql | 服务 hall-server-1 | 创建连接池 | 成功
[2022-08-31T10:49:39.030] [WARN] logger - mysql | 服务 hall-server-1 | 创建连接池 | 成功
[2022-08-31T13:02:35.713] [WARN] logger - mysql | 服务 hall-server-1 | 创建连接池 | 成功
[2022-08-31T13:45:37.823] [WARN] logger - mysql | 服务 hall-server-1 | 创建连接池 | 成功
[2022-08-31T14:12:35.542] [WARN] logger - mysql | 服务 hall-server-1 | 创建连接池 | 成功
[2022-09-01T00:00:30.456] [WARN] logger - mysql | 服务 hall-server-1 | 创建连接池 | 成功
[2022-09-01T00:04:21.282] [WARN] logger - mysql | 服务 hall-server-1 | 创建连接池 | 成功
[2022-09-01T00:15:20.057] [WARN] logger - mysql | 服务 hall-server-1 | 创建连接池 | 成功
[2022-09-01T11:59:20.194] [WARN] logger - mysql | 服务 hall-server-1 | 创建连接池 | 成功
[2022-09-01T12:01:37.997] [WARN] logger - mysql | 服务 hall-server-1 | 创建连接池 | 成功
[2022-09-01T12:03:17.427] [WARN] logger - mysql | 服务 hall-server-1 | 创建连接池 | 成功
[2022-09-02T23:25:35.549] [WARN] logger - mysql | 服务 hall-server-1 | 创建连接池 | 出错: Error: connect ECONNREFUSED 127.0.0.1:3306
    at TCPConnectWrap.afterConnect [as oncomplete] (node:net:1157:16)
    --------------------
    at Protocol._enqueue (D:\backService\node_modules\mysql\lib\protocol\Protocol.js:144:48)
    at Protocol.handshake (D:\backService\node_modules\mysql\lib\protocol\Protocol.js:51:23)
    at PoolConnection.connect (D:\backService\node_modules\mysql\lib\Connection.js:116:18)
    at Pool.getConnection (D:\backService\node_modules\mysql\lib\Pool.js:48:16)
    at D:\backService\src\driver\mysql\MysqlDriver.ts:1025:18
    at new Promise (<anonymous>)
    at MysqlDriver.createPool (D:\backService\src\driver\mysql\MysqlDriver.ts:1022:16)
    at MysqlDriver.<anonymous> (D:\backService\src\driver\mysql\MysqlDriver.ts:369:36)
    at step (D:\backService\node_modules\tslib\tslib.js:144:27)
    at Object.next (D:\backService\node_modules\tslib\tslib.js:125:57)
    at D:\backService\node_modules\tslib\tslib.js:118:75
    at new Promise (<anonymous>)
    at __awaiter (D:\backService\node_modules\tslib\tslib.js:114:16)
    at MysqlDriver.connect (D:\backService\node_modules\typeorm\driver\mysql\MysqlDriver.js:286:38)
    at Connection.<anonymous> (D:\backService\src\connection\Connection.ts:181:27)
    at step (D:\backService\node_modules\tslib\tslib.js:144:27)
[2022-09-02T23:26:17.799] [WARN] logger - mysql | 服务 hall-server-1 | 创建连接池 | 成功
[2022-09-02T23:31:40.365] [WARN] logger - mysql | 服务 hall-server-1 | 创建连接池 | 成功
[2022-09-08T16:30:06.095] [WARN] logger - mysql | 服务 hall-server-1 | 创建连接池 | 成功
[2022-09-08T16:39:26.270] [WARN] logger - mysql | 服务 hall-server-1 | 创建连接池 | 成功
[2022-09-08T16:47:50.485] [WARN] logger - mysql | 服务 hall-server-1 | 创建连接池 | 成功
[2022-09-08T17:46:52.196] [WARN] logger - mysql | 服务 hall-server-1 | 创建连接池 | 成功
[2022-09-08T17:54:58.885] [WARN] logger - mysql | 服务 hall-server-1 | 创建连接池 | 成功
[2022-09-08T17:57:44.709] [WARN] logger - mysql | 服务 hall-server-1 | 创建连接池 | 成功
[2022-09-08T18:02:15.144] [WARN] logger - mysql | 服务 hall-server-1 | 创建连接池 | 成功
[2022-09-08T18:46:27.537] [WARN] logger - mysql | 服务 hall-server-1 | 创建连接池 | 成功
[2022-09-08T18:58:15.831] [WARN] logger - mysql | 服务 hall-server-1 | 创建连接池 | 成功
[2022-09-09T11:22:04.293] [WARN] logger - mysql | 服务 hall-server-1 | 创建连接池 | 出错: Error: connect ECONNREFUSED 127.0.0.1:3306
    at TCPConnectWrap.afterConnect [as oncomplete] (node:net:1157:16)
    --------------------
    at Protocol._enqueue (D:\backService\node_modules\mysql\lib\protocol\Protocol.js:144:48)
    at Protocol.handshake (D:\backService\node_modules\mysql\lib\protocol\Protocol.js:51:23)
    at PoolConnection.connect (D:\backService\node_modules\mysql\lib\Connection.js:116:18)
    at Pool.getConnection (D:\backService\node_modules\mysql\lib\Pool.js:48:16)
    at D:\backService\src\driver\mysql\MysqlDriver.ts:1025:18
    at new Promise (<anonymous>)
    at MysqlDriver.createPool (D:\backService\src\driver\mysql\MysqlDriver.ts:1022:16)
    at MysqlDriver.<anonymous> (D:\backService\src\driver\mysql\MysqlDriver.ts:369:36)
    at step (D:\backService\node_modules\tslib\tslib.js:144:27)
    at Object.next (D:\backService\node_modules\tslib\tslib.js:125:57)
    at D:\backService\node_modules\tslib\tslib.js:118:75
    at new Promise (<anonymous>)
    at __awaiter (D:\backService\node_modules\tslib\tslib.js:114:16)
    at MysqlDriver.connect (D:\backService\node_modules\typeorm\driver\mysql\MysqlDriver.js:286:38)
    at Connection.<anonymous> (D:\backService\src\connection\Connection.ts:181:27)
    at step (D:\backService\node_modules\tslib\tslib.js:144:27)
[2022-09-09T11:22:31.655] [WARN] logger - mysql | 服务 hall-server-1 | 创建连接池 | 出错: Error: connect ECONNREFUSED 127.0.0.1:3306
    at TCPConnectWrap.afterConnect [as oncomplete] (node:net:1157:16)
    --------------------
    at Protocol._enqueue (D:\backService\node_modules\mysql\lib\protocol\Protocol.js:144:48)
    at Protocol.handshake (D:\backService\node_modules\mysql\lib\protocol\Protocol.js:51:23)
    at PoolConnection.connect (D:\backService\node_modules\mysql\lib\Connection.js:116:18)
    at Pool.getConnection (D:\backService\node_modules\mysql\lib\Pool.js:48:16)
    at D:\backService\src\driver\mysql\MysqlDriver.ts:1025:18
    at new Promise (<anonymous>)
    at MysqlDriver.createPool (D:\backService\src\driver\mysql\MysqlDriver.ts:1022:16)
    at MysqlDriver.<anonymous> (D:\backService\src\driver\mysql\MysqlDriver.ts:369:36)
    at step (D:\backService\node_modules\tslib\tslib.js:144:27)
    at Object.next (D:\backService\node_modules\tslib\tslib.js:125:57)
    at D:\backService\node_modules\tslib\tslib.js:118:75
    at new Promise (<anonymous>)
    at __awaiter (D:\backService\node_modules\tslib\tslib.js:114:16)
    at MysqlDriver.connect (D:\backService\node_modules\typeorm\driver\mysql\MysqlDriver.js:286:38)
    at Connection.<anonymous> (D:\backService\src\connection\Connection.ts:181:27)
    at step (D:\backService\node_modules\tslib\tslib.js:144:27)
[2022-09-09T11:23:06.198] [WARN] logger - mysql | 服务 hall-server-1 | 创建连接池 | 出错: Error: connect ECONNREFUSED 127.0.0.1:3306
    at TCPConnectWrap.afterConnect [as oncomplete] (node:net:1157:16)
    --------------------
    at Protocol._enqueue (D:\backService\node_modules\mysql\lib\protocol\Protocol.js:144:48)
    at Protocol.handshake (D:\backService\node_modules\mysql\lib\protocol\Protocol.js:51:23)
    at PoolConnection.connect (D:\backService\node_modules\mysql\lib\Connection.js:116:18)
    at Pool.getConnection (D:\backService\node_modules\mysql\lib\Pool.js:48:16)
    at D:\backService\src\driver\mysql\MysqlDriver.ts:1025:18
    at new Promise (<anonymous>)
    at MysqlDriver.createPool (D:\backService\src\driver\mysql\MysqlDriver.ts:1022:16)
    at MysqlDriver.<anonymous> (D:\backService\src\driver\mysql\MysqlDriver.ts:369:36)
    at step (D:\backService\node_modules\tslib\tslib.js:144:27)
    at Object.next (D:\backService\node_modules\tslib\tslib.js:125:57)
    at D:\backService\node_modules\tslib\tslib.js:118:75
    at new Promise (<anonymous>)
    at __awaiter (D:\backService\node_modules\tslib\tslib.js:114:16)
    at MysqlDriver.connect (D:\backService\node_modules\typeorm\driver\mysql\MysqlDriver.js:286:38)
    at Connection.<anonymous> (D:\backService\src\connection\Connection.ts:181:27)
    at step (D:\backService\node_modules\tslib\tslib.js:144:27)
[2022-10-15T11:40:42.048] [WARN] logger - mysql | 服务 hall-server-1 | 创建连接池 | 成功
[2022-10-15T11:46:46.259] [WARN] logger - mysql | 服务 hall-server-1 | 创建连接池 | 成功
[2022-10-15T11:49:38.642] [WARN] logger - mysql | 服务 hall-server-1 | 创建连接池 | 成功
[2022-10-15T11:49:56.576] [WARN] logger - serverInfoList... [
  {
    main: 'D:\\backService\\dist\\app.js',
    env: 'development',
    id: 'Rummy-server-1',
    host: '127.0.0.1',
    port: 3694,
    'auto-restart': 'true',
    'restart-force': 'true',
    serverType: 'Rummy',
    remoterPaths: [ [Object], [Object] ],
    handlerPaths: [ 'D:\\backService\\dist\\app\\servers\\Rummy\\handler' ],
    pid: 43836
  }
]
[2022-10-15T11:52:13.887] [WARN] logger - serverInfoList... [
  {
    main: 'D:\\backService\\dist\\app.js',
    env: 'development',
    id: 'Rummy-server-1',
    host: '127.0.0.1',
    port: 3694,
    'auto-restart': 'true',
    'restart-force': 'true',
    serverType: 'Rummy',
    remoterPaths: [ [Object], [Object] ],
    handlerPaths: [ 'D:\\backService\\dist\\app\\servers\\Rummy\\handler' ],
    pid: 43836
  }
]
[2022-10-15T11:53:19.411] [WARN] logger - serverInfoList... [
  {
    main: 'D:\\backService\\dist\\app.js',
    env: 'development',
    id: 'Rummy-server-1',
    host: '127.0.0.1',
    port: 3694,
    'auto-restart': 'true',
    'restart-force': 'true',
    serverType: 'Rummy',
    remoterPaths: [ [Object], [Object] ],
    handlerPaths: [ 'D:\\backService\\dist\\app\\servers\\Rummy\\handler' ],
    pid: 43836
  }
]
[2022-10-15T11:56:30.192] [WARN] logger - mysql | 服务 hall-server-1 | 创建连接池 | 成功
[2022-10-15T11:57:54.971] [WARN] logger - serverInfoList... undefined
[2022-10-15T11:58:22.418] [WARN] logger - serverInfoList... [
  {
    main: 'D:\\backService\\dist\\app.js',
    env: 'development',
    id: 'Rummy-server-1',
    host: '127.0.0.1',
    port: 3694,
    'auto-restart': 'true',
    'restart-force': 'true',
    serverType: 'Rummy',
    remoterPaths: [ [Object], [Object] ],
    handlerPaths: [ 'D:\\backService\\dist\\app\\servers\\Rummy\\handler' ],
    pid: 61304
  }
]
[2022-10-15T11:58:28.334] [WARN] logger - serverInfoList... [
  {
    main: 'D:\\backService\\dist\\app.js',
    env: 'development',
    id: 'Rummy-server-1',
    host: '127.0.0.1',
    port: 3694,
    'auto-restart': 'true',
    'restart-force': 'true',
    serverType: 'Rummy',
    remoterPaths: [ [Object], [Object] ],
    handlerPaths: [ 'D:\\backService\\dist\\app\\servers\\Rummy\\handler' ],
    pid: 61304
  }
]
[2022-10-15T12:01:59.674] [WARN] logger - serverInfoList... [
  {
    main: 'D:\\backService\\dist\\app.js',
    env: 'development',
    id: 'Rummy-server-1',
    host: '127.0.0.1',
    port: 3694,
    'auto-restart': 'true',
    'restart-force': 'true',
    serverType: 'Rummy',
    remoterPaths: [ [Object], [Object] ],
    handlerPaths: [ 'D:\\backService\\dist\\app\\servers\\Rummy\\handler' ],
    pid: 61304
  }
]
[2022-10-15T12:02:10.765] [WARN] logger - serverInfoList... [
  {
    main: 'D:\\backService\\dist\\app.js',
    env: 'development',
    id: 'Rummy-server-1',
    host: '127.0.0.1',
    port: 3694,
    'auto-restart': 'true',
    'restart-force': 'true',
    serverType: 'Rummy',
    remoterPaths: [ [Object], [Object] ],
    handlerPaths: [ 'D:\\backService\\dist\\app\\servers\\Rummy\\handler' ],
    pid: 61304
  }
]
[2022-10-15T12:03:54.118] [WARN] logger - serverInfoList... [
  {
    main: 'D:\\backService\\dist\\app.js',
    env: 'development',
    id: 'Rummy-server-1',
    host: '127.0.0.1',
    port: 3694,
    'auto-restart': 'true',
    'restart-force': 'true',
    serverType: 'Rummy',
    remoterPaths: [ [Object], [Object] ],
    handlerPaths: [ 'D:\\backService\\dist\\app\\servers\\Rummy\\handler' ],
    pid: 61304
  }
]
[2022-10-15T12:06:06.404] [WARN] logger - serverInfoList... [
  {
    main: 'D:\\backService\\dist\\app.js',
    env: 'development',
    id: 'Rummy-server-1',
    host: '127.0.0.1',
    port: 3694,
    'auto-restart': 'true',
    'restart-force': 'true',
    serverType: 'Rummy',
    remoterPaths: [ [Object], [Object] ],
    handlerPaths: [ 'D:\\backService\\dist\\app\\servers\\Rummy\\handler' ],
    pid: 61304
  }
]
[2022-10-15T12:13:21.038] [WARN] logger - serverInfoList... [
  {
    main: 'D:\\backService\\dist\\app.js',
    env: 'development',
    id: 'Rummy-server-1',
    host: '127.0.0.1',
    port: 3694,
    'auto-restart': 'true',
    'restart-force': 'true',
    serverType: 'Rummy',
    remoterPaths: [ [Object], [Object] ],
    handlerPaths: [ 'D:\\backService\\dist\\app\\servers\\Rummy\\handler' ],
    pid: 61304
  }
]
[2022-10-15T12:16:20.926] [WARN] logger - serverInfoList... [
  {
    main: 'D:\\backService\\dist\\app.js',
    env: 'development',
    id: 'Rummy-server-1',
    host: '127.0.0.1',
    port: 3694,
    'auto-restart': 'true',
    'restart-force': 'true',
    serverType: 'Rummy',
    remoterPaths: [ [Object], [Object] ],
    handlerPaths: [ 'D:\\backService\\dist\\app\\servers\\Rummy\\handler' ],
    pid: 61304
  }
]
[2022-10-15T12:17:28.769] [WARN] logger - serverInfoList... [
  {
    main: 'D:\\backService\\dist\\app.js',
    env: 'development',
    id: 'Rummy-server-1',
    host: '127.0.0.1',
    port: 3694,
    'auto-restart': 'true',
    'restart-force': 'true',
    serverType: 'Rummy',
    remoterPaths: [ [Object], [Object] ],
    handlerPaths: [ 'D:\\backService\\dist\\app\\servers\\Rummy\\handler' ],
    pid: 61304
  }
]
[2022-10-15T12:18:26.878] [WARN] logger - serverInfoList... [
  {
    main: 'D:\\backService\\dist\\app.js',
    env: 'development',
    id: 'Rummy-server-1',
    host: '127.0.0.1',
    port: 3694,
    'auto-restart': 'true',
    'restart-force': 'true',
    serverType: 'Rummy',
    remoterPaths: [ [Object], [Object] ],
    handlerPaths: [ 'D:\\backService\\dist\\app\\servers\\Rummy\\handler' ],
    pid: 61304
  }
]
[2022-10-15T12:19:14.670] [WARN] logger - serverInfoList... [
  {
    main: 'D:\\backService\\dist\\app.js',
    env: 'development',
    id: 'Rummy-server-1',
    host: '127.0.0.1',
    port: 3694,
    'auto-restart': 'true',
    'restart-force': 'true',
    serverType: 'Rummy',
    remoterPaths: [ [Object], [Object] ],
    handlerPaths: [ 'D:\\backService\\dist\\app\\servers\\Rummy\\handler' ],
    pid: 61304
  }
]
[2022-10-15T12:19:58.376] [WARN] logger - serverInfoList... [
  {
    main: 'D:\\backService\\dist\\app.js',
    env: 'development',
    id: 'Rummy-server-1',
    host: '127.0.0.1',
    port: 3694,
    'auto-restart': 'true',
    'restart-force': 'true',
    serverType: 'Rummy',
    remoterPaths: [ [Object], [Object] ],
    handlerPaths: [ 'D:\\backService\\dist\\app\\servers\\Rummy\\handler' ],
    pid: 61304
  }
]
[2022-10-15T12:21:51.394] [WARN] logger - serverInfoList... [
  {
    main: 'D:\\backService\\dist\\app.js',
    env: 'development',
    id: 'Rummy-server-1',
    host: '127.0.0.1',
    port: 3694,
    'auto-restart': 'true',
    'restart-force': 'true',
    serverType: 'Rummy',
    remoterPaths: [ [Object], [Object] ],
    handlerPaths: [ 'D:\\backService\\dist\\app\\servers\\Rummy\\handler' ],
    pid: 61304
  }
]
[2022-10-15T12:23:52.980] [WARN] logger - serverInfoList... [
  {
    main: 'D:\\backService\\dist\\app.js',
    env: 'development',
    id: 'Rummy-server-1',
    host: '127.0.0.1',
    port: 3694,
    'auto-restart': 'true',
    'restart-force': 'true',
    serverType: 'Rummy',
    remoterPaths: [ [Object], [Object] ],
    handlerPaths: [ 'D:\\backService\\dist\\app\\servers\\Rummy\\handler' ],
    pid: 61304
  }
]
[2022-10-15T12:25:30.793] [WARN] logger - serverInfoList... [
  {
    main: 'D:\\backService\\dist\\app.js',
    env: 'development',
    id: 'Rummy-server-1',
    host: '127.0.0.1',
    port: 3694,
    'auto-restart': 'true',
    'restart-force': 'true',
    serverType: 'Rummy',
    remoterPaths: [ [Object], [Object] ],
    handlerPaths: [ 'D:\\backService\\dist\\app\\servers\\Rummy\\handler' ],
    pid: 61304
  }
]
[2022-10-15T12:26:34.132] [WARN] logger - serverInfoList... [
  {
    main: 'D:\\backService\\dist\\app.js',
    env: 'development',
    id: 'Rummy-server-1',
    host: '127.0.0.1',
    port: 3694,
    'auto-restart': 'true',
    'restart-force': 'true',
    serverType: 'Rummy',
    remoterPaths: [ [Object], [Object] ],
    handlerPaths: [ 'D:\\backService\\dist\\app\\servers\\Rummy\\handler' ],
    pid: 61304
  }
]
[2022-10-15T12:33:08.640] [WARN] logger - mysql | 服务 hall-server-1 | 创建连接池 | 成功
[2022-12-05T12:06:36.736] [WARN] logger - mysql | 服务 hall-server-1 | 创建连接池 | 成功
[2022-12-23T15:01:47.261] [WARN] logger - mysql | 服务 hall-server-1 | 创建连接池 | 成功
[2022-12-23T15:21:24.810] [WARN] logger - mysql | 服务 hall-server-1 | 创建连接池 | 成功
[2022-12-23T15:27:16.017] [WARN] logger - mysql | 服务 hall-server-1 | 创建连接池 | 成功
[2022-12-23T15:35:47.186] [WARN] logger - mysql | 服务 hall-server-1 | 创建连接池 | 成功
[2022-12-23T16:02:51.459] [WARN] logger - mysql | 服务 hall-server-1 | 创建连接池 | 成功
[2022-12-23T16:03:57.564] [WARN] logger - mysql | 服务 hall-server-1 | 创建连接池 | 成功
[2022-12-23T16:05:46.780] [WARN] logger - mysql | 服务 hall-server-1 | 创建连接池 | 成功
[2022-12-23T16:19:37.877] [WARN] logger - mysql | 服务 hall-server-1 | 创建连接池 | 成功
[2022-12-24T12:10:41.014] [WARN] logger - mysql | 服务 hall-server-1 | 创建连接池 | 成功
[2022-12-24T12:56:52.676] [WARN] logger - mysql | 服务 hall-server-1 | 创建连接池 | 成功
[2022-12-24T13:01:10.240] [WARN] logger - mysql | 服务 hall-server-1 | 创建连接池 | 成功
[2023-01-11T11:21:06.091] [WARN] logger - mysql | 服务 hall-server-1 | 创建连接池 | 成功
[2023-01-13T15:26:47.403] [WARN] logger - mysql | 服务 hall-server-1 | 创建连接池 | 成功
[2023-01-13T15:29:00.642] [WARN] logger - mysql | 服务 hall-server-1 | 创建连接池 | 成功
[2023-01-13T15:34:29.938] [WARN] logger - mysql | 服务 hall-server-1 | 创建连接池 | 成功
[2023-01-18T11:07:12.910] [WARN] logger - mysql | 服务 hall-server-1 | 创建连接池 | 成功
[2023-01-18T11:12:22.617] [WARN] logger - mysql | 服务 hall-server-1 | 创建连接池 | 成功
[2023-01-28T11:56:02.603] [WARN] logger - mysql | 服务 hall-server-1 | 创建连接池 | 成功
[2023-01-28T12:00:37.758] [WARN] logger - mysql | 服务 hall-server-1 | 创建连接池 | 成功
[2023-01-28T12:02:28.372] [WARN] logger - mysql | 服务 hall-server-1 | 创建连接池 | 成功
[2023-01-28T12:06:46.945] [WARN] logger - mysql | 服务 hall-server-1 | 创建连接池 | 成功
[2023-01-29T12:12:37.409] [WARN] logger - mysql | 服务 hall-server-1 | 创建连接池 | 成功
[2023-01-29T15:21:51.045] [WARN] logger - mysql | 服务 hall-server-1 | 创建连接池 | 成功
[2023-01-29T16:06:03.156] [WARN] logger - mysql | 服务 hall-server-1 | 创建连接池 | 成功
[2023-01-29T16:08:50.109] [WARN] logger - mysql | 服务 hall-server-1 | 创建连接池 | 成功
[2023-01-29T17:00:36.613] [WARN] logger - mysql | 服务 hall-server-1 | 创建连接池 | 成功
[2023-01-30T15:35:50.823] [WARN] logger - mysql | 服务 hall-server-1 | 创建连接池 | 成功
[2023-01-30T16:29:31.897] [WARN] logger - mysql | 服务 hall-server-1 | 创建连接池 | 成功
[2023-01-30T16:36:38.045] [WARN] logger - mysql | 服务 hall-server-1 | 创建连接池 | 成功
[2023-01-30T17:02:04.141] [WARN] logger - mysql | 服务 hall-server-1 | 创建连接池 | 成功
[2023-01-30T18:04:37.689] [WARN] logger - mysql | 服务 hall-server-1 | 创建连接池 | 成功
[2023-01-30T18:31:48.537] [WARN] logger - mysql | 服务 hall-server-1 | 创建连接池 | 成功
[2023-01-31T10:23:43.222] [WARN] logger - mysql | 服务 hall-server-1 | 创建连接池 | 成功
[2023-01-31T13:19:32.730] [WARN] logger - mysql | 服务 hall-server-1 | 创建连接池 | 成功
[2023-01-31T13:25:40.185] [WARN] logger - mysql | 服务 hall-server-1 | 创建连接池 | 成功
[2023-01-31T13:40:40.803] [WARN] logger - mysql | 服务 hall-server-1 | 创建连接池 | 成功
[2023-02-06T13:47:58.272] [WARN] logger - mysql | 服务 hall-server-1 | 创建连接池 | 成功
[2023-02-06T13:48:35.425] [WARN] logger - mysql | 服务 hall-server-1 | 创建连接池 | 成功
[2023-02-06T13:58:20.312] [WARN] logger - mysql | 服务 hall-server-1 | 创建连接池 | 成功
[2023-02-06T14:07:20.980] [WARN] logger - mysql | 服务 hall-server-1 | 创建连接池 | 成功
[2023-02-06T14:32:25.053] [WARN] logger - mysql | 服务 hall-server-1 | 创建连接池 | 成功
[2023-02-06T14:35:31.234] [WARN] logger - mysql | 服务 hall-server-1 | 创建连接池 | 成功
[2023-02-10T13:13:33.690] [WARN] logger - mysql | 服务 hall-server-1 | 创建连接池 | 成功
[2023-02-10T13:39:41.601] [WARN] logger - mysql | 服务 hall-server-1 | 创建连接池 | 成功
[2023-02-10T13:49:41.970] [WARN] logger - mysql | 服务 hall-server-1 | 创建连接池 | 成功
[2023-02-10T13:53:12.486] [WARN] logger - mysql | 服务 hall-server-1 | 创建连接池 | 成功
[2023-02-10T14:03:03.033] [WARN] logger - mysql | 服务 hall-server-1 | 创建连接池 | 成功
[2023-02-10T14:05:18.506] [WARN] logger - mysql | 服务 hall-server-1 | 创建连接池 | 成功
[2023-02-10T14:11:08.106] [WARN] logger - mysql | 服务 hall-server-1 | 创建连接池 | 成功
[2023-02-10T14:16:25.971] [WARN] logger - mysql | 服务 hall-server-1 | 创建连接池 | 成功
[2023-02-10T14:35:30.806] [WARN] logger - mysql | 服务 hall-server-1 | 创建连接池 | 成功
[2023-02-10T14:36:15.860] [WARN] logger - mysql | 服务 hall-server-1 | 创建连接池 | 成功
[2023-02-10T14:38:32.256] [WARN] logger - mysql | 服务 hall-server-1 | 创建连接池 | 成功
[2023-02-11T18:35:07.728] [WARN] logger - mysql | 服务 hall-server-1 | 创建连接池 | 成功
[2023-02-11T19:00:17.122] [WARN] logger - mysql | 服务 hall-server-1 | 创建连接池 | 成功
[2023-02-11T19:03:50.607] [WARN] logger - mysql | 服务 hall-server-1 | 创建连接池 | 成功
[2023-02-11T19:06:02.760] [WARN] logger - mysql | 服务 hall-server-1 | 创建连接池 | 成功
[2023-02-11T19:15:27.131] [WARN] logger - mysql | 服务 hall-server-1 | 创建连接池 | 成功
[2023-03-08T15:26:53.938] [WARN] logger - mysql | 服务 hall-server-1 | 创建连接池 | 成功
[2023-03-08T15:28:08.400] [WARN] logger - mysql | 服务 hall-server-1 | 创建连接池 | 成功
[2023-03-20T23:09:48.296] [WARN] logger - mysql | 服务 hall-server-1 | 创建连接池 | 成功
[2023-03-22T12:30:00.641] [WARN] logger - mysql | 服务 hall-server-1 | 创建连接池 | 成功
[2023-03-22T12:32:14.205] [WARN] logger - mysql | 服务 hall-server-1 | 创建连接池 | 成功
[2023-03-22T13:26:40.545] [WARN] logger - mysql | 服务 hall-server-1 | 创建连接池 | 成功
[2023-03-23T13:31:25.857] [WARN] logger - mysql | 服务 hall-server-1 | 创建连接池 | 成功
[2023-03-23T15:36:10.479] [WARN] logger - mysql | 服务 hall-server-1 | 创建连接池 | 成功
[2023-03-23T15:39:03.082] [WARN] logger - mysql | 服务 hall-server-1 | 创建连接池 | 成功
[2023-03-23T17:22:49.135] [WARN] logger - mysql | 服务 hall-server-1 | 创建连接池 | 成功
[2023-03-23T17:28:23.161] [WARN] logger - mysql | 服务 hall-server-1 | 创建连接池 | 成功
[2023-03-23T17:30:19.602] [WARN] logger - mysql | 服务 hall-server-1 | 创建连接池 | 成功
[2023-03-24T11:23:53.390] [WARN] logger - mysql | 服务 hall-server-1 | 创建连接池 | 成功
[2023-03-27T01:51:51.643] [WARN] logger - mysql | 服务 hall-server-1 | 创建连接池 | 成功
[2023-03-27T02:08:05.812] [WARN] logger - mysql | 服务 hall-server-1 | 创建连接池 | 成功
[2023-03-27T02:25:19.013] [WARN] logger - mysql | 服务 hall-server-1 | 创建连接池 | 成功
[2023-03-27T02:27:01.925] [WARN] logger - mysql | 服务 hall-server-1 | 创建连接池 | 成功
[2023-03-27T15:17:28.421] [WARN] logger - mysql | 服务 hall-server-1 | 创建连接池 | 成功
[2023-03-27T15:24:44.514] [WARN] logger - mysql | 服务 hall-server-1 | 创建连接池 | 成功
[2023-03-27T15:30:31.789] [WARN] logger - mysql | 服务 hall-server-1 | 创建连接池 | 成功
[2023-03-27T15:35:35.660] [WARN] logger - mysql | 服务 hall-server-1 | 创建连接池 | 成功
[2023-03-27T15:48:32.555] [WARN] logger - mysql | 服务 hall-server-1 | 创建连接池 | 成功
[2023-03-27T17:18:05.243] [WARN] logger - mysql | 服务 hall-server-1 | 创建连接池 | 成功
[2023-03-27T17:55:59.452] [WARN] logger - mysql | 服务 hall-server-1 | 创建连接池 | 成功
[2023-03-28T13:40:39.803] [WARN] logger - mysql | 服务 hall-server-1 | 创建连接池 | 成功
[2023-03-28T13:43:58.608] [WARN] logger - mysql | 服务 hall-server-1 | 创建连接池 | 成功
[2023-03-28T17:14:48.427] [WARN] logger - mysql | 服务 hall-server-1 | 创建连接池 | 成功
[2023-03-28T17:18:13.029] [WARN] logger - mysql | 服务 hall-server-1 | 创建连接池 | 成功
[2023-04-09T12:09:56.008] [WARN] logger - mysql | 服务 hall-server-1 | 创建连接池 | 成功
[2023-04-09T12:25:47.199] [WARN] logger - mysql | 服务 hall-server-1 | 创建连接池 | 成功
[2023-04-11T17:21:49.257] [WARN] logger - mysql | 服务 hall-server-1 | 创建连接池 | 成功
[2023-04-11T17:29:44.305] [WARN] logger - mysql | 服务 hall-server-1 | 创建连接池 | 成功
[2023-04-11T17:31:53.097] [WARN] logger - mysql | 服务 hall-server-1 | 创建连接池 | 成功
[2023-04-11T17:37:46.090] [WARN] logger - mysql | 服务 hall-server-1 | 创建连接池 | 成功
[2023-04-11T17:49:08.730] [WARN] logger - mysql | 服务 hall-server-1 | 创建连接池 | 成功
[2023-04-11T17:50:39.679] [WARN] logger - mysql | 服务 hall-server-1 | 创建连接池 | 成功
[2023-04-11T17:55:18.565] [WARN] logger - mysql | 服务 hall-server-1 | 创建连接池 | 成功
[2023-04-13T14:55:04.579] [WARN] logger - mysql | 服务 hall-server-1 | 创建连接池 | 成功
[2023-04-13T14:59:21.999] [WARN] logger - mysql | 服务 hall-server-1 | 创建连接池 | 成功
[2023-04-13T15:02:26.567] [WARN] logger - mysql | 服务 hall-server-1 | 创建连接池 | 成功
[2023-05-02T14:17:43.240] [WARN] logger - mysql | 服务 hall-server-1 | 创建连接池 | 成功
[2023-05-02T14:23:19.880] [WARN] logger - mysql | 服务 hall-server-1 | 创建连接池 | 成功
[2023-05-02T14:24:51.860] [WARN] logger - mysql | 服务 hall-server-1 | 创建连接池 | 成功
[2023-05-02T15:13:10.407] [WARN] logger - mysql | 服务 hall-server-1 | 创建连接池 | 成功
[2023-05-02T15:45:38.026] [WARN] logger - mysql | 服务 hall-server-1 | 创建连接池 | 成功
[2023-05-02T15:50:28.902] [WARN] logger - mysql | 服务 hall-server-1 | 创建连接池 | 成功
[2023-05-02T15:52:53.548] [WARN] logger - mysql | 服务 hall-server-1 | 创建连接池 | 成功
[2023-05-02T15:56:24.294] [WARN] logger - mysql | 服务 hall-server-1 | 创建连接池 | 成功
[2023-05-25T11:52:52.481] [WARN] logger - mysql | 服务 hall-server-1 | 创建连接池 | 成功
[2023-05-25T12:23:37.079] [WARN] logger - mysql | 服务 hall-server-1 | 创建连接池 | 成功
[2023-05-25T12:33:08.154] [WARN] logger - mysql | 服务 hall-server-1 | 创建连接池 | 成功
[2023-05-25T12:38:06.681] [WARN] logger - mysql | 服务 hall-server-1 | 创建连接池 | 成功
[2023-05-29T11:44:09.462] [WARN] logger - mysql | 服务 hall-server-1 | 创建连接池 | 成功
[2023-05-30T11:38:34.908] [WARN] logger - mysql | 服务 hall-server-1 | 创建连接池 | 成功
