[2022-08-02T10:38:04.749] [WARN] logger - mysql | 服务 connector-server-3 | 创建连接池 | 成功
[2022-08-02T10:38:43.641] [WARN] logger - connector服务器未加载路由压缩组件
[2022-08-02T10:40:02.057] [WARN] logger - mysql | 服务 connector-server-3 | 创建连接池 | 成功
[2022-08-02T10:40:24.337] [WARN] logger - connector服务器未加载路由压缩组件
[2022-08-02T11:00:38.362] [WARN] logger - mysql | 服务 connector-server-3 | 创建连接池 | 成功
[2022-08-02T11:01:02.277] [WARN] logger - connector服务器未加载路由压缩组件
[2022-08-04T17:46:39.799] [WARN] logger - mysql | 服务 connector-server-3 | 创建连接池 | 成功
[2022-08-04T17:47:28.221] [WARN] logger - mysql | 服务 connector-server-3 | 创建连接池 | 成功
[2022-08-04T17:48:02.153] [WARN] logger - connector服务器未加载路由压缩组件
[2022-08-06T17:04:25.480] [WARN] logger - mysql | 服务 connector-server-3 | 创建连接池 | 成功
[2022-08-06T17:05:07.468] [WARN] logger - connector服务器未加载路由压缩组件
[2022-08-06T17:11:54.169] [WARN] logger - mysql | 服务 connector-server-3 | 创建连接池 | 成功
[2022-08-06T17:12:23.745] [WARN] logger - connector服务器未加载路由压缩组件
[2022-08-06T17:20:49.227] [WARN] logger - mysql | 服务 connector-server-3 | 创建连接池 | 成功
[2022-08-06T17:21:19.814] [WARN] logger - connector服务器未加载路由压缩组件
[2022-08-08T14:38:43.627] [WARN] logger - mysql | 服务 connector-server-3 | 创建连接池 | 成功
[2022-08-08T14:39:32.999] [WARN] logger - connector服务器未加载路由压缩组件
[2022-08-08T15:35:32.295] [WARN] logger - mysql | 服务 connector-server-3 | 创建连接池 | 成功
[2022-08-08T15:36:02.447] [WARN] logger - connector服务器未加载路由压缩组件
[2022-08-08T16:21:29.104] [WARN] logger - mysql | 服务 connector-server-3 | 创建连接池 | 成功
[2022-08-08T16:22:02.806] [WARN] logger - connector服务器未加载路由压缩组件
[2022-08-08T16:32:32.073] [WARN] logger - mysql | 服务 connector-server-3 | 创建连接池 | 成功
[2022-08-08T16:33:06.535] [WARN] logger - connector服务器未加载路由压缩组件
[2022-08-09T11:32:07.825] [WARN] logger - mysql | 服务 connector-server-3 | 创建连接池 | 成功
[2022-08-09T11:32:27.791] [WARN] logger - connector服务器未加载路由压缩组件
[2022-08-09T11:51:22.399] [WARN] logger - mysql | 服务 connector-server-3 | 创建连接池 | 成功
[2022-08-09T11:52:14.066] [WARN] logger - mysql | 服务 connector-server-3 | 创建连接池 | 成功
[2022-08-09T11:52:27.841] [WARN] logger - connector服务器未加载路由压缩组件
[2022-08-09T12:45:41.336] [WARN] logger - mysql | 服务 connector-server-3 | 创建连接池 | 成功
[2022-08-09T12:46:01.039] [WARN] logger - connector服务器未加载路由压缩组件
[2022-08-09T13:08:42.506] [WARN] logger - mysql | 服务 connector-server-3 | 创建连接池 | 成功
[2022-08-09T13:08:58.617] [WARN] logger - connector服务器未加载路由压缩组件
[2022-08-09T13:10:30.740] [WARN] logger - mysql | 服务 connector-server-3 | 创建连接池 | 成功
[2022-08-09T13:10:54.889] [WARN] logger - connector服务器未加载路由压缩组件
[2022-08-09T13:21:59.153] [WARN] logger - mysql | 服务 connector-server-3 | 创建连接池 | 成功
[2022-08-09T13:22:17.247] [WARN] logger - connector服务器未加载路由压缩组件
[2022-08-09T13:56:16.662] [WARN] logger - mysql | 服务 connector-server-3 | 创建连接池 | 成功
[2022-08-09T13:56:32.247] [WARN] logger - connector服务器未加载路由压缩组件
[2022-08-09T16:16:02.820] [WARN] logger - mysql | 服务 connector-server-3 | 创建连接池 | 成功
[2022-08-09T16:16:17.810] [WARN] logger - connector服务器未加载路由压缩组件
[2022-08-10T13:45:33.006] [WARN] logger - mysql | 服务 connector-server-3 | 创建连接池 | 成功
[2022-08-10T13:46:13.053] [WARN] logger - connector服务器未加载路由压缩组件
[2022-08-10T13:52:04.846] [WARN] logger - mysql | 服务 connector-server-3 | 创建连接池 | 成功
[2022-08-10T13:52:28.178] [WARN] logger - connector服务器未加载路由压缩组件
[2022-08-10T13:56:03.804] [WARN] logger - mysql | 服务 connector-server-3 | 创建连接池 | 成功
[2022-08-10T13:56:28.324] [WARN] logger - connector服务器未加载路由压缩组件
[2022-08-10T14:00:14.086] [WARN] logger - mysql | 服务 connector-server-3 | 创建连接池 | 成功
[2022-08-10T14:00:38.686] [WARN] logger - connector服务器未加载路由压缩组件
[2022-08-10T14:05:28.543] [WARN] logger - mysql | 服务 connector-server-3 | 创建连接池 | 成功
[2022-08-10T14:05:49.710] [WARN] logger - connector服务器未加载路由压缩组件
[2022-08-10T14:12:16.376] [WARN] logger - mysql | 服务 connector-server-3 | 创建连接池 | 成功
[2022-08-10T14:12:44.879] [WARN] logger - connector服务器未加载路由压缩组件
[2022-08-10T14:16:16.328] [WARN] logger - mysql | 服务 connector-server-3 | 创建连接池 | 成功
[2022-08-10T14:16:36.425] [WARN] logger - connector服务器未加载路由压缩组件
[2022-08-10T14:23:52.302] [WARN] logger - mysql | 服务 connector-server-3 | 创建连接池 | 成功
[2022-08-10T14:24:18.479] [WARN] logger - connector服务器未加载路由压缩组件
[2022-08-12T15:15:33.893] [WARN] logger - mysql | 服务 connector-server-3 | 创建连接池 | 成功
[2022-08-12T15:16:17.466] [WARN] logger - connector服务器未加载路由压缩组件
[2022-08-12T15:48:53.242] [WARN] logger - mysql | 服务 connector-server-3 | 创建连接池 | 成功
[2022-08-12T15:49:12.776] [WARN] logger - connector服务器未加载路由压缩组件
[2022-08-12T16:40:01.407] [WARN] logger - mysql | 服务 connector-server-3 | 创建连接池 | 成功
[2022-08-12T16:40:22.047] [WARN] logger - connector服务器未加载路由压缩组件
[2022-08-13T12:44:49.208] [WARN] logger - mysql | 服务 connector-server-3 | 创建连接池 | 成功
[2022-08-13T12:45:44.829] [WARN] logger - connector服务器未加载路由压缩组件
[2022-08-13T15:19:38.194] [WARN] logger - mysql | 服务 connector-server-3 | 创建连接池 | 成功
[2022-08-13T15:20:08.431] [WARN] logger - connector服务器未加载路由压缩组件
[2022-08-13T15:28:06.565] [WARN] logger - mysql | 服务 connector-server-3 | 创建连接池 | 成功
[2022-08-13T15:28:45.899] [WARN] logger - connector服务器未加载路由压缩组件
[2022-08-13T15:43:06.746] [WARN] logger - mysql | 服务 connector-server-3 | 创建连接池 | 成功
[2022-08-13T15:43:43.705] [WARN] logger - connector服务器未加载路由压缩组件
[2022-08-14T12:30:55.845] [WARN] logger - mysql | 服务 connector-server-3 | 创建连接池 | 成功
[2022-08-14T12:34:33.362] [WARN] logger - mysql | 服务 connector-server-3 | 创建连接池 | 成功
[2022-08-14T12:35:05.080] [WARN] logger - connector服务器未加载路由压缩组件
[2022-08-14T14:14:23.350] [WARN] logger - mysql | 服务 connector-server-3 | 创建连接池 | 成功
[2022-08-14T14:14:54.276] [WARN] logger - connector服务器未加载路由压缩组件
[2022-08-14T14:50:39.721] [WARN] logger - mysql | 服务 connector-server-3 | 创建连接池 | 成功
[2022-08-14T14:51:12.319] [WARN] logger - connector服务器未加载路由压缩组件
[2022-08-14T19:23:36.967] [WARN] logger - mysql | 服务 connector-server-3 | 创建连接池 | 成功
[2022-08-14T19:24:12.815] [WARN] logger - connector服务器未加载路由压缩组件
[2022-08-15T17:43:23.890] [WARN] logger - mysql | 服务 connector-server-3 | 创建连接池 | 成功
[2022-08-15T17:45:06.320] [WARN] logger - mysql | 服务 connector-server-3 | 创建连接池 | 成功
[2022-08-25T22:22:32.742] [WARN] logger - mysql | 服务 connector-server-3 | 创建连接池 | 成功
[2022-08-25T22:23:26.009] [WARN] logger - connector服务器未加载路由压缩组件
[2022-08-25T22:24:54.494] [WARN] logger - mysql | 服务 connector-server-3 | 创建连接池 | 成功
[2022-08-25T22:25:59.624] [WARN] logger - mysql | 服务 connector-server-3 | 创建连接池 | 成功
[2022-08-25T22:26:43.929] [WARN] logger - connector服务器未加载路由压缩组件
[2022-08-25T22:35:45.426] [WARN] logger - mysql | 服务 connector-server-3 | 创建连接池 | 成功
[2022-08-25T22:36:24.656] [WARN] logger - connector服务器未加载路由压缩组件
[2022-08-25T22:37:13.972] [WARN] logger - mysql | 服务 connector-server-3 | 创建连接池 | 成功
[2022-08-25T22:37:54.359] [WARN] logger - connector服务器未加载路由压缩组件
[2022-08-25T22:38:36.249] [WARN] logger - mysql | 服务 connector-server-3 | 创建连接池 | 成功
[2022-08-25T22:39:13.200] [WARN] logger - connector服务器未加载路由压缩组件
[2022-08-31T10:39:59.962] [WARN] logger - mysql | 服务 connector-server-3 | 创建连接池 | 成功
[2022-08-31T10:40:55.586] [WARN] logger - connector服务器未加载路由压缩组件
[2022-08-31T10:42:28.698] [WARN] logger - mysql | 服务 connector-server-3 | 创建连接池 | 成功
[2022-08-31T10:43:09.856] [WARN] logger - connector服务器未加载路由压缩组件
[2022-08-31T10:49:38.108] [WARN] logger - mysql | 服务 connector-server-3 | 创建连接池 | 成功
[2022-08-31T10:50:16.761] [WARN] logger - connector服务器未加载路由压缩组件
[2022-08-31T13:02:35.763] [WARN] logger - mysql | 服务 connector-server-3 | 创建连接池 | 成功
[2022-08-31T13:03:25.708] [WARN] logger - connector服务器未加载路由压缩组件
[2022-08-31T13:45:37.188] [WARN] logger - mysql | 服务 connector-server-3 | 创建连接池 | 成功
[2022-08-31T13:46:29.621] [WARN] logger - connector服务器未加载路由压缩组件
[2022-08-31T14:12:35.792] [WARN] logger - mysql | 服务 connector-server-3 | 创建连接池 | 成功
[2022-08-31T14:13:27.297] [WARN] logger - connector服务器未加载路由压缩组件
[2022-09-01T00:00:30.489] [WARN] logger - mysql | 服务 connector-server-3 | 创建连接池 | 成功
[2022-09-01T00:01:30.260] [WARN] logger - connector服务器未加载路由压缩组件
[2022-09-01T00:04:20.920] [WARN] logger - mysql | 服务 connector-server-3 | 创建连接池 | 成功
[2022-09-01T00:05:06.085] [WARN] logger - connector服务器未加载路由压缩组件
[2022-09-01T00:15:20.109] [WARN] logger - mysql | 服务 connector-server-3 | 创建连接池 | 成功
[2022-09-01T00:15:58.485] [WARN] logger - connector服务器未加载路由压缩组件
[2022-09-01T11:59:20.196] [WARN] logger - mysql | 服务 connector-server-3 | 创建连接池 | 成功
[2022-09-01T12:00:04.881] [WARN] logger - connector服务器未加载路由压缩组件
[2022-09-01T12:01:37.452] [WARN] logger - mysql | 服务 connector-server-3 | 创建连接池 | 成功
[2022-09-01T12:02:33.435] [WARN] logger - connector服务器未加载路由压缩组件
[2022-09-01T12:03:17.011] [WARN] logger - mysql | 服务 connector-server-3 | 创建连接池 | 成功
[2022-09-01T12:04:12.952] [WARN] logger - connector服务器未加载路由压缩组件
[2022-09-02T23:25:35.547] [WARN] logger - mysql | 服务 connector-server-3 | 创建连接池 | 出错: Error: connect ECONNREFUSED 127.0.0.1:3306
    at TCPConnectWrap.afterConnect [as oncomplete] (node:net:1157:16)
    --------------------
    at Protocol._enqueue (D:\backService\node_modules\mysql\lib\protocol\Protocol.js:144:48)
    at Protocol.handshake (D:\backService\node_modules\mysql\lib\protocol\Protocol.js:51:23)
    at PoolConnection.connect (D:\backService\node_modules\mysql\lib\Connection.js:116:18)
    at Pool.getConnection (D:\backService\node_modules\mysql\lib\Pool.js:48:16)
    at D:\backService\src\driver\mysql\MysqlDriver.ts:1025:18
    at new Promise (<anonymous>)
    at MysqlDriver.createPool (D:\backService\src\driver\mysql\MysqlDriver.ts:1022:16)
    at MysqlDriver.<anonymous> (D:\backService\src\driver\mysql\MysqlDriver.ts:369:36)
    at step (D:\backService\node_modules\tslib\tslib.js:144:27)
    at Object.next (D:\backService\node_modules\tslib\tslib.js:125:57)
    at D:\backService\node_modules\tslib\tslib.js:118:75
    at new Promise (<anonymous>)
    at __awaiter (D:\backService\node_modules\tslib\tslib.js:114:16)
    at MysqlDriver.connect (D:\backService\node_modules\typeorm\driver\mysql\MysqlDriver.js:286:38)
    at Connection.<anonymous> (D:\backService\src\connection\Connection.ts:181:27)
    at step (D:\backService\node_modules\tslib\tslib.js:144:27)
[2022-09-02T23:26:16.682] [WARN] logger - mysql | 服务 connector-server-3 | 创建连接池 | 成功
[2022-09-02T23:27:14.603] [WARN] logger - connector服务器未加载路由压缩组件
[2022-09-02T23:31:40.733] [WARN] logger - mysql | 服务 connector-server-3 | 创建连接池 | 成功
[2022-09-02T23:32:29.053] [WARN] logger - connector服务器未加载路由压缩组件
[2022-09-08T16:30:05.906] [WARN] logger - mysql | 服务 connector-server-3 | 创建连接池 | 成功
[2022-09-08T16:31:29.847] [WARN] logger - connector服务器未加载路由压缩组件
[2022-09-08T16:39:25.270] [WARN] logger - mysql | 服务 connector-server-3 | 创建连接池 | 成功
[2022-09-08T16:40:25.238] [WARN] logger - connector服务器未加载路由压缩组件
[2022-09-08T16:47:50.535] [WARN] logger - mysql | 服务 connector-server-3 | 创建连接池 | 成功
[2022-09-08T16:49:31.575] [WARN] logger - connector服务器未加载路由压缩组件
[2022-09-08T17:46:52.835] [WARN] logger - mysql | 服务 connector-server-3 | 创建连接池 | 成功
[2022-09-08T17:48:30.893] [WARN] logger - connector服务器未加载路由压缩组件
[2022-09-08T17:54:59.683] [WARN] logger - mysql | 服务 connector-server-3 | 创建连接池 | 成功
[2022-09-08T17:56:24.555] [WARN] logger - connector服务器未加载路由压缩组件
[2022-09-08T17:57:44.247] [WARN] logger - mysql | 服务 connector-server-3 | 创建连接池 | 成功
[2022-09-08T17:59:17.462] [WARN] logger - connector服务器未加载路由压缩组件
[2022-09-08T18:02:13.780] [WARN] logger - mysql | 服务 connector-server-3 | 创建连接池 | 成功
[2022-09-08T18:03:40.171] [WARN] logger - connector服务器未加载路由压缩组件
[2022-09-08T18:46:28.806] [WARN] logger - mysql | 服务 connector-server-3 | 创建连接池 | 成功
[2022-09-08T18:47:59.603] [WARN] logger - connector服务器未加载路由压缩组件
[2022-09-08T18:58:17.461] [WARN] logger - mysql | 服务 connector-server-3 | 创建连接池 | 成功
[2022-09-08T18:59:50.418] [WARN] logger - connector服务器未加载路由压缩组件
[2022-09-09T11:22:04.929] [WARN] logger - mysql | 服务 connector-server-3 | 创建连接池 | 出错: Error: connect ECONNREFUSED 127.0.0.1:3306
    at TCPConnectWrap.afterConnect [as oncomplete] (node:net:1157:16)
    --------------------
    at Protocol._enqueue (D:\backService\node_modules\mysql\lib\protocol\Protocol.js:144:48)
    at Protocol.handshake (D:\backService\node_modules\mysql\lib\protocol\Protocol.js:51:23)
    at PoolConnection.connect (D:\backService\node_modules\mysql\lib\Connection.js:116:18)
    at Pool.getConnection (D:\backService\node_modules\mysql\lib\Pool.js:48:16)
    at D:\backService\src\driver\mysql\MysqlDriver.ts:1025:18
    at new Promise (<anonymous>)
    at MysqlDriver.createPool (D:\backService\src\driver\mysql\MysqlDriver.ts:1022:16)
    at MysqlDriver.<anonymous> (D:\backService\src\driver\mysql\MysqlDriver.ts:369:36)
    at step (D:\backService\node_modules\tslib\tslib.js:144:27)
    at Object.next (D:\backService\node_modules\tslib\tslib.js:125:57)
    at D:\backService\node_modules\tslib\tslib.js:118:75
    at new Promise (<anonymous>)
    at __awaiter (D:\backService\node_modules\tslib\tslib.js:114:16)
    at MysqlDriver.connect (D:\backService\node_modules\typeorm\driver\mysql\MysqlDriver.js:286:38)
    at Connection.<anonymous> (D:\backService\src\connection\Connection.ts:181:27)
    at step (D:\backService\node_modules\tslib\tslib.js:144:27)
[2022-09-09T11:22:33.587] [WARN] logger - mysql | 服务 connector-server-3 | 创建连接池 | 出错: Error: connect ECONNREFUSED 127.0.0.1:3306
    at TCPConnectWrap.afterConnect [as oncomplete] (node:net:1157:16)
    --------------------
    at Protocol._enqueue (D:\backService\node_modules\mysql\lib\protocol\Protocol.js:144:48)
    at Protocol.handshake (D:\backService\node_modules\mysql\lib\protocol\Protocol.js:51:23)
    at PoolConnection.connect (D:\backService\node_modules\mysql\lib\Connection.js:116:18)
    at Pool.getConnection (D:\backService\node_modules\mysql\lib\Pool.js:48:16)
    at D:\backService\src\driver\mysql\MysqlDriver.ts:1025:18
    at new Promise (<anonymous>)
    at MysqlDriver.createPool (D:\backService\src\driver\mysql\MysqlDriver.ts:1022:16)
    at MysqlDriver.<anonymous> (D:\backService\src\driver\mysql\MysqlDriver.ts:369:36)
    at step (D:\backService\node_modules\tslib\tslib.js:144:27)
    at Object.next (D:\backService\node_modules\tslib\tslib.js:125:57)
    at D:\backService\node_modules\tslib\tslib.js:118:75
    at new Promise (<anonymous>)
    at __awaiter (D:\backService\node_modules\tslib\tslib.js:114:16)
    at MysqlDriver.connect (D:\backService\node_modules\typeorm\driver\mysql\MysqlDriver.js:286:38)
    at Connection.<anonymous> (D:\backService\src\connection\Connection.ts:181:27)
    at step (D:\backService\node_modules\tslib\tslib.js:144:27)
[2022-09-09T11:23:06.987] [WARN] logger - mysql | 服务 connector-server-3 | 创建连接池 | 出错: Error: connect ECONNREFUSED 127.0.0.1:3306
    at TCPConnectWrap.afterConnect [as oncomplete] (node:net:1157:16)
    --------------------
    at Protocol._enqueue (D:\backService\node_modules\mysql\lib\protocol\Protocol.js:144:48)
    at Protocol.handshake (D:\backService\node_modules\mysql\lib\protocol\Protocol.js:51:23)
    at PoolConnection.connect (D:\backService\node_modules\mysql\lib\Connection.js:116:18)
    at Pool.getConnection (D:\backService\node_modules\mysql\lib\Pool.js:48:16)
    at D:\backService\src\driver\mysql\MysqlDriver.ts:1025:18
    at new Promise (<anonymous>)
    at MysqlDriver.createPool (D:\backService\src\driver\mysql\MysqlDriver.ts:1022:16)
    at MysqlDriver.<anonymous> (D:\backService\src\driver\mysql\MysqlDriver.ts:369:36)
    at step (D:\backService\node_modules\tslib\tslib.js:144:27)
    at Object.next (D:\backService\node_modules\tslib\tslib.js:125:57)
    at D:\backService\node_modules\tslib\tslib.js:118:75
    at new Promise (<anonymous>)
    at __awaiter (D:\backService\node_modules\tslib\tslib.js:114:16)
    at MysqlDriver.connect (D:\backService\node_modules\typeorm\driver\mysql\MysqlDriver.js:286:38)
    at Connection.<anonymous> (D:\backService\src\connection\Connection.ts:181:27)
    at step (D:\backService\node_modules\tslib\tslib.js:144:27)
[2022-10-15T11:40:42.066] [WARN] logger - mysql | 服务 connector-server-3 | 创建连接池 | 成功
[2022-10-15T11:41:18.535] [WARN] logger - connector服务器未加载路由压缩组件
[2022-10-15T11:46:46.234] [WARN] logger - mysql | 服务 connector-server-3 | 创建连接池 | 成功
[2022-10-15T11:47:08.982] [WARN] logger - connector服务器未加载路由压缩组件
[2022-10-15T11:49:36.964] [WARN] logger - mysql | 服务 connector-server-3 | 创建连接池 | 成功
[2022-10-15T11:50:10.093] [WARN] logger - connector服务器未加载路由压缩组件
[2022-10-15T11:56:29.782] [WARN] logger - mysql | 服务 connector-server-3 | 创建连接池 | 成功
[2022-10-15T11:56:50.286] [WARN] logger - connector服务器未加载路由压缩组件
[2022-10-15T12:33:08.714] [WARN] logger - mysql | 服务 connector-server-3 | 创建连接池 | 成功
[2022-10-15T12:33:33.248] [WARN] logger - connector服务器未加载路由压缩组件
[2022-12-05T12:06:36.371] [WARN] logger - mysql | 服务 connector-server-3 | 创建连接池 | 成功
[2022-12-05T12:06:51.133] [WARN] logger - connector服务器未加载路由压缩组件
[2022-12-23T15:01:47.689] [WARN] logger - mysql | 服务 connector-server-3 | 创建连接池 | 成功
[2022-12-23T15:02:03.321] [WARN] logger - connector服务器未加载路由压缩组件
[2022-12-23T15:21:24.987] [WARN] logger - mysql | 服务 connector-server-3 | 创建连接池 | 成功
[2022-12-23T15:21:27.732] [WARN] logger - connector服务器未加载路由压缩组件
[2022-12-23T15:27:16.963] [WARN] logger - mysql | 服务 connector-server-3 | 创建连接池 | 成功
[2022-12-23T15:35:47.778] [WARN] logger - mysql | 服务 connector-server-3 | 创建连接池 | 成功
[2022-12-23T16:02:50.872] [WARN] logger - mysql | 服务 connector-server-3 | 创建连接池 | 成功
[2022-12-23T16:02:54.543] [WARN] logger - connector服务器未加载路由压缩组件
[2022-12-23T16:03:57.337] [WARN] logger - mysql | 服务 connector-server-3 | 创建连接池 | 成功
[2022-12-23T16:04:01.064] [WARN] logger - connector服务器未加载路由压缩组件
[2022-12-23T16:05:45.670] [WARN] logger - mysql | 服务 connector-server-3 | 创建连接池 | 成功
[2022-12-23T16:19:35.540] [WARN] logger - mysql | 服务 connector-server-3 | 创建连接池 | 成功
[2022-12-24T12:10:41.017] [WARN] logger - mysql | 服务 connector-server-3 | 创建连接池 | 成功
[2022-12-24T12:56:52.113] [WARN] logger - mysql | 服务 connector-server-3 | 创建连接池 | 成功
[2022-12-24T13:01:11.816] [WARN] logger - mysql | 服务 connector-server-3 | 创建连接池 | 成功
[2023-01-11T11:21:06.152] [WARN] logger - mysql | 服务 connector-server-3 | 创建连接池 | 成功
[2023-01-13T15:26:49.132] [WARN] logger - mysql | 服务 connector-server-3 | 创建连接池 | 成功
[2023-01-13T15:29:01.468] [WARN] logger - mysql | 服务 connector-server-3 | 创建连接池 | 成功
[2023-01-13T15:34:28.724] [WARN] logger - mysql | 服务 connector-server-3 | 创建连接池 | 成功
[2023-01-18T11:07:13.511] [WARN] logger - mysql | 服务 connector-server-3 | 创建连接池 | 成功
[2023-01-18T11:12:22.883] [WARN] logger - mysql | 服务 connector-server-3 | 创建连接池 | 成功
[2023-01-28T11:56:02.573] [WARN] logger - mysql | 服务 connector-server-3 | 创建连接池 | 成功
[2023-01-28T12:00:37.956] [WARN] logger - mysql | 服务 connector-server-3 | 创建连接池 | 成功
[2023-01-28T12:02:29.440] [WARN] logger - mysql | 服务 connector-server-3 | 创建连接池 | 成功
[2023-01-28T12:06:48.159] [WARN] logger - mysql | 服务 connector-server-3 | 创建连接池 | 成功
[2023-01-29T12:12:37.610] [WARN] logger - mysql | 服务 connector-server-3 | 创建连接池 | 成功
[2023-01-29T15:21:51.111] [WARN] logger - mysql | 服务 connector-server-3 | 创建连接池 | 成功
[2023-01-29T16:06:03.059] [WARN] logger - mysql | 服务 connector-server-3 | 创建连接池 | 成功
[2023-01-29T16:08:52.181] [WARN] logger - mysql | 服务 connector-server-3 | 创建连接池 | 成功
[2023-01-29T17:00:36.621] [WARN] logger - mysql | 服务 connector-server-3 | 创建连接池 | 成功
[2023-01-30T15:35:50.770] [WARN] logger - mysql | 服务 connector-server-3 | 创建连接池 | 成功
[2023-01-30T16:29:31.883] [WARN] logger - mysql | 服务 connector-server-3 | 创建连接池 | 成功
[2023-01-30T16:36:39.980] [WARN] logger - mysql | 服务 connector-server-3 | 创建连接池 | 成功
[2023-01-30T17:02:03.387] [WARN] logger - mysql | 服务 connector-server-3 | 创建连接池 | 成功
[2023-01-30T18:04:37.716] [WARN] logger - mysql | 服务 connector-server-3 | 创建连接池 | 成功
[2023-01-30T18:31:47.978] [WARN] logger - mysql | 服务 connector-server-3 | 创建连接池 | 成功
[2023-01-31T10:23:43.277] [WARN] logger - mysql | 服务 connector-server-3 | 创建连接池 | 成功
[2023-01-31T13:19:32.703] [WARN] logger - mysql | 服务 connector-server-3 | 创建连接池 | 成功
[2023-01-31T13:25:41.198] [WARN] logger - mysql | 服务 connector-server-3 | 创建连接池 | 成功
[2023-01-31T13:40:38.788] [WARN] logger - mysql | 服务 connector-server-3 | 创建连接池 | 成功
[2023-02-06T13:47:58.635] [WARN] logger - mysql | 服务 connector-server-3 | 创建连接池 | 成功
[2023-02-06T13:48:35.459] [WARN] logger - mysql | 服务 connector-server-3 | 创建连接池 | 成功
[2023-02-06T13:58:19.803] [WARN] logger - mysql | 服务 connector-server-3 | 创建连接池 | 成功
[2023-02-06T14:07:20.166] [WARN] logger - mysql | 服务 connector-server-3 | 创建连接池 | 成功
[2023-02-06T14:32:25.042] [WARN] logger - mysql | 服务 connector-server-3 | 创建连接池 | 成功
[2023-02-06T14:35:31.108] [WARN] logger - mysql | 服务 connector-server-3 | 创建连接池 | 成功
[2023-02-10T13:13:33.697] [WARN] logger - mysql | 服务 connector-server-3 | 创建连接池 | 成功
[2023-02-10T13:39:41.193] [WARN] logger - mysql | 服务 connector-server-3 | 创建连接池 | 成功
[2023-02-10T13:49:41.604] [WARN] logger - mysql | 服务 connector-server-3 | 创建连接池 | 成功
[2023-02-10T13:53:12.965] [WARN] logger - mysql | 服务 connector-server-3 | 创建连接池 | 成功
[2023-02-10T14:03:04.870] [WARN] logger - mysql | 服务 connector-server-3 | 创建连接池 | 成功
[2023-02-10T14:05:18.015] [WARN] logger - mysql | 服务 connector-server-3 | 创建连接池 | 成功
[2023-02-10T14:11:09.023] [WARN] logger - mysql | 服务 connector-server-3 | 创建连接池 | 成功
[2023-02-10T14:16:24.408] [WARN] logger - mysql | 服务 connector-server-3 | 创建连接池 | 成功
[2023-02-10T14:35:31.979] [WARN] logger - mysql | 服务 connector-server-3 | 创建连接池 | 成功
[2023-02-10T14:36:17.824] [WARN] logger - mysql | 服务 connector-server-3 | 创建连接池 | 成功
[2023-02-10T14:38:33.849] [WARN] logger - mysql | 服务 connector-server-3 | 创建连接池 | 成功
[2023-02-11T18:35:08.430] [WARN] logger - mysql | 服务 connector-server-3 | 创建连接池 | 成功
[2023-02-11T19:00:17.997] [WARN] logger - mysql | 服务 connector-server-3 | 创建连接池 | 成功
[2023-02-11T19:03:50.840] [WARN] logger - mysql | 服务 connector-server-3 | 创建连接池 | 成功
[2023-02-11T19:06:03.946] [WARN] logger - mysql | 服务 connector-server-3 | 创建连接池 | 成功
[2023-02-11T19:15:26.863] [WARN] logger - mysql | 服务 connector-server-3 | 创建连接池 | 成功
[2023-03-08T15:26:54.031] [WARN] logger - mysql | 服务 connector-server-3 | 创建连接池 | 成功
[2023-03-08T15:28:10.555] [WARN] logger - mysql | 服务 connector-server-3 | 创建连接池 | 成功
[2023-03-20T23:09:48.308] [WARN] logger - mysql | 服务 connector-server-3 | 创建连接池 | 成功
[2023-03-22T12:30:00.937] [WARN] logger - mysql | 服务 connector-server-3 | 创建连接池 | 成功
[2023-03-22T12:32:12.823] [WARN] logger - mysql | 服务 connector-server-3 | 创建连接池 | 成功
[2023-03-22T13:26:41.719] [WARN] logger - mysql | 服务 connector-server-3 | 创建连接池 | 成功
[2023-03-23T13:31:25.916] [WARN] logger - mysql | 服务 connector-server-3 | 创建连接池 | 成功
[2023-03-23T15:36:10.876] [WARN] logger - mysql | 服务 connector-server-3 | 创建连接池 | 成功
[2023-03-23T15:39:02.555] [WARN] logger - mysql | 服务 connector-server-3 | 创建连接池 | 成功
[2023-03-23T17:22:47.589] [WARN] logger - mysql | 服务 connector-server-3 | 创建连接池 | 成功
[2023-03-23T17:28:23.159] [WARN] logger - mysql | 服务 connector-server-3 | 创建连接池 | 成功
[2023-03-23T17:30:20.304] [WARN] logger - mysql | 服务 connector-server-3 | 创建连接池 | 成功
[2023-03-24T11:23:53.452] [WARN] logger - mysql | 服务 connector-server-3 | 创建连接池 | 成功
[2023-03-27T01:51:51.668] [WARN] logger - mysql | 服务 connector-server-3 | 创建连接池 | 成功
[2023-03-27T02:08:05.608] [WARN] logger - mysql | 服务 connector-server-3 | 创建连接池 | 成功
[2023-03-27T02:25:20.436] [WARN] logger - mysql | 服务 connector-server-3 | 创建连接池 | 成功
[2023-03-27T02:27:03.211] [WARN] logger - mysql | 服务 connector-server-3 | 创建连接池 | 成功
[2023-03-27T15:17:28.018] [WARN] logger - mysql | 服务 connector-server-3 | 创建连接池 | 成功
[2023-03-27T15:24:44.909] [WARN] logger - mysql | 服务 connector-server-3 | 创建连接池 | 成功
[2023-03-27T15:30:30.268] [WARN] logger - mysql | 服务 connector-server-3 | 创建连接池 | 成功
[2023-03-27T15:35:35.302] [WARN] logger - mysql | 服务 connector-server-3 | 创建连接池 | 成功
[2023-03-27T15:48:30.290] [WARN] logger - mysql | 服务 connector-server-3 | 创建连接池 | 成功
[2023-03-27T17:18:04.816] [WARN] logger - mysql | 服务 connector-server-3 | 创建连接池 | 成功
[2023-03-27T17:55:59.107] [WARN] logger - mysql | 服务 connector-server-3 | 创建连接池 | 成功
[2023-03-28T13:40:39.670] [WARN] logger - mysql | 服务 connector-server-3 | 创建连接池 | 成功
[2023-03-28T13:43:56.766] [WARN] logger - mysql | 服务 connector-server-3 | 创建连接池 | 成功
[2023-03-28T17:14:46.552] [WARN] logger - mysql | 服务 connector-server-3 | 创建连接池 | 成功
[2023-03-28T17:18:10.864] [WARN] logger - mysql | 服务 connector-server-3 | 创建连接池 | 成功
[2023-04-09T12:09:56.220] [WARN] logger - mysql | 服务 connector-server-3 | 创建连接池 | 成功
[2023-04-09T12:25:45.728] [WARN] logger - mysql | 服务 connector-server-3 | 创建连接池 | 成功
[2023-04-11T17:21:49.236] [WARN] logger - mysql | 服务 connector-server-3 | 创建连接池 | 成功
[2023-04-11T17:29:43.366] [WARN] logger - mysql | 服务 connector-server-3 | 创建连接池 | 成功
[2023-04-11T17:31:53.023] [WARN] logger - mysql | 服务 connector-server-3 | 创建连接池 | 成功
[2023-04-11T17:37:43.982] [WARN] logger - mysql | 服务 connector-server-3 | 创建连接池 | 成功
[2023-04-11T17:49:06.712] [WARN] logger - mysql | 服务 connector-server-3 | 创建连接池 | 成功
[2023-04-11T17:50:39.702] [WARN] logger - mysql | 服务 connector-server-3 | 创建连接池 | 成功
[2023-04-11T17:55:18.129] [WARN] logger - mysql | 服务 connector-server-3 | 创建连接池 | 成功
[2023-04-13T14:55:04.451] [WARN] logger - mysql | 服务 connector-server-3 | 创建连接池 | 成功
[2023-04-13T14:59:23.068] [WARN] logger - mysql | 服务 connector-server-3 | 创建连接池 | 成功
[2023-04-13T15:02:27.124] [WARN] logger - mysql | 服务 connector-server-3 | 创建连接池 | 成功
[2023-05-02T14:17:43.259] [WARN] logger - mysql | 服务 connector-server-3 | 创建连接池 | 成功
[2023-05-02T14:23:17.628] [WARN] logger - mysql | 服务 connector-server-3 | 创建连接池 | 成功
[2023-05-02T14:24:50.511] [WARN] logger - mysql | 服务 connector-server-3 | 创建连接池 | 成功
[2023-05-02T15:13:11.369] [WARN] logger - mysql | 服务 connector-server-3 | 创建连接池 | 成功
[2023-05-02T15:45:38.000] [WARN] logger - mysql | 服务 connector-server-3 | 创建连接池 | 成功
[2023-05-02T15:50:30.330] [WARN] logger - mysql | 服务 connector-server-3 | 创建连接池 | 成功
[2023-05-02T15:52:54.528] [WARN] logger - mysql | 服务 connector-server-3 | 创建连接池 | 成功
[2023-05-02T15:56:23.908] [WARN] logger - mysql | 服务 connector-server-3 | 创建连接池 | 成功
[2023-05-25T11:52:52.490] [WARN] logger - mysql | 服务 connector-server-3 | 创建连接池 | 成功
[2023-05-25T12:23:36.443] [WARN] logger - mysql | 服务 connector-server-3 | 创建连接池 | 成功
[2023-05-25T12:33:07.250] [WARN] logger - mysql | 服务 connector-server-3 | 创建连接池 | 成功
[2023-05-25T12:38:04.833] [WARN] logger - mysql | 服务 connector-server-3 | 创建连接池 | 成功
[2023-05-29T11:44:09.559] [WARN] logger - mysql | 服务 connector-server-3 | 创建连接池 | 成功
[2023-05-30T11:38:34.790] [WARN] logger - mysql | 服务 connector-server-3 | 创建连接池 | 成功
