[2022-08-02T10:38:04.762] [WARN] logger - mysql | 服务 connector-server-2 | 创建连接池 | 成功
[2022-08-02T10:38:43.638] [WARN] logger - connector服务器未加载路由压缩组件
[2022-08-02T10:40:01.990] [WARN] logger - mysql | 服务 connector-server-2 | 创建连接池 | 成功
[2022-08-02T10:40:24.354] [WARN] logger - connector服务器未加载路由压缩组件
[2022-08-02T11:00:39.688] [WARN] logger - mysql | 服务 connector-server-2 | 创建连接池 | 成功
[2022-08-02T11:01:02.282] [WARN] logger - connector服务器未加载路由压缩组件
[2022-08-04T17:46:37.496] [WARN] logger - mysql | 服务 connector-server-2 | 创建连接池 | 成功
[2022-08-04T17:47:28.264] [WARN] logger - mysql | 服务 connector-server-2 | 创建连接池 | 成功
[2022-08-04T17:48:02.153] [WARN] logger - connector服务器未加载路由压缩组件
[2022-08-06T17:04:25.769] [WARN] logger - mysql | 服务 connector-server-2 | 创建连接池 | 成功
[2022-08-06T17:05:07.467] [WARN] logger - connector服务器未加载路由压缩组件
[2022-08-06T17:11:53.602] [WARN] logger - mysql | 服务 connector-server-2 | 创建连接池 | 成功
[2022-08-06T17:12:23.774] [WARN] logger - connector服务器未加载路由压缩组件
[2022-08-06T17:20:50.435] [WARN] logger - mysql | 服务 connector-server-2 | 创建连接池 | 成功
[2022-08-06T17:21:19.815] [WARN] logger - connector服务器未加载路由压缩组件
[2022-08-08T14:38:44.159] [WARN] logger - mysql | 服务 connector-server-2 | 创建连接池 | 成功
[2022-08-08T14:39:32.969] [WARN] logger - connector服务器未加载路由压缩组件
[2022-08-08T15:35:33.484] [WARN] logger - mysql | 服务 connector-server-2 | 创建连接池 | 成功
[2022-08-08T15:36:02.447] [WARN] logger - connector服务器未加载路由压缩组件
[2022-08-08T16:21:31.242] [WARN] logger - mysql | 服务 connector-server-2 | 创建连接池 | 成功
[2022-08-08T16:22:02.810] [WARN] logger - connector服务器未加载路由压缩组件
[2022-08-08T16:32:32.486] [WARN] logger - mysql | 服务 connector-server-2 | 创建连接池 | 成功
[2022-08-08T16:33:06.539] [WARN] logger - connector服务器未加载路由压缩组件
[2022-08-09T11:32:07.897] [WARN] logger - mysql | 服务 connector-server-2 | 创建连接池 | 成功
[2022-08-09T11:32:27.791] [WARN] logger - connector服务器未加载路由压缩组件
[2022-08-09T11:51:22.194] [WARN] logger - mysql | 服务 connector-server-2 | 创建连接池 | 成功
[2022-08-09T11:52:13.649] [WARN] logger - mysql | 服务 connector-server-2 | 创建连接池 | 成功
[2022-08-09T11:52:27.841] [WARN] logger - connector服务器未加载路由压缩组件
[2022-08-09T12:45:41.554] [WARN] logger - mysql | 服务 connector-server-2 | 创建连接池 | 成功
[2022-08-09T12:46:01.029] [WARN] logger - connector服务器未加载路由压缩组件
[2022-08-09T13:08:43.665] [WARN] logger - mysql | 服务 connector-server-2 | 创建连接池 | 成功
[2022-08-09T13:08:58.615] [WARN] logger - connector服务器未加载路由压缩组件
[2022-08-09T13:10:30.453] [WARN] logger - mysql | 服务 connector-server-2 | 创建连接池 | 成功
[2022-08-09T13:10:54.889] [WARN] logger - connector服务器未加载路由压缩组件
[2022-08-09T13:21:59.463] [WARN] logger - mysql | 服务 connector-server-2 | 创建连接池 | 成功
[2022-08-09T13:22:17.252] [WARN] logger - connector服务器未加载路由压缩组件
[2022-08-09T13:56:17.726] [WARN] logger - mysql | 服务 connector-server-2 | 创建连接池 | 成功
[2022-08-09T13:56:32.249] [WARN] logger - connector服务器未加载路由压缩组件
[2022-08-09T16:16:01.186] [WARN] logger - mysql | 服务 connector-server-2 | 创建连接池 | 成功
[2022-08-09T16:16:17.803] [WARN] logger - connector服务器未加载路由压缩组件
[2022-08-10T13:45:32.055] [WARN] logger - mysql | 服务 connector-server-2 | 创建连接池 | 成功
[2022-08-10T13:46:13.046] [WARN] logger - connector服务器未加载路由压缩组件
[2022-08-10T13:52:03.814] [WARN] logger - mysql | 服务 connector-server-2 | 创建连接池 | 成功
[2022-08-10T13:52:28.174] [WARN] logger - connector服务器未加载路由压缩组件
[2022-08-10T13:56:05.757] [WARN] logger - mysql | 服务 connector-server-2 | 创建连接池 | 成功
[2022-08-10T13:56:28.343] [WARN] logger - connector服务器未加载路由压缩组件
[2022-08-10T14:00:12.813] [WARN] logger - mysql | 服务 connector-server-2 | 创建连接池 | 成功
[2022-08-10T14:00:38.709] [WARN] logger - connector服务器未加载路由压缩组件
[2022-08-10T14:05:27.865] [WARN] logger - mysql | 服务 connector-server-2 | 创建连接池 | 成功
[2022-08-10T14:05:49.710] [WARN] logger - connector服务器未加载路由压缩组件
[2022-08-10T14:12:16.547] [WARN] logger - mysql | 服务 connector-server-2 | 创建连接池 | 成功
[2022-08-10T14:12:44.879] [WARN] logger - connector服务器未加载路由压缩组件
[2022-08-10T14:16:15.150] [WARN] logger - mysql | 服务 connector-server-2 | 创建连接池 | 成功
[2022-08-10T14:16:36.425] [WARN] logger - connector服务器未加载路由压缩组件
[2022-08-10T14:23:54.077] [WARN] logger - mysql | 服务 connector-server-2 | 创建连接池 | 成功
[2022-08-10T14:24:18.524] [WARN] logger - connector服务器未加载路由压缩组件
[2022-08-12T15:15:31.705] [WARN] logger - mysql | 服务 connector-server-2 | 创建连接池 | 成功
[2022-08-12T15:16:17.467] [WARN] logger - connector服务器未加载路由压缩组件
[2022-08-12T15:48:54.945] [WARN] logger - mysql | 服务 connector-server-2 | 创建连接池 | 成功
[2022-08-12T15:49:12.768] [WARN] logger - connector服务器未加载路由压缩组件
[2022-08-12T16:40:02.247] [WARN] logger - mysql | 服务 connector-server-2 | 创建连接池 | 成功
[2022-08-12T16:40:22.046] [WARN] logger - connector服务器未加载路由压缩组件
[2022-08-13T12:44:48.774] [WARN] logger - mysql | 服务 connector-server-2 | 创建连接池 | 成功
[2022-08-13T12:45:44.805] [WARN] logger - connector服务器未加载路由压缩组件
[2022-08-13T15:19:38.864] [WARN] logger - mysql | 服务 connector-server-2 | 创建连接池 | 成功
[2022-08-13T15:20:08.430] [WARN] logger - connector服务器未加载路由压缩组件
[2022-08-13T15:28:06.779] [WARN] logger - mysql | 服务 connector-server-2 | 创建连接池 | 成功
[2022-08-13T15:28:45.898] [WARN] logger - connector服务器未加载路由压缩组件
[2022-08-13T15:43:05.980] [WARN] logger - mysql | 服务 connector-server-2 | 创建连接池 | 成功
[2022-08-13T15:43:43.690] [WARN] logger - connector服务器未加载路由压缩组件
[2022-08-14T12:30:55.911] [WARN] logger - mysql | 服务 connector-server-2 | 创建连接池 | 成功
[2022-08-14T12:34:34.507] [WARN] logger - mysql | 服务 connector-server-2 | 创建连接池 | 成功
[2022-08-14T12:35:05.080] [WARN] logger - connector服务器未加载路由压缩组件
[2022-08-14T14:14:24.051] [WARN] logger - mysql | 服务 connector-server-2 | 创建连接池 | 成功
[2022-08-14T14:14:54.290] [WARN] logger - connector服务器未加载路由压缩组件
[2022-08-14T14:50:39.145] [WARN] logger - mysql | 服务 connector-server-2 | 创建连接池 | 成功
[2022-08-14T14:51:12.277] [WARN] logger - connector服务器未加载路由压缩组件
[2022-08-14T19:23:36.990] [WARN] logger - mysql | 服务 connector-server-2 | 创建连接池 | 成功
[2022-08-14T19:24:12.815] [WARN] logger - connector服务器未加载路由压缩组件
[2022-08-15T17:43:23.856] [WARN] logger - mysql | 服务 connector-server-2 | 创建连接池 | 成功
[2022-08-15T17:45:04.495] [WARN] logger - mysql | 服务 connector-server-2 | 创建连接池 | 成功
[2022-08-25T22:22:32.733] [WARN] logger - mysql | 服务 connector-server-2 | 创建连接池 | 成功
[2022-08-25T22:23:26.009] [WARN] logger - connector服务器未加载路由压缩组件
[2022-08-25T22:24:57.437] [WARN] logger - mysql | 服务 connector-server-2 | 创建连接池 | 成功
[2022-08-25T22:25:59.261] [WARN] logger - mysql | 服务 connector-server-2 | 创建连接池 | 成功
[2022-08-25T22:26:43.928] [WARN] logger - connector服务器未加载路由压缩组件
[2022-08-25T22:35:45.924] [WARN] logger - mysql | 服务 connector-server-2 | 创建连接池 | 成功
[2022-08-25T22:36:24.656] [WARN] logger - connector服务器未加载路由压缩组件
[2022-08-25T22:37:13.402] [WARN] logger - mysql | 服务 connector-server-2 | 创建连接池 | 成功
[2022-08-25T22:37:54.361] [WARN] logger - connector服务器未加载路由压缩组件
[2022-08-25T22:38:36.914] [WARN] logger - mysql | 服务 connector-server-2 | 创建连接池 | 成功
[2022-08-25T22:39:13.199] [WARN] logger - connector服务器未加载路由压缩组件
[2022-08-31T10:39:59.505] [WARN] logger - mysql | 服务 connector-server-2 | 创建连接池 | 成功
[2022-08-31T10:40:55.588] [WARN] logger - connector服务器未加载路由压缩组件
[2022-08-31T10:42:28.987] [WARN] logger - mysql | 服务 connector-server-2 | 创建连接池 | 成功
[2022-08-31T10:43:09.856] [WARN] logger - connector服务器未加载路由压缩组件
[2022-08-31T10:49:37.113] [WARN] logger - mysql | 服务 connector-server-2 | 创建连接池 | 成功
[2022-08-31T10:50:16.761] [WARN] logger - connector服务器未加载路由压缩组件
[2022-08-31T13:02:35.720] [WARN] logger - mysql | 服务 connector-server-2 | 创建连接池 | 成功
[2022-08-31T13:03:25.715] [WARN] logger - connector服务器未加载路由压缩组件
[2022-08-31T13:45:37.243] [WARN] logger - mysql | 服务 connector-server-2 | 创建连接池 | 成功
[2022-08-31T13:46:29.621] [WARN] logger - connector服务器未加载路由压缩组件
[2022-08-31T14:12:37.717] [WARN] logger - mysql | 服务 connector-server-2 | 创建连接池 | 成功
[2022-08-31T14:13:27.297] [WARN] logger - connector服务器未加载路由压缩组件
[2022-09-01T00:00:30.486] [WARN] logger - mysql | 服务 connector-server-2 | 创建连接池 | 成功
[2022-09-01T00:01:30.259] [WARN] logger - connector服务器未加载路由压缩组件
[2022-09-01T00:04:20.991] [WARN] logger - mysql | 服务 connector-server-2 | 创建连接池 | 成功
[2022-09-01T00:05:06.082] [WARN] logger - connector服务器未加载路由压缩组件
[2022-09-01T00:15:17.748] [WARN] logger - mysql | 服务 connector-server-2 | 创建连接池 | 成功
[2022-09-01T00:15:58.484] [WARN] logger - connector服务器未加载路由压缩组件
[2022-09-01T11:59:19.938] [WARN] logger - mysql | 服务 connector-server-2 | 创建连接池 | 成功
[2022-09-01T12:00:04.878] [WARN] logger - connector服务器未加载路由压缩组件
[2022-09-01T12:01:37.913] [WARN] logger - mysql | 服务 connector-server-2 | 创建连接池 | 成功
[2022-09-01T12:02:33.429] [WARN] logger - connector服务器未加载路由压缩组件
[2022-09-01T12:03:18.513] [WARN] logger - mysql | 服务 connector-server-2 | 创建连接池 | 成功
[2022-09-01T12:04:12.952] [WARN] logger - connector服务器未加载路由压缩组件
[2022-09-02T23:25:35.567] [WARN] logger - mysql | 服务 connector-server-2 | 创建连接池 | 出错: Error: connect ECONNREFUSED 127.0.0.1:3306
    at TCPConnectWrap.afterConnect [as oncomplete] (node:net:1157:16)
    --------------------
    at Protocol._enqueue (D:\backService\node_modules\mysql\lib\protocol\Protocol.js:144:48)
    at Protocol.handshake (D:\backService\node_modules\mysql\lib\protocol\Protocol.js:51:23)
    at PoolConnection.connect (D:\backService\node_modules\mysql\lib\Connection.js:116:18)
    at Pool.getConnection (D:\backService\node_modules\mysql\lib\Pool.js:48:16)
    at D:\backService\src\driver\mysql\MysqlDriver.ts:1025:18
    at new Promise (<anonymous>)
    at MysqlDriver.createPool (D:\backService\src\driver\mysql\MysqlDriver.ts:1022:16)
    at MysqlDriver.<anonymous> (D:\backService\src\driver\mysql\MysqlDriver.ts:369:36)
    at step (D:\backService\node_modules\tslib\tslib.js:144:27)
    at Object.next (D:\backService\node_modules\tslib\tslib.js:125:57)
    at D:\backService\node_modules\tslib\tslib.js:118:75
    at new Promise (<anonymous>)
    at __awaiter (D:\backService\node_modules\tslib\tslib.js:114:16)
    at MysqlDriver.connect (D:\backService\node_modules\typeorm\driver\mysql\MysqlDriver.js:286:38)
    at Connection.<anonymous> (D:\backService\src\connection\Connection.ts:181:27)
    at step (D:\backService\node_modules\tslib\tslib.js:144:27)
[2022-09-02T23:26:17.195] [WARN] logger - mysql | 服务 connector-server-2 | 创建连接池 | 成功
[2022-09-02T23:27:14.599] [WARN] logger - connector服务器未加载路由压缩组件
[2022-09-02T23:31:40.874] [WARN] logger - mysql | 服务 connector-server-2 | 创建连接池 | 成功
[2022-09-02T23:32:29.045] [WARN] logger - connector服务器未加载路由压缩组件
[2022-09-08T16:30:06.101] [WARN] logger - mysql | 服务 connector-server-2 | 创建连接池 | 成功
[2022-09-08T16:31:29.856] [WARN] logger - connector服务器未加载路由压缩组件
[2022-09-08T16:39:25.196] [WARN] logger - mysql | 服务 connector-server-2 | 创建连接池 | 成功
[2022-09-08T16:40:25.229] [WARN] logger - connector服务器未加载路由压缩组件
[2022-09-08T16:47:51.343] [WARN] logger - mysql | 服务 connector-server-2 | 创建连接池 | 成功
[2022-09-08T16:49:31.565] [WARN] logger - connector服务器未加载路由压缩组件
[2022-09-08T17:46:54.242] [WARN] logger - mysql | 服务 connector-server-2 | 创建连接池 | 成功
[2022-09-08T17:48:30.906] [WARN] logger - connector服务器未加载路由压缩组件
[2022-09-08T17:54:57.190] [WARN] logger - mysql | 服务 connector-server-2 | 创建连接池 | 成功
[2022-09-08T17:56:24.565] [WARN] logger - connector服务器未加载路由压缩组件
[2022-09-08T17:57:45.389] [WARN] logger - mysql | 服务 connector-server-2 | 创建连接池 | 成功
[2022-09-08T17:59:17.468] [WARN] logger - connector服务器未加载路由压缩组件
[2022-09-08T18:02:13.884] [WARN] logger - mysql | 服务 connector-server-2 | 创建连接池 | 成功
[2022-09-08T18:03:40.144] [WARN] logger - connector服务器未加载路由压缩组件
[2022-09-08T18:46:28.239] [WARN] logger - mysql | 服务 connector-server-2 | 创建连接池 | 成功
[2022-09-08T18:47:59.606] [WARN] logger - connector服务器未加载路由压缩组件
[2022-09-08T18:58:17.449] [WARN] logger - mysql | 服务 connector-server-2 | 创建连接池 | 成功
[2022-09-08T18:59:50.410] [WARN] logger - connector服务器未加载路由压缩组件
[2022-09-09T11:22:04.302] [WARN] logger - mysql | 服务 connector-server-2 | 创建连接池 | 出错: Error: connect ECONNREFUSED 127.0.0.1:3306
    at TCPConnectWrap.afterConnect [as oncomplete] (node:net:1157:16)
    --------------------
    at Protocol._enqueue (D:\backService\node_modules\mysql\lib\protocol\Protocol.js:144:48)
    at Protocol.handshake (D:\backService\node_modules\mysql\lib\protocol\Protocol.js:51:23)
    at PoolConnection.connect (D:\backService\node_modules\mysql\lib\Connection.js:116:18)
    at Pool.getConnection (D:\backService\node_modules\mysql\lib\Pool.js:48:16)
    at D:\backService\src\driver\mysql\MysqlDriver.ts:1025:18
    at new Promise (<anonymous>)
    at MysqlDriver.createPool (D:\backService\src\driver\mysql\MysqlDriver.ts:1022:16)
    at MysqlDriver.<anonymous> (D:\backService\src\driver\mysql\MysqlDriver.ts:369:36)
    at step (D:\backService\node_modules\tslib\tslib.js:144:27)
    at Object.next (D:\backService\node_modules\tslib\tslib.js:125:57)
    at D:\backService\node_modules\tslib\tslib.js:118:75
    at new Promise (<anonymous>)
    at __awaiter (D:\backService\node_modules\tslib\tslib.js:114:16)
    at MysqlDriver.connect (D:\backService\node_modules\typeorm\driver\mysql\MysqlDriver.js:286:38)
    at Connection.<anonymous> (D:\backService\src\connection\Connection.ts:181:27)
    at step (D:\backService\node_modules\tslib\tslib.js:144:27)
[2022-09-09T11:22:32.342] [WARN] logger - mysql | 服务 connector-server-2 | 创建连接池 | 出错: Error: connect ECONNREFUSED 127.0.0.1:3306
    at TCPConnectWrap.afterConnect [as oncomplete] (node:net:1157:16)
    --------------------
    at Protocol._enqueue (D:\backService\node_modules\mysql\lib\protocol\Protocol.js:144:48)
    at Protocol.handshake (D:\backService\node_modules\mysql\lib\protocol\Protocol.js:51:23)
    at PoolConnection.connect (D:\backService\node_modules\mysql\lib\Connection.js:116:18)
    at Pool.getConnection (D:\backService\node_modules\mysql\lib\Pool.js:48:16)
    at D:\backService\src\driver\mysql\MysqlDriver.ts:1025:18
    at new Promise (<anonymous>)
    at MysqlDriver.createPool (D:\backService\src\driver\mysql\MysqlDriver.ts:1022:16)
    at MysqlDriver.<anonymous> (D:\backService\src\driver\mysql\MysqlDriver.ts:369:36)
    at step (D:\backService\node_modules\tslib\tslib.js:144:27)
    at Object.next (D:\backService\node_modules\tslib\tslib.js:125:57)
    at D:\backService\node_modules\tslib\tslib.js:118:75
    at new Promise (<anonymous>)
    at __awaiter (D:\backService\node_modules\tslib\tslib.js:114:16)
    at MysqlDriver.connect (D:\backService\node_modules\typeorm\driver\mysql\MysqlDriver.js:286:38)
    at Connection.<anonymous> (D:\backService\src\connection\Connection.ts:181:27)
    at step (D:\backService\node_modules\tslib\tslib.js:144:27)
[2022-09-09T11:23:05.287] [WARN] logger - mysql | 服务 connector-server-2 | 创建连接池 | 出错: Error: connect ECONNREFUSED 127.0.0.1:3306
    at TCPConnectWrap.afterConnect [as oncomplete] (node:net:1157:16)
    --------------------
    at Protocol._enqueue (D:\backService\node_modules\mysql\lib\protocol\Protocol.js:144:48)
    at Protocol.handshake (D:\backService\node_modules\mysql\lib\protocol\Protocol.js:51:23)
    at PoolConnection.connect (D:\backService\node_modules\mysql\lib\Connection.js:116:18)
    at Pool.getConnection (D:\backService\node_modules\mysql\lib\Pool.js:48:16)
    at D:\backService\src\driver\mysql\MysqlDriver.ts:1025:18
    at new Promise (<anonymous>)
    at MysqlDriver.createPool (D:\backService\src\driver\mysql\MysqlDriver.ts:1022:16)
    at MysqlDriver.<anonymous> (D:\backService\src\driver\mysql\MysqlDriver.ts:369:36)
    at step (D:\backService\node_modules\tslib\tslib.js:144:27)
    at Object.next (D:\backService\node_modules\tslib\tslib.js:125:57)
    at D:\backService\node_modules\tslib\tslib.js:118:75
    at new Promise (<anonymous>)
    at __awaiter (D:\backService\node_modules\tslib\tslib.js:114:16)
    at MysqlDriver.connect (D:\backService\node_modules\typeorm\driver\mysql\MysqlDriver.js:286:38)
    at Connection.<anonymous> (D:\backService\src\connection\Connection.ts:181:27)
    at step (D:\backService\node_modules\tslib\tslib.js:144:27)
[2022-10-15T11:40:42.061] [WARN] logger - mysql | 服务 connector-server-2 | 创建连接池 | 成功
[2022-10-15T11:41:18.534] [WARN] logger - connector服务器未加载路由压缩组件
[2022-10-15T11:46:46.549] [WARN] logger - mysql | 服务 connector-server-2 | 创建连接池 | 成功
[2022-10-15T11:47:08.993] [WARN] logger - connector服务器未加载路由压缩组件
[2022-10-15T11:49:38.358] [WARN] logger - mysql | 服务 connector-server-2 | 创建连接池 | 成功
[2022-10-15T11:50:10.138] [WARN] logger - connector服务器未加载路由压缩组件
[2022-10-15T11:56:30.303] [WARN] logger - mysql | 服务 connector-server-2 | 创建连接池 | 成功
[2022-10-15T11:56:50.272] [WARN] logger - connector服务器未加载路由压缩组件
[2022-10-15T12:33:08.590] [WARN] logger - mysql | 服务 connector-server-2 | 创建连接池 | 成功
[2022-10-15T12:33:33.248] [WARN] logger - connector服务器未加载路由压缩组件
[2022-12-05T12:06:36.162] [WARN] logger - mysql | 服务 connector-server-2 | 创建连接池 | 成功
[2022-12-05T12:06:51.132] [WARN] logger - connector服务器未加载路由压缩组件
[2022-12-23T15:01:46.863] [WARN] logger - mysql | 服务 connector-server-2 | 创建连接池 | 成功
[2022-12-23T15:02:03.330] [WARN] logger - connector服务器未加载路由压缩组件
[2022-12-23T15:21:23.749] [WARN] logger - mysql | 服务 connector-server-2 | 创建连接池 | 成功
[2022-12-23T15:21:27.732] [WARN] logger - connector服务器未加载路由压缩组件
[2022-12-23T15:27:17.117] [WARN] logger - mysql | 服务 connector-server-2 | 创建连接池 | 成功
[2022-12-23T15:35:48.949] [WARN] logger - mysql | 服务 connector-server-2 | 创建连接池 | 成功
[2022-12-23T16:02:54.155] [WARN] logger - mysql | 服务 connector-server-2 | 创建连接池 | 成功
[2022-12-23T16:02:54.542] [WARN] logger - connector服务器未加载路由压缩组件
[2022-12-23T16:03:59.296] [WARN] logger - mysql | 服务 connector-server-2 | 创建连接池 | 成功
[2022-12-23T16:04:01.067] [WARN] logger - connector服务器未加载路由压缩组件
[2022-12-23T16:05:45.356] [WARN] logger - mysql | 服务 connector-server-2 | 创建连接池 | 成功
[2022-12-23T16:19:37.069] [WARN] logger - mysql | 服务 connector-server-2 | 创建连接池 | 成功
[2022-12-24T12:10:41.007] [WARN] logger - mysql | 服务 connector-server-2 | 创建连接池 | 成功
[2022-12-24T12:56:52.348] [WARN] logger - mysql | 服务 connector-server-2 | 创建连接池 | 成功
[2022-12-24T13:01:10.087] [WARN] logger - mysql | 服务 connector-server-2 | 创建连接池 | 成功
[2023-01-11T11:21:06.294] [WARN] logger - mysql | 服务 connector-server-2 | 创建连接池 | 成功
[2023-01-13T15:26:48.357] [WARN] logger - mysql | 服务 connector-server-2 | 创建连接池 | 成功
[2023-01-13T15:29:01.121] [WARN] logger - mysql | 服务 connector-server-2 | 创建连接池 | 成功
[2023-01-13T15:34:30.753] [WARN] logger - mysql | 服务 connector-server-2 | 创建连接池 | 成功
[2023-01-18T11:07:13.250] [WARN] logger - mysql | 服务 connector-server-2 | 创建连接池 | 成功
[2023-01-18T11:12:21.144] [WARN] logger - mysql | 服务 connector-server-2 | 创建连接池 | 成功
[2023-01-28T11:56:02.550] [WARN] logger - mysql | 服务 connector-server-2 | 创建连接池 | 成功
[2023-01-28T12:00:39.300] [WARN] logger - mysql | 服务 connector-server-2 | 创建连接池 | 成功
[2023-01-28T12:02:28.635] [WARN] logger - mysql | 服务 connector-server-2 | 创建连接池 | 成功
[2023-01-28T12:06:47.465] [WARN] logger - mysql | 服务 connector-server-2 | 创建连接池 | 成功
[2023-01-29T12:12:37.474] [WARN] logger - mysql | 服务 connector-server-2 | 创建连接池 | 成功
[2023-01-29T15:21:51.084] [WARN] logger - mysql | 服务 connector-server-2 | 创建连接池 | 成功
[2023-01-29T16:06:03.177] [WARN] logger - mysql | 服务 connector-server-2 | 创建连接池 | 成功
[2023-01-29T16:08:51.012] [WARN] logger - mysql | 服务 connector-server-2 | 创建连接池 | 成功
[2023-01-29T17:00:36.682] [WARN] logger - mysql | 服务 connector-server-2 | 创建连接池 | 成功
[2023-01-30T15:35:50.788] [WARN] logger - mysql | 服务 connector-server-2 | 创建连接池 | 成功
[2023-01-30T16:29:32.565] [WARN] logger - mysql | 服务 connector-server-2 | 创建连接池 | 成功
[2023-01-30T16:36:36.545] [WARN] logger - mysql | 服务 connector-server-2 | 创建连接池 | 成功
[2023-01-30T17:02:02.885] [WARN] logger - mysql | 服务 connector-server-2 | 创建连接池 | 成功
[2023-01-30T18:04:37.712] [WARN] logger - mysql | 服务 connector-server-2 | 创建连接池 | 成功
[2023-01-30T18:31:48.717] [WARN] logger - mysql | 服务 connector-server-2 | 创建连接池 | 成功
[2023-01-31T10:23:43.205] [WARN] logger - mysql | 服务 connector-server-2 | 创建连接池 | 成功
[2023-01-31T13:19:32.738] [WARN] logger - mysql | 服务 connector-server-2 | 创建连接池 | 成功
[2023-01-31T13:25:41.326] [WARN] logger - mysql | 服务 connector-server-2 | 创建连接池 | 成功
[2023-01-31T13:40:37.109] [WARN] logger - mysql | 服务 connector-server-2 | 创建连接池 | 成功
[2023-02-06T13:47:58.174] [WARN] logger - mysql | 服务 connector-server-2 | 创建连接池 | 成功
[2023-02-06T13:48:35.591] [WARN] logger - mysql | 服务 connector-server-2 | 创建连接池 | 成功
[2023-02-06T13:58:21.416] [WARN] logger - mysql | 服务 connector-server-2 | 创建连接池 | 成功
[2023-02-06T14:07:20.627] [WARN] logger - mysql | 服务 connector-server-2 | 创建连接池 | 成功
[2023-02-06T14:32:24.377] [WARN] logger - mysql | 服务 connector-server-2 | 创建连接池 | 成功
[2023-02-06T14:35:32.749] [WARN] logger - mysql | 服务 connector-server-2 | 创建连接池 | 成功
[2023-02-10T13:13:33.734] [WARN] logger - mysql | 服务 connector-server-2 | 创建连接池 | 成功
[2023-02-10T13:39:43.172] [WARN] logger - mysql | 服务 connector-server-2 | 创建连接池 | 成功
[2023-02-10T13:49:41.139] [WARN] logger - mysql | 服务 connector-server-2 | 创建连接池 | 成功
[2023-02-10T13:53:14.684] [WARN] logger - mysql | 服务 connector-server-2 | 创建连接池 | 成功
[2023-02-10T14:03:04.787] [WARN] logger - mysql | 服务 connector-server-2 | 创建连接池 | 成功
[2023-02-10T14:05:20.202] [WARN] logger - mysql | 服务 connector-server-2 | 创建连接池 | 成功
[2023-02-10T14:11:06.377] [WARN] logger - mysql | 服务 connector-server-2 | 创建连接池 | 成功
[2023-02-10T14:16:25.904] [WARN] logger - mysql | 服务 connector-server-2 | 创建连接池 | 成功
[2023-02-10T14:35:32.591] [WARN] logger - mysql | 服务 connector-server-2 | 创建连接池 | 成功
[2023-02-10T14:36:17.664] [WARN] logger - mysql | 服务 connector-server-2 | 创建连接池 | 成功
[2023-02-10T14:38:33.504] [WARN] logger - mysql | 服务 connector-server-2 | 创建连接池 | 成功
[2023-02-11T18:35:07.660] [WARN] logger - mysql | 服务 connector-server-2 | 创建连接池 | 成功
[2023-02-11T19:00:19.438] [WARN] logger - mysql | 服务 connector-server-2 | 创建连接池 | 成功
[2023-02-11T19:03:49.573] [WARN] logger - mysql | 服务 connector-server-2 | 创建连接池 | 成功
[2023-02-11T19:06:03.171] [WARN] logger - mysql | 服务 connector-server-2 | 创建连接池 | 成功
[2023-02-11T19:15:26.385] [WARN] logger - mysql | 服务 connector-server-2 | 创建连接池 | 成功
[2023-03-08T15:26:54.006] [WARN] logger - mysql | 服务 connector-server-2 | 创建连接池 | 成功
[2023-03-08T15:28:07.423] [WARN] logger - mysql | 服务 connector-server-2 | 创建连接池 | 成功
[2023-03-20T23:09:48.304] [WARN] logger - mysql | 服务 connector-server-2 | 创建连接池 | 成功
[2023-03-22T12:30:00.644] [WARN] logger - mysql | 服务 connector-server-2 | 创建连接池 | 成功
[2023-03-22T12:32:11.635] [WARN] logger - mysql | 服务 connector-server-2 | 创建连接池 | 成功
[2023-03-22T13:26:42.517] [WARN] logger - mysql | 服务 connector-server-2 | 创建连接池 | 成功
[2023-03-23T13:31:25.915] [WARN] logger - mysql | 服务 connector-server-2 | 创建连接池 | 成功
[2023-03-23T15:36:10.311] [WARN] logger - mysql | 服务 connector-server-2 | 创建连接池 | 成功
[2023-03-23T15:39:03.614] [WARN] logger - mysql | 服务 connector-server-2 | 创建连接池 | 成功
[2023-03-23T17:22:47.018] [WARN] logger - mysql | 服务 connector-server-2 | 创建连接池 | 成功
[2023-03-23T17:28:23.116] [WARN] logger - mysql | 服务 connector-server-2 | 创建连接池 | 成功
[2023-03-23T17:30:19.983] [WARN] logger - mysql | 服务 connector-server-2 | 创建连接池 | 成功
[2023-03-24T11:23:53.428] [WARN] logger - mysql | 服务 connector-server-2 | 创建连接池 | 成功
[2023-03-27T01:51:51.638] [WARN] logger - mysql | 服务 connector-server-2 | 创建连接池 | 成功
[2023-03-27T02:08:03.560] [WARN] logger - mysql | 服务 connector-server-2 | 创建连接池 | 成功
[2023-03-27T02:25:19.624] [WARN] logger - mysql | 服务 connector-server-2 | 创建连接池 | 成功
[2023-03-27T02:27:03.532] [WARN] logger - mysql | 服务 connector-server-2 | 创建连接池 | 成功
[2023-03-27T15:17:27.750] [WARN] logger - mysql | 服务 connector-server-2 | 创建连接池 | 成功
[2023-03-27T15:24:45.102] [WARN] logger - mysql | 服务 connector-server-2 | 创建连接池 | 成功
[2023-03-27T15:30:30.521] [WARN] logger - mysql | 服务 connector-server-2 | 创建连接池 | 成功
[2023-03-27T15:35:34.902] [WARN] logger - mysql | 服务 connector-server-2 | 创建连接池 | 成功
[2023-03-27T15:48:31.586] [WARN] logger - mysql | 服务 connector-server-2 | 创建连接池 | 成功
[2023-03-27T17:18:06.386] [WARN] logger - mysql | 服务 connector-server-2 | 创建连接池 | 成功
[2023-03-27T17:55:59.243] [WARN] logger - mysql | 服务 connector-server-2 | 创建连接池 | 成功
[2023-03-28T13:40:39.753] [WARN] logger - mysql | 服务 connector-server-2 | 创建连接池 | 成功
[2023-03-28T13:43:58.045] [WARN] logger - mysql | 服务 connector-server-2 | 创建连接池 | 成功
[2023-03-28T17:14:46.552] [WARN] logger - mysql | 服务 connector-server-2 | 创建连接池 | 成功
[2023-03-28T17:18:11.585] [WARN] logger - mysql | 服务 connector-server-2 | 创建连接池 | 成功
[2023-04-09T12:09:57.419] [WARN] logger - mysql | 服务 connector-server-2 | 创建连接池 | 成功
[2023-04-09T12:25:45.491] [WARN] logger - mysql | 服务 connector-server-2 | 创建连接池 | 成功
[2023-04-11T17:21:49.243] [WARN] logger - mysql | 服务 connector-server-2 | 创建连接池 | 成功
[2023-04-11T17:29:43.732] [WARN] logger - mysql | 服务 connector-server-2 | 创建连接池 | 成功
[2023-04-11T17:31:53.713] [WARN] logger - mysql | 服务 connector-server-2 | 创建连接池 | 成功
[2023-04-11T17:37:44.977] [WARN] logger - mysql | 服务 connector-server-2 | 创建连接池 | 成功
[2023-04-11T17:49:07.817] [WARN] logger - mysql | 服务 connector-server-2 | 创建连接池 | 成功
[2023-04-11T17:50:40.427] [WARN] logger - mysql | 服务 connector-server-2 | 创建连接池 | 成功
[2023-04-11T17:55:18.542] [WARN] logger - mysql | 服务 connector-server-2 | 创建连接池 | 成功
[2023-04-13T14:55:04.665] [WARN] logger - mysql | 服务 connector-server-2 | 创建连接池 | 成功
[2023-04-13T14:59:22.837] [WARN] logger - mysql | 服务 connector-server-2 | 创建连接池 | 成功
[2023-04-13T15:02:28.075] [WARN] logger - mysql | 服务 connector-server-2 | 创建连接池 | 成功
[2023-05-02T14:17:43.264] [WARN] logger - mysql | 服务 connector-server-2 | 创建连接池 | 成功
[2023-05-02T14:23:17.442] [WARN] logger - mysql | 服务 connector-server-2 | 创建连接池 | 成功
[2023-05-02T14:24:52.431] [WARN] logger - mysql | 服务 connector-server-2 | 创建连接池 | 成功
[2023-05-02T15:13:10.362] [WARN] logger - mysql | 服务 connector-server-2 | 创建连接池 | 成功
[2023-05-02T15:45:38.076] [WARN] logger - mysql | 服务 connector-server-2 | 创建连接池 | 成功
[2023-05-02T15:50:28.836] [WARN] logger - mysql | 服务 connector-server-2 | 创建连接池 | 成功
[2023-05-02T15:52:53.139] [WARN] logger - mysql | 服务 connector-server-2 | 创建连接池 | 成功
[2023-05-02T15:56:26.565] [WARN] logger - mysql | 服务 connector-server-2 | 创建连接池 | 成功
[2023-05-25T11:52:52.495] [WARN] logger - mysql | 服务 connector-server-2 | 创建连接池 | 成功
[2023-05-25T12:23:36.398] [WARN] logger - mysql | 服务 connector-server-2 | 创建连接池 | 成功
[2023-05-25T12:33:07.529] [WARN] logger - mysql | 服务 connector-server-2 | 创建连接池 | 成功
[2023-05-25T12:38:10.149] [WARN] logger - mysql | 服务 connector-server-2 | 创建连接池 | 成功
[2023-05-29T11:44:08.979] [WARN] logger - mysql | 服务 connector-server-2 | 创建连接池 | 成功
[2023-05-30T11:38:35.973] [WARN] logger - mysql | 服务 connector-server-2 | 创建连接池 | 成功
