[2022-08-02T10:38:04.745] [WARN] logger - mysql | 服务 gate-server-1 | 创建连接池 | 成功
[2022-08-02T10:40:03.618] [WARN] logger - mysql | 服务 gate-server-1 | 创建连接池 | 成功
[2022-08-02T11:00:40.773] [WARN] logger - mysql | 服务 gate-server-1 | 创建连接池 | 成功
[2022-08-04T17:46:38.004] [WARN] logger - mysql | 服务 gate-server-1 | 创建连接池 | 成功
[2022-08-04T17:47:27.939] [WARN] logger - mysql | 服务 gate-server-1 | 创建连接池 | 成功
[2022-08-06T17:04:25.495] [WARN] logger - mysql | 服务 gate-server-1 | 创建连接池 | 成功
[2022-08-06T17:11:52.806] [WARN] logger - mysql | 服务 gate-server-1 | 创建连接池 | 成功
[2022-08-06T17:20:49.901] [WARN] logger - mysql | 服务 gate-server-1 | 创建连接池 | 成功
[2022-08-08T14:38:43.646] [WARN] logger - mysql | 服务 gate-server-1 | 创建连接池 | 成功
[2022-08-08T15:35:32.743] [WARN] logger - mysql | 服务 gate-server-1 | 创建连接池 | 成功
[2022-08-08T16:21:29.688] [WARN] logger - mysql | 服务 gate-server-1 | 创建连接池 | 成功
[2022-08-08T16:32:32.771] [WARN] logger - mysql | 服务 gate-server-1 | 创建连接池 | 成功
[2022-08-09T11:32:07.864] [WARN] logger - mysql | 服务 gate-server-1 | 创建连接池 | 成功
[2022-08-09T11:51:21.558] [WARN] logger - mysql | 服务 gate-server-1 | 创建连接池 | 成功
[2022-08-09T11:52:13.365] [WARN] logger - mysql | 服务 gate-server-1 | 创建连接池 | 成功
[2022-08-09T12:45:41.662] [WARN] logger - mysql | 服务 gate-server-1 | 创建连接池 | 成功
[2022-08-09T13:08:42.639] [WARN] logger - mysql | 服务 gate-server-1 | 创建连接池 | 成功
[2022-08-09T13:10:28.522] [WARN] logger - mysql | 服务 gate-server-1 | 创建连接池 | 成功
[2022-08-09T13:21:59.291] [WARN] logger - mysql | 服务 gate-server-1 | 创建连接池 | 成功
[2022-08-09T13:56:17.500] [WARN] logger - mysql | 服务 gate-server-1 | 创建连接池 | 成功
[2022-08-09T16:16:00.753] [WARN] logger - mysql | 服务 gate-server-1 | 创建连接池 | 成功
[2022-08-10T13:45:32.551] [WARN] logger - mysql | 服务 gate-server-1 | 创建连接池 | 成功
[2022-08-10T13:52:06.548] [WARN] logger - mysql | 服务 gate-server-1 | 创建连接池 | 成功
[2022-08-10T13:56:04.069] [WARN] logger - mysql | 服务 gate-server-1 | 创建连接池 | 成功
[2022-08-10T14:00:12.662] [WARN] logger - mysql | 服务 gate-server-1 | 创建连接池 | 成功
[2022-08-10T14:05:29.135] [WARN] logger - mysql | 服务 gate-server-1 | 创建连接池 | 成功
[2022-08-10T14:12:17.348] [WARN] logger - mysql | 服务 gate-server-1 | 创建连接池 | 成功
[2022-08-10T14:16:15.581] [WARN] logger - mysql | 服务 gate-server-1 | 创建连接池 | 成功
[2022-08-10T14:23:53.045] [WARN] logger - mysql | 服务 gate-server-1 | 创建连接池 | 成功
[2022-08-12T15:15:32.358] [WARN] logger - mysql | 服务 gate-server-1 | 创建连接池 | 成功
[2022-08-12T15:48:54.328] [WARN] logger - mysql | 服务 gate-server-1 | 创建连接池 | 成功
[2022-08-12T16:40:01.300] [WARN] logger - mysql | 服务 gate-server-1 | 创建连接池 | 成功
[2022-08-13T12:44:48.721] [WARN] logger - mysql | 服务 gate-server-1 | 创建连接池 | 成功
[2022-08-13T12:50:43.797] [ERROR] pinus - gate-server-1 fail to process remote message:Error: fail to find handler for hall.userHandler.cellPhoneGuest
    at HandlerService.handle (D:\backService\node_modules\pinus\lib\common\service\handlerService.ts:77:38)
    at handle (D:\backService\node_modules\pinus\lib\server\server.ts:471:29)
    at next (D:\backService\node_modules\pinus\lib\common\service\filterService.ts:67:17)
    at FilterService.beforeFilter (D:\backService\node_modules\pinus\lib\common\service\filterService.ts:82:9)
    at beforeFilter (D:\backService\node_modules\pinus\lib\server\server.ts:340:12)
    at doHandle (D:\backService\node_modules\pinus\lib\server\server.ts:484:5)
    at Server.handle (D:\backService\node_modules\pinus\lib\server\server.ts:169:9)
    at ServerComponent.handle (D:\backService\node_modules\pinus\lib\components\server.ts:62:21)
    at D:\backService\node_modules\pinus\lib\common\remote\backend\msgRemote.ts:55:20
    at new Promise (<anonymous>)
    at MsgRemote.forwardMessage (D:\backService\node_modules\pinus\lib\common\remote\backend\msgRemote.ts:32:16)
    at Dispatcher.route (D:\backService\node_modules\pinus-rpc\lib\rpc-server\dispatcher.ts:67:30)
    at MQTTAcceptor.cb (D:\backService\node_modules\pinus-rpc\lib\rpc-server\gateway.ts:48:24)
    at MQTTAcceptor.processMsg (D:\backService\node_modules\pinus-rpc\lib\rpc-server\acceptors\mqtt-acceptor.ts:162:14)
    at Connection.<anonymous> (D:\backService\node_modules\pinus-rpc\lib\rpc-server\acceptors\mqtt-acceptor.ts:86:30)
    at Connection.emit (node:events:526:28)Error: 
    at Logger.pLogger.<computed> [as error] (D:\backService\node_modules\pinus-logger\lib\logger.ts:76:34)
    at D:\backService\node_modules\pinus\lib\server\server.ts:446:20
    at processTicksAndRejections (node:internal/process/task_queues:96:5)
[2022-08-13T12:51:14.687] [ERROR] pinus - gate-server-1 fail to process remote message:Error: fail to find handler for hall.userHandler.cellPhoneGuest
    at HandlerService.handle (D:\backService\node_modules\pinus\lib\common\service\handlerService.ts:77:38)
    at handle (D:\backService\node_modules\pinus\lib\server\server.ts:471:29)
    at next (D:\backService\node_modules\pinus\lib\common\service\filterService.ts:67:17)
    at FilterService.beforeFilter (D:\backService\node_modules\pinus\lib\common\service\filterService.ts:82:9)
    at beforeFilter (D:\backService\node_modules\pinus\lib\server\server.ts:340:12)
    at doHandle (D:\backService\node_modules\pinus\lib\server\server.ts:484:5)
    at Server.handle (D:\backService\node_modules\pinus\lib\server\server.ts:169:9)
    at ServerComponent.handle (D:\backService\node_modules\pinus\lib\components\server.ts:62:21)
    at D:\backService\node_modules\pinus\lib\common\remote\backend\msgRemote.ts:55:20
    at new Promise (<anonymous>)
    at MsgRemote.forwardMessage (D:\backService\node_modules\pinus\lib\common\remote\backend\msgRemote.ts:32:16)
    at Dispatcher.route (D:\backService\node_modules\pinus-rpc\lib\rpc-server\dispatcher.ts:67:30)
    at MQTTAcceptor.cb (D:\backService\node_modules\pinus-rpc\lib\rpc-server\gateway.ts:48:24)
    at MQTTAcceptor.processMsg (D:\backService\node_modules\pinus-rpc\lib\rpc-server\acceptors\mqtt-acceptor.ts:162:14)
    at Connection.<anonymous> (D:\backService\node_modules\pinus-rpc\lib\rpc-server\acceptors\mqtt-acceptor.ts:86:30)
    at Connection.emit (node:events:526:28)Error: 
    at Logger.pLogger.<computed> [as error] (D:\backService\node_modules\pinus-logger\lib\logger.ts:76:34)
    at D:\backService\node_modules\pinus\lib\server\server.ts:446:20
    at processTicksAndRejections (node:internal/process/task_queues:96:5)
[2022-08-13T12:52:35.524] [WARN] logger - ......... 1111 9732249717 123456  windows 
[2022-08-13T12:53:20.537] [WARN] logger - ......... 1111 9732249716 123456  windows 
[2022-08-13T12:56:00.419] [WARN] logger - ......... 1111 9732249723 123456  windows 
[2022-08-13T15:19:38.162] [WARN] logger - mysql | 服务 gate-server-1 | 创建连接池 | 成功
[2022-08-13T15:25:04.936] [WARN] logger - index.. 9
[2022-08-13T15:25:04.937] [WARN] logger - lineCode.. line_10
[2022-08-13T15:28:05.017] [WARN] logger - mysql | 服务 gate-server-1 | 创建连接池 | 成功
[2022-08-13T15:28:27.555] [WARN] logger - index.. 8
[2022-08-13T15:28:27.568] [WARN] logger - lineCode.. line_9
[2022-08-13T15:43:04.562] [WARN] logger - mysql | 服务 gate-server-1 | 创建连接池 | 成功
[2022-08-14T12:30:56.070] [WARN] logger - mysql | 服务 gate-server-1 | 创建连接池 | 成功
[2022-08-14T12:34:35.119] [WARN] logger - mysql | 服务 gate-server-1 | 创建连接池 | 成功
[2022-08-14T14:14:22.769] [WARN] logger - mysql | 服务 gate-server-1 | 创建连接池 | 成功
[2022-08-14T14:50:38.425] [WARN] logger - mysql | 服务 gate-server-1 | 创建连接池 | 成功
[2022-08-14T19:23:36.984] [WARN] logger - mysql | 服务 gate-server-1 | 创建连接池 | 成功
[2022-08-15T17:43:23.890] [WARN] logger - mysql | 服务 gate-server-1 | 创建连接池 | 成功
[2022-08-15T17:45:04.831] [WARN] logger - mysql | 服务 gate-server-1 | 创建连接池 | 成功
[2022-08-25T22:22:32.760] [WARN] logger - mysql | 服务 gate-server-1 | 创建连接池 | 成功
[2022-08-25T22:24:55.755] [WARN] logger - mysql | 服务 gate-server-1 | 创建连接池 | 成功
[2022-08-25T22:25:59.105] [WARN] logger - mysql | 服务 gate-server-1 | 创建连接池 | 成功
[2022-08-25T22:35:45.054] [WARN] logger - mysql | 服务 gate-server-1 | 创建连接池 | 成功
[2022-08-25T22:37:15.225] [WARN] logger - mysql | 服务 gate-server-1 | 创建连接池 | 成功
[2022-08-25T22:38:37.034] [WARN] logger - mysql | 服务 gate-server-1 | 创建连接池 | 成功
[2022-08-31T10:39:59.875] [WARN] logger - mysql | 服务 gate-server-1 | 创建连接池 | 成功
[2022-08-31T10:42:30.715] [WARN] logger - mysql | 服务 gate-server-1 | 创建连接池 | 成功
[2022-08-31T10:49:38.905] [WARN] logger - mysql | 服务 gate-server-1 | 创建连接池 | 成功
[2022-08-31T13:02:35.830] [WARN] logger - mysql | 服务 gate-server-1 | 创建连接池 | 成功
[2022-08-31T13:45:35.984] [WARN] logger - mysql | 服务 gate-server-1 | 创建连接池 | 成功
[2022-08-31T14:12:35.998] [WARN] logger - mysql | 服务 gate-server-1 | 创建连接池 | 成功
[2022-09-01T00:00:30.503] [WARN] logger - mysql | 服务 gate-server-1 | 创建连接池 | 成功
[2022-09-01T00:04:21.352] [WARN] logger - mysql | 服务 gate-server-1 | 创建连接池 | 成功
[2022-09-01T00:15:19.307] [WARN] logger - mysql | 服务 gate-server-1 | 创建连接池 | 成功
[2022-09-01T11:59:19.961] [WARN] logger - mysql | 服务 gate-server-1 | 创建连接池 | 成功
[2022-09-01T12:01:37.729] [WARN] logger - mysql | 服务 gate-server-1 | 创建连接池 | 成功
[2022-09-01T12:03:20.232] [WARN] logger - mysql | 服务 gate-server-1 | 创建连接池 | 成功
[2022-09-02T23:25:36.971] [WARN] logger - mysql | 服务 gate-server-1 | 创建连接池 | 出错: Error: connect ECONNREFUSED 127.0.0.1:3306
    at TCPConnectWrap.afterConnect [as oncomplete] (node:net:1157:16)
    --------------------
    at Protocol._enqueue (D:\backService\node_modules\mysql\lib\protocol\Protocol.js:144:48)
    at Protocol.handshake (D:\backService\node_modules\mysql\lib\protocol\Protocol.js:51:23)
    at PoolConnection.connect (D:\backService\node_modules\mysql\lib\Connection.js:116:18)
    at Pool.getConnection (D:\backService\node_modules\mysql\lib\Pool.js:48:16)
    at D:\backService\src\driver\mysql\MysqlDriver.ts:1025:18
    at new Promise (<anonymous>)
    at MysqlDriver.createPool (D:\backService\src\driver\mysql\MysqlDriver.ts:1022:16)
    at MysqlDriver.<anonymous> (D:\backService\src\driver\mysql\MysqlDriver.ts:369:36)
    at step (D:\backService\node_modules\tslib\tslib.js:144:27)
    at Object.next (D:\backService\node_modules\tslib\tslib.js:125:57)
    at D:\backService\node_modules\tslib\tslib.js:118:75
    at new Promise (<anonymous>)
    at __awaiter (D:\backService\node_modules\tslib\tslib.js:114:16)
    at MysqlDriver.connect (D:\backService\node_modules\typeorm\driver\mysql\MysqlDriver.js:286:38)
    at Connection.<anonymous> (D:\backService\src\connection\Connection.ts:181:27)
    at step (D:\backService\node_modules\tslib\tslib.js:144:27)
[2022-09-02T23:26:17.221] [WARN] logger - mysql | 服务 gate-server-1 | 创建连接池 | 成功
[2022-09-02T23:31:42.028] [WARN] logger - mysql | 服务 gate-server-1 | 创建连接池 | 成功
[2022-09-08T16:30:06.047] [WARN] logger - mysql | 服务 gate-server-1 | 创建连接池 | 成功
[2022-09-08T16:39:25.686] [WARN] logger - mysql | 服务 gate-server-1 | 创建连接池 | 成功
[2022-09-08T16:47:50.301] [WARN] logger - mysql | 服务 gate-server-1 | 创建连接池 | 成功
[2022-09-08T17:46:53.031] [WARN] logger - mysql | 服务 gate-server-1 | 创建连接池 | 成功
[2022-09-08T17:54:59.320] [WARN] logger - mysql | 服务 gate-server-1 | 创建连接池 | 成功
[2022-09-08T17:57:45.588] [WARN] logger - mysql | 服务 gate-server-1 | 创建连接池 | 成功
[2022-09-08T18:02:12.683] [WARN] logger - mysql | 服务 gate-server-1 | 创建连接池 | 成功
[2022-09-08T18:46:27.437] [WARN] logger - mysql | 服务 gate-server-1 | 创建连接池 | 成功
[2022-09-08T18:58:16.680] [WARN] logger - mysql | 服务 gate-server-1 | 创建连接池 | 成功
[2022-09-09T11:22:05.375] [WARN] logger - mysql | 服务 gate-server-1 | 创建连接池 | 出错: Error: connect ECONNREFUSED 127.0.0.1:3306
    at TCPConnectWrap.afterConnect [as oncomplete] (node:net:1157:16)
    --------------------
    at Protocol._enqueue (D:\backService\node_modules\mysql\lib\protocol\Protocol.js:144:48)
    at Protocol.handshake (D:\backService\node_modules\mysql\lib\protocol\Protocol.js:51:23)
    at PoolConnection.connect (D:\backService\node_modules\mysql\lib\Connection.js:116:18)
    at Pool.getConnection (D:\backService\node_modules\mysql\lib\Pool.js:48:16)
    at D:\backService\src\driver\mysql\MysqlDriver.ts:1025:18
    at new Promise (<anonymous>)
    at MysqlDriver.createPool (D:\backService\src\driver\mysql\MysqlDriver.ts:1022:16)
    at MysqlDriver.<anonymous> (D:\backService\src\driver\mysql\MysqlDriver.ts:369:36)
    at step (D:\backService\node_modules\tslib\tslib.js:144:27)
    at Object.next (D:\backService\node_modules\tslib\tslib.js:125:57)
    at D:\backService\node_modules\tslib\tslib.js:118:75
    at new Promise (<anonymous>)
    at __awaiter (D:\backService\node_modules\tslib\tslib.js:114:16)
    at MysqlDriver.connect (D:\backService\node_modules\typeorm\driver\mysql\MysqlDriver.js:286:38)
    at Connection.<anonymous> (D:\backService\src\connection\Connection.ts:181:27)
    at step (D:\backService\node_modules\tslib\tslib.js:144:27)
[2022-09-09T11:22:32.415] [WARN] logger - mysql | 服务 gate-server-1 | 创建连接池 | 出错: Error: connect ECONNREFUSED 127.0.0.1:3306
    at TCPConnectWrap.afterConnect [as oncomplete] (node:net:1157:16)
    --------------------
    at Protocol._enqueue (D:\backService\node_modules\mysql\lib\protocol\Protocol.js:144:48)
    at Protocol.handshake (D:\backService\node_modules\mysql\lib\protocol\Protocol.js:51:23)
    at PoolConnection.connect (D:\backService\node_modules\mysql\lib\Connection.js:116:18)
    at Pool.getConnection (D:\backService\node_modules\mysql\lib\Pool.js:48:16)
    at D:\backService\src\driver\mysql\MysqlDriver.ts:1025:18
    at new Promise (<anonymous>)
    at MysqlDriver.createPool (D:\backService\src\driver\mysql\MysqlDriver.ts:1022:16)
    at MysqlDriver.<anonymous> (D:\backService\src\driver\mysql\MysqlDriver.ts:369:36)
    at step (D:\backService\node_modules\tslib\tslib.js:144:27)
    at Object.next (D:\backService\node_modules\tslib\tslib.js:125:57)
    at D:\backService\node_modules\tslib\tslib.js:118:75
    at new Promise (<anonymous>)
    at __awaiter (D:\backService\node_modules\tslib\tslib.js:114:16)
    at MysqlDriver.connect (D:\backService\node_modules\typeorm\driver\mysql\MysqlDriver.js:286:38)
    at Connection.<anonymous> (D:\backService\src\connection\Connection.ts:181:27)
    at step (D:\backService\node_modules\tslib\tslib.js:144:27)
[2022-09-09T11:23:07.337] [WARN] logger - mysql | 服务 gate-server-1 | 创建连接池 | 出错: Error: connect ECONNREFUSED 127.0.0.1:3306
    at TCPConnectWrap.afterConnect [as oncomplete] (node:net:1157:16)
    --------------------
    at Protocol._enqueue (D:\backService\node_modules\mysql\lib\protocol\Protocol.js:144:48)
    at Protocol.handshake (D:\backService\node_modules\mysql\lib\protocol\Protocol.js:51:23)
    at PoolConnection.connect (D:\backService\node_modules\mysql\lib\Connection.js:116:18)
    at Pool.getConnection (D:\backService\node_modules\mysql\lib\Pool.js:48:16)
    at D:\backService\src\driver\mysql\MysqlDriver.ts:1025:18
    at new Promise (<anonymous>)
    at MysqlDriver.createPool (D:\backService\src\driver\mysql\MysqlDriver.ts:1022:16)
    at MysqlDriver.<anonymous> (D:\backService\src\driver\mysql\MysqlDriver.ts:369:36)
    at step (D:\backService\node_modules\tslib\tslib.js:144:27)
    at Object.next (D:\backService\node_modules\tslib\tslib.js:125:57)
    at D:\backService\node_modules\tslib\tslib.js:118:75
    at new Promise (<anonymous>)
    at __awaiter (D:\backService\node_modules\tslib\tslib.js:114:16)
    at MysqlDriver.connect (D:\backService\node_modules\typeorm\driver\mysql\MysqlDriver.js:286:38)
    at Connection.<anonymous> (D:\backService\src\connection\Connection.ts:181:27)
    at step (D:\backService\node_modules\tslib\tslib.js:144:27)
[2022-10-15T11:40:42.331] [WARN] logger - mysql | 服务 gate-server-1 | 创建连接池 | 成功
[2022-10-15T11:46:48.118] [WARN] logger - mysql | 服务 gate-server-1 | 创建连接池 | 成功
[2022-10-15T11:49:37.192] [WARN] logger - mysql | 服务 gate-server-1 | 创建连接池 | 成功
[2022-10-15T11:56:31.097] [WARN] logger - mysql | 服务 gate-server-1 | 创建连接池 | 成功
[2022-10-15T12:33:08.611] [WARN] logger - mysql | 服务 gate-server-1 | 创建连接池 | 成功
[2022-12-05T12:06:37.434] [WARN] logger - mysql | 服务 gate-server-1 | 创建连接池 | 成功
[2022-12-23T15:01:46.864] [WARN] logger - mysql | 服务 gate-server-1 | 创建连接池 | 成功
[2022-12-23T15:21:24.811] [WARN] logger - mysql | 服务 gate-server-1 | 创建连接池 | 成功
[2022-12-23T15:27:18.008] [WARN] logger - mysql | 服务 gate-server-1 | 创建连接池 | 成功
[2022-12-23T15:35:47.112] [WARN] logger - mysql | 服务 gate-server-1 | 创建连接池 | 成功
[2022-12-23T16:02:52.379] [WARN] logger - mysql | 服务 gate-server-1 | 创建连接池 | 成功
[2022-12-23T16:03:59.192] [WARN] logger - mysql | 服务 gate-server-1 | 创建连接池 | 成功
[2022-12-23T16:05:46.367] [WARN] logger - mysql | 服务 gate-server-1 | 创建连接池 | 成功
[2022-12-23T16:19:36.505] [WARN] logger - mysql | 服务 gate-server-1 | 创建连接池 | 成功
[2022-12-24T12:10:42.295] [WARN] logger - mysql | 服务 gate-server-1 | 创建连接池 | 成功
[2022-12-24T12:56:52.344] [WARN] logger - mysql | 服务 gate-server-1 | 创建连接池 | 成功
