[2022-08-02T10:38:04.780] [WARN] logger - mysql | 服务 activity-server-1 | 创建连接池 | 成功
[2022-08-02T10:38:04.824] [WARN] logger - activity-server-1 !!活动服务启动|beforeStartup
[2022-08-02T10:38:04.929] [WARN] logger - activity-server-1 活动服务启动|afterStartup
[2022-08-02T10:40:03.480] [WARN] logger - mysql | 服务 activity-server-1 | 创建连接池 | 成功
[2022-08-02T10:40:03.511] [WARN] logger - activity-server-1 !!活动服务启动|beforeStartup
[2022-08-02T10:40:03.584] [WARN] logger - activity-server-1 活动服务启动|afterStartup
[2022-08-02T11:00:38.757] [WARN] logger - mysql | 服务 activity-server-1 | 创建连接池 | 成功
[2022-08-02T11:00:38.837] [WARN] logger - activity-server-1 !!活动服务启动|beforeStartup
[2022-08-02T11:00:38.955] [WARN] logger - activity-server-1 活动服务启动|afterStartup
[2022-08-04T17:46:37.333] [WARN] logger - mysql | 服务 activity-server-1 | 创建连接池 | 成功
[2022-08-04T17:46:37.392] [WARN] logger - activity-server-1 !!活动服务启动|beforeStartup
[2022-08-04T17:46:37.488] [WARN] logger - activity-server-1 活动服务启动|afterStartup
[2022-08-04T17:47:27.488] [WARN] logger - mysql | 服务 activity-server-1 | 创建连接池 | 成功
[2022-08-04T17:47:27.518] [WARN] logger - activity-server-1 !!活动服务启动|beforeStartup
[2022-08-04T17:47:27.564] [WARN] logger - activity-server-1 活动服务启动|afterStartup
[2022-08-06T17:04:25.448] [WARN] logger - mysql | 服务 activity-server-1 | 创建连接池 | 成功
[2022-08-06T17:04:25.511] [WARN] logger - activity-server-1 !!活动服务启动|beforeStartup
[2022-08-06T17:04:25.642] [WARN] logger - activity-server-1 活动服务启动|afterStartup
[2022-08-06T17:11:53.038] [WARN] logger - mysql | 服务 activity-server-1 | 创建连接池 | 成功
[2022-08-06T17:11:53.082] [WARN] logger - activity-server-1 !!活动服务启动|beforeStartup
[2022-08-06T17:11:53.172] [WARN] logger - activity-server-1 活动服务启动|afterStartup
[2022-08-06T17:20:50.680] [WARN] logger - mysql | 服务 activity-server-1 | 创建连接池 | 成功
[2022-08-06T17:20:50.731] [WARN] logger - activity-server-1 !!活动服务启动|beforeStartup
[2022-08-06T17:20:51.362] [WARN] logger - activity-server-1 活动服务启动|afterStartup
[2022-08-06T17:21:38.954] [WARN] logger - 22222222222222
[2022-08-06T17:22:01.192] [WARN] logger - 22222222222222
[2022-08-08T14:38:43.628] [WARN] logger - mysql | 服务 activity-server-1 | 创建连接池 | 成功
[2022-08-08T14:38:43.717] [WARN] logger - activity-server-1 !!活动服务启动|beforeStartup
[2022-08-08T14:38:43.865] [WARN] logger - activity-server-1 活动服务启动|afterStartup
[2022-08-08T15:35:33.937] [WARN] logger - mysql | 服务 activity-server-1 | 创建连接池 | 成功
[2022-08-08T15:35:33.991] [WARN] logger - activity-server-1 !!活动服务启动|beforeStartup
[2022-08-08T15:35:34.723] [WARN] logger - activity-server-1 活动服务启动|afterStartup
[2022-08-08T16:21:28.992] [WARN] logger - mysql | 服务 activity-server-1 | 创建连接池 | 成功
[2022-08-08T16:21:29.028] [WARN] logger - activity-server-1 !!活动服务启动|beforeStartup
[2022-08-08T16:21:29.083] [WARN] logger - activity-server-1 活动服务启动|afterStartup
[2022-08-08T16:32:31.837] [WARN] logger - mysql | 服务 activity-server-1 | 创建连接池 | 成功
[2022-08-08T16:32:31.876] [WARN] logger - activity-server-1 !!活动服务启动|beforeStartup
[2022-08-08T16:32:31.962] [WARN] logger - activity-server-1 活动服务启动|afterStartup
[2022-08-08T17:20:03.706] [WARN] logger - 22222222222222
[2022-08-08T17:21:20.140] [WARN] logger - 22222222222222
[2022-08-08T17:21:59.581] [WARN] logger - 22222222222222
[2022-08-08T17:22:41.584] [WARN] logger - 22222222222222
[2022-08-08T17:23:57.506] [WARN] logger - 22222222222222
[2022-08-08T17:24:00.790] [WARN] logger - 22222222222222
[2022-08-08T17:24:43.962] [WARN] logger - 22222222222222
[2022-08-08T17:24:43.964] [WARN] logger - 22222222222222
[2022-08-08T17:24:46.204] [WARN] logger - 22222222222222
[2022-08-08T17:24:47.360] [WARN] logger - 22222222222222
[2022-08-08T17:26:57.448] [WARN] logger - 22222222222222
[2022-08-08T17:27:04.728] [WARN] logger - 22222222222222
[2022-08-09T11:32:08.361] [WARN] logger - mysql | 服务 activity-server-1 | 创建连接池 | 成功
[2022-08-09T11:32:08.416] [WARN] logger - activity-server-1 !!活动服务启动|beforeStartup
[2022-08-09T11:32:09.095] [WARN] logger - activity-server-1 活动服务启动|afterStartup
[2022-08-09T11:51:22.463] [WARN] logger - mysql | 服务 activity-server-1 | 创建连接池 | 成功
[2022-08-09T11:51:22.522] [WARN] logger - activity-server-1 !!活动服务启动|beforeStartup
[2022-08-09T11:51:23.121] [WARN] logger - activity-server-1 活动服务启动|afterStartup
[2022-08-09T11:52:15.946] [WARN] logger - mysql | 服务 activity-server-1 | 创建连接池 | 成功
[2022-08-09T11:52:15.995] [WARN] logger - activity-server-1 !!活动服务启动|beforeStartup
[2022-08-09T11:52:16.391] [WARN] logger - activity-server-1 活动服务启动|afterStartup
[2022-08-09T12:27:40.074] [WARN] logger - 22222222222222
[2022-08-09T12:27:40.772] [WARN] logger - 22222222222222
[2022-08-09T12:38:44.705] [WARN] logger - 22222222222222
[2022-08-09T12:45:42.406] [WARN] logger - mysql | 服务 activity-server-1 | 创建连接池 | 成功
[2022-08-09T12:45:42.438] [WARN] logger - activity-server-1 !!活动服务启动|beforeStartup
[2022-08-09T12:45:42.504] [WARN] logger - activity-server-1 活动服务启动|afterStartup
[2022-08-09T12:49:20.840] [WARN] logger - 22222222222222
[2022-08-09T13:02:21.106] [WARN] logger - 22222222222222
[2022-08-09T13:03:09.191] [WARN] logger - 22222222222222
[2022-08-09T13:04:46.214] [WARN] logger - 22222222222222
[2022-08-09T13:05:40.719] [WARN] logger - 22222222222222
[2022-08-09T13:07:21.540] [WARN] logger - 22222222222222
[2022-08-09T13:08:42.593] [WARN] logger - mysql | 服务 activity-server-1 | 创建连接池 | 成功
[2022-08-09T13:08:42.674] [WARN] logger - activity-server-1 !!活动服务启动|beforeStartup
[2022-08-09T13:08:42.792] [WARN] logger - activity-server-1 活动服务启动|afterStartup
[2022-08-09T13:09:32.158] [WARN] logger - 22222222222222
[2022-08-09T13:09:34.629] [WARN] logger - error ReferenceError: uid is not defined
    at activityHandler.receiveRelief (D:\backService\app\servers\activity\handler\activityHandler.ts:425:69)
    at HandlerService.handle (D:\backService\node_modules\pinus\lib\common\service\handlerService.ts:101:28)
    at handle (D:\backService\node_modules\pinus\lib\server\server.ts:471:29)
    at next (D:\backService\node_modules\pinus\lib\common\service\filterService.ts:67:17)
    at FilterService.beforeFilter (D:\backService\node_modules\pinus\lib\common\service\filterService.ts:82:9)
    at beforeFilter (D:\backService\node_modules\pinus\lib\server\server.ts:340:12)
    at doHandle (D:\backService\node_modules\pinus\lib\server\server.ts:484:5)
    at Server.handle (D:\backService\node_modules\pinus\lib\server\server.ts:169:9)
    at ServerComponent.handle (D:\backService\node_modules\pinus\lib\components\server.ts:62:21)
    at D:\backService\node_modules\pinus\lib\common\remote\backend\msgRemote.ts:55:20
    at new Promise (<anonymous>)
    at MsgRemote.forwardMessage (D:\backService\node_modules\pinus\lib\common\remote\backend\msgRemote.ts:32:16)
    at Dispatcher.route (D:\backService\node_modules\pinus-rpc\lib\rpc-server\dispatcher.ts:67:30)
    at MQTTAcceptor.cb (D:\backService\node_modules\pinus-rpc\lib\rpc-server\gateway.ts:48:24)
    at MQTTAcceptor.processMsg (D:\backService\node_modules\pinus-rpc\lib\rpc-server\acceptors\mqtt-acceptor.ts:162:14)
    at Connection.<anonymous> (D:\backService\node_modules\pinus-rpc\lib\rpc-server\acceptors\mqtt-acceptor.ts:86:30)
[2022-08-09T13:10:29.291] [WARN] logger - mysql | 服务 activity-server-1 | 创建连接池 | 成功
[2022-08-09T13:10:29.335] [WARN] logger - activity-server-1 !!活动服务启动|beforeStartup
[2022-08-09T13:10:29.436] [WARN] logger - activity-server-1 活动服务启动|afterStartup
[2022-08-09T13:21:59.276] [WARN] logger - mysql | 服务 activity-server-1 | 创建连接池 | 成功
[2022-08-09T13:21:59.362] [WARN] logger - activity-server-1 !!活动服务启动|beforeStartup
[2022-08-09T13:21:59.996] [WARN] logger - activity-server-1 活动服务启动|afterStartup
[2022-08-09T13:56:17.361] [WARN] logger - mysql | 服务 activity-server-1 | 创建连接池 | 成功
[2022-08-09T13:56:17.408] [WARN] logger - activity-server-1 !!活动服务启动|beforeStartup
[2022-08-09T13:56:17.476] [WARN] logger - activity-server-1 活动服务启动|afterStartup
[2022-08-09T16:16:02.905] [WARN] logger - mysql | 服务 activity-server-1 | 创建连接池 | 成功
[2022-08-09T16:16:03.000] [WARN] logger - activity-server-1 !!活动服务启动|beforeStartup
[2022-08-09T16:16:03.128] [WARN] logger - activity-server-1 活动服务启动|afterStartup
[2022-08-10T13:45:34.007] [WARN] logger - mysql | 服务 activity-server-1 | 创建连接池 | 成功
[2022-08-10T13:45:34.040] [WARN] logger - activity-server-1 !!活动服务启动|beforeStartup
[2022-08-10T13:45:34.113] [WARN] logger - activity-server-1 活动服务启动|afterStartup
[2022-08-10T13:52:06.284] [WARN] logger - mysql | 服务 activity-server-1 | 创建连接池 | 成功
[2022-08-10T13:52:06.375] [WARN] logger - activity-server-1 !!活动服务启动|beforeStartup
[2022-08-10T13:52:07.053] [WARN] logger - activity-server-1 活动服务启动|afterStartup
[2022-08-10T13:56:04.283] [WARN] logger - mysql | 服务 activity-server-1 | 创建连接池 | 成功
[2022-08-10T13:56:04.355] [WARN] logger - activity-server-1 !!活动服务启动|beforeStartup
[2022-08-10T13:56:04.464] [WARN] logger - activity-server-1 活动服务启动|afterStartup
[2022-08-10T14:00:14.631] [WARN] logger - mysql | 服务 activity-server-1 | 创建连接池 | 成功
[2022-08-10T14:00:14.686] [WARN] logger - activity-server-1 !!活动服务启动|beforeStartup
[2022-08-10T14:00:14.786] [WARN] logger - activity-server-1 活动服务启动|afterStartup
[2022-08-10T14:05:28.000] [WARN] logger - mysql | 服务 activity-server-1 | 创建连接池 | 成功
[2022-08-10T14:05:28.106] [WARN] logger - activity-server-1 !!活动服务启动|beforeStartup
[2022-08-10T14:05:28.788] [WARN] logger - activity-server-1 活动服务启动|afterStartup
[2022-08-10T14:12:18.589] [WARN] logger - mysql | 服务 activity-server-1 | 创建连接池 | 成功
[2022-08-10T14:12:18.651] [WARN] logger - activity-server-1 !!活动服务启动|beforeStartup
[2022-08-10T14:12:19.229] [WARN] logger - activity-server-1 活动服务启动|afterStartup
[2022-08-10T14:16:14.906] [WARN] logger - mysql | 服务 activity-server-1 | 创建连接池 | 成功
[2022-08-10T14:16:14.957] [WARN] logger - activity-server-1 !!活动服务启动|beforeStartup
[2022-08-10T14:16:15.042] [WARN] logger - activity-server-1 活动服务启动|afterStartup
[2022-08-10T14:23:51.690] [WARN] logger - mysql | 服务 activity-server-1 | 创建连接池 | 成功
[2022-08-10T14:23:51.740] [WARN] logger - activity-server-1 !!活动服务启动|beforeStartup
[2022-08-10T14:23:51.815] [WARN] logger - activity-server-1 活动服务启动|afterStartup
[2022-08-12T15:15:34.862] [WARN] logger - mysql | 服务 activity-server-1 | 创建连接池 | 成功
[2022-08-12T15:15:34.945] [WARN] logger - activity-server-1 !!活动服务启动|beforeStartup
[2022-08-12T15:15:35.050] [WARN] logger - activity-server-1 活动服务启动|afterStartup
[2022-08-12T15:48:54.464] [WARN] logger - mysql | 服务 activity-server-1 | 创建连接池 | 成功
[2022-08-12T15:48:54.541] [WARN] logger - activity-server-1 !!活动服务启动|beforeStartup
[2022-08-12T15:48:55.078] [WARN] logger - activity-server-1 活动服务启动|afterStartup
[2022-08-12T16:40:02.528] [WARN] logger - mysql | 服务 activity-server-1 | 创建连接池 | 成功
[2022-08-12T16:40:02.570] [WARN] logger - activity-server-1 !!活动服务启动|beforeStartup
[2022-08-12T16:40:02.644] [WARN] logger - activity-server-1 活动服务启动|afterStartup
[2022-08-13T12:44:48.748] [WARN] logger - mysql | 服务 activity-server-1 | 创建连接池 | 成功
[2022-08-13T12:44:48.812] [WARN] logger - activity-server-1 !!活动服务启动|beforeStartup
[2022-08-13T12:44:49.512] [WARN] logger - activity-server-1 活动服务启动|afterStartup
[2022-08-13T15:19:38.193] [WARN] logger - mysql | 服务 activity-server-1 | 创建连接池 | 成功
[2022-08-13T15:19:38.274] [WARN] logger - activity-server-1 !!活动服务启动|beforeStartup
[2022-08-13T15:19:38.447] [WARN] logger - activity-server-1 活动服务启动|afterStartup
[2022-08-13T15:28:08.752] [WARN] logger - mysql | 服务 activity-server-1 | 创建连接池 | 成功
[2022-08-13T15:28:08.847] [WARN] logger - activity-server-1 !!活动服务启动|beforeStartup
[2022-08-13T15:28:09.577] [WARN] logger - activity-server-1 活动服务启动|afterStartup
[2022-08-13T15:43:04.884] [WARN] logger - mysql | 服务 activity-server-1 | 创建连接池 | 成功
[2022-08-13T15:43:04.937] [WARN] logger - activity-server-1 !!活动服务启动|beforeStartup
[2022-08-13T15:43:05.040] [WARN] logger - activity-server-1 活动服务启动|afterStartup
[2022-08-14T12:30:55.783] [WARN] logger - mysql | 服务 activity-server-1 | 创建连接池 | 成功
[2022-08-14T12:30:55.906] [WARN] logger - activity-server-1 !!活动服务启动|beforeStartup
[2022-08-14T12:30:56.088] [WARN] logger - activity-server-1 活动服务启动|afterStartup
[2022-08-14T12:34:33.016] [WARN] logger - mysql | 服务 activity-server-1 | 创建连接池 | 成功
[2022-08-14T12:34:33.064] [WARN] logger - activity-server-1 !!活动服务启动|beforeStartup
[2022-08-14T12:34:33.124] [WARN] logger - activity-server-1 活动服务启动|afterStartup
[2022-08-14T14:14:23.240] [WARN] logger - mysql | 服务 activity-server-1 | 创建连接池 | 成功
[2022-08-14T14:14:23.306] [WARN] logger - activity-server-1 !!活动服务启动|beforeStartup
[2022-08-14T14:14:24.004] [WARN] logger - activity-server-1 活动服务启动|afterStartup
[2022-08-14T14:50:41.372] [WARN] logger - mysql | 服务 activity-server-1 | 创建连接池 | 成功
[2022-08-14T14:50:41.429] [WARN] logger - activity-server-1 !!活动服务启动|beforeStartup
[2022-08-14T14:50:42.026] [WARN] logger - activity-server-1 活动服务启动|afterStartup
[2022-08-14T19:23:36.999] [WARN] logger - mysql | 服务 activity-server-1 | 创建连接池 | 成功
[2022-08-14T19:23:37.061] [WARN] logger - activity-server-1 !!活动服务启动|beforeStartup
[2022-08-14T19:23:37.257] [WARN] logger - activity-server-1 活动服务启动|afterStartup
[2022-08-15T17:43:23.790] [WARN] logger - mysql | 服务 activity-server-1 | 创建连接池 | 成功
[2022-08-15T17:43:23.834] [WARN] logger - activity-server-1 !!活动服务启动|beforeStartup
[2022-08-15T17:43:24.063] [WARN] logger - activity-server-1 活动服务启动|afterStartup
[2022-08-15T17:45:06.957] [WARN] logger - mysql | 服务 activity-server-1 | 创建连接池 | 成功
[2022-08-15T17:45:07.013] [WARN] logger - activity-server-1 !!活动服务启动|beforeStartup
[2022-08-15T17:45:07.548] [WARN] logger - activity-server-1 活动服务启动|afterStartup
[2022-08-25T22:22:33.060] [WARN] logger - mysql | 服务 activity-server-1 | 创建连接池 | 成功
[2022-08-25T22:22:33.116] [WARN] logger - activity-server-1 !!活动服务启动|beforeStartup
[2022-08-25T22:22:33.189] [WARN] logger - activity-server-1 活动服务启动|afterStartup
[2022-08-25T22:24:55.831] [WARN] logger - mysql | 服务 activity-server-1 | 创建连接池 | 成功
[2022-08-25T22:24:55.929] [WARN] logger - activity-server-1 !!活动服务启动|beforeStartup
[2022-08-25T22:24:56.587] [WARN] logger - activity-server-1 活动服务启动|afterStartup
[2022-08-25T22:25:59.446] [WARN] logger - mysql | 服务 activity-server-1 | 创建连接池 | 成功
[2022-08-25T22:25:59.514] [WARN] logger - activity-server-1 !!活动服务启动|beforeStartup
[2022-08-25T22:25:59.598] [WARN] logger - activity-server-1 活动服务启动|afterStartup
[2022-08-25T22:35:45.734] [WARN] logger - mysql | 服务 activity-server-1 | 创建连接池 | 成功
[2022-08-25T22:35:45.793] [WARN] logger - activity-server-1 !!活动服务启动|beforeStartup
[2022-08-25T22:35:46.655] [WARN] logger - activity-server-1 活动服务启动|afterStartup
[2022-08-25T22:37:13.962] [WARN] logger - mysql | 服务 activity-server-1 | 创建连接池 | 成功
[2022-08-25T22:37:14.040] [WARN] logger - activity-server-1 !!活动服务启动|beforeStartup
[2022-08-25T22:37:14.719] [WARN] logger - activity-server-1 活动服务启动|afterStartup
[2022-08-25T22:38:34.114] [WARN] logger - mysql | 服务 activity-server-1 | 创建连接池 | 成功
[2022-08-25T22:38:34.181] [WARN] logger - activity-server-1 !!活动服务启动|beforeStartup
[2022-08-25T22:38:34.259] [WARN] logger - activity-server-1 活动服务启动|afterStartup
[2022-08-31T10:39:59.519] [WARN] logger - mysql | 服务 activity-server-1 | 创建连接池 | 成功
[2022-08-31T10:39:59.546] [WARN] logger - activity-server-1 !!活动服务启动|beforeStartup
[2022-08-31T10:39:59.671] [WARN] logger - activity-server-1 活动服务启动|afterStartup
[2022-08-31T10:42:28.980] [WARN] logger - mysql | 服务 activity-server-1 | 创建连接池 | 成功
[2022-08-31T10:42:29.048] [WARN] logger - activity-server-1 !!活动服务启动|beforeStartup
[2022-08-31T10:42:30.101] [WARN] logger - activity-server-1 活动服务启动|afterStartup
[2022-08-31T10:49:37.036] [WARN] logger - mysql | 服务 activity-server-1 | 创建连接池 | 成功
[2022-08-31T10:49:37.087] [WARN] logger - activity-server-1 !!活动服务启动|beforeStartup
[2022-08-31T10:49:37.176] [WARN] logger - activity-server-1 活动服务启动|afterStartup
[2022-08-31T13:02:35.801] [WARN] logger - mysql | 服务 activity-server-1 | 创建连接池 | 成功
[2022-08-31T13:02:35.851] [WARN] logger - activity-server-1 !!活动服务启动|beforeStartup
[2022-08-31T13:02:35.938] [WARN] logger - activity-server-1 活动服务启动|afterStartup
[2022-08-31T13:45:38.340] [WARN] logger - mysql | 服务 activity-server-1 | 创建连接池 | 成功
[2022-08-31T13:45:38.394] [WARN] logger - activity-server-1 !!活动服务启动|beforeStartup
[2022-08-31T13:45:39.029] [WARN] logger - activity-server-1 活动服务启动|afterStartup
[2022-08-31T14:12:35.517] [WARN] logger - mysql | 服务 activity-server-1 | 创建连接池 | 成功
[2022-08-31T14:12:35.727] [WARN] logger - activity-server-1 !!活动服务启动|beforeStartup
[2022-08-31T14:12:35.817] [WARN] logger - activity-server-1 活动服务启动|afterStartup
[2022-09-01T00:00:30.510] [WARN] logger - mysql | 服务 activity-server-1 | 创建连接池 | 成功
[2022-09-01T00:00:30.556] [WARN] logger - activity-server-1 !!活动服务启动|beforeStartup
[2022-09-01T00:00:30.743] [WARN] logger - activity-server-1 活动服务启动|afterStartup
[2022-09-01T00:04:20.947] [WARN] logger - mysql | 服务 activity-server-1 | 创建连接池 | 成功
[2022-09-01T00:04:20.999] [WARN] logger - activity-server-1 !!活动服务启动|beforeStartup
[2022-09-01T00:04:21.108] [WARN] logger - activity-server-1 活动服务启动|afterStartup
[2022-09-01T00:15:18.634] [WARN] logger - mysql | 服务 activity-server-1 | 创建连接池 | 成功
[2022-09-01T00:15:18.682] [WARN] logger - activity-server-1 !!活动服务启动|beforeStartup
[2022-09-01T00:15:19.184] [WARN] logger - activity-server-1 活动服务启动|afterStartup
[2022-09-01T11:59:19.632] [WARN] logger - mysql | 服务 activity-server-1 | 创建连接池 | 成功
[2022-09-01T11:59:19.697] [WARN] logger - activity-server-1 !!活动服务启动|beforeStartup
[2022-09-01T11:59:19.784] [WARN] logger - activity-server-1 活动服务启动|afterStartup
[2022-09-01T12:01:39.885] [WARN] logger - mysql | 服务 activity-server-1 | 创建连接池 | 成功
[2022-09-01T12:01:39.958] [WARN] logger - activity-server-1 !!活动服务启动|beforeStartup
[2022-09-01T12:01:40.643] [WARN] logger - activity-server-1 活动服务启动|afterStartup
[2022-09-01T12:03:20.200] [WARN] logger - mysql | 服务 activity-server-1 | 创建连接池 | 成功
[2022-09-01T12:03:20.248] [WARN] logger - activity-server-1 !!活动服务启动|beforeStartup
[2022-09-01T12:03:20.744] [WARN] logger - activity-server-1 活动服务启动|afterStartup
[2022-09-02T23:25:37.101] [WARN] logger - mysql | 服务 activity-server-1 | 创建连接池 | 出错: Error: connect ECONNREFUSED 127.0.0.1:3306
    at TCPConnectWrap.afterConnect [as oncomplete] (node:net:1157:16)
    --------------------
    at Protocol._enqueue (D:\backService\node_modules\mysql\lib\protocol\Protocol.js:144:48)
    at Protocol.handshake (D:\backService\node_modules\mysql\lib\protocol\Protocol.js:51:23)
    at PoolConnection.connect (D:\backService\node_modules\mysql\lib\Connection.js:116:18)
    at Pool.getConnection (D:\backService\node_modules\mysql\lib\Pool.js:48:16)
    at D:\backService\src\driver\mysql\MysqlDriver.ts:1025:18
    at new Promise (<anonymous>)
    at MysqlDriver.createPool (D:\backService\src\driver\mysql\MysqlDriver.ts:1022:16)
    at MysqlDriver.<anonymous> (D:\backService\src\driver\mysql\MysqlDriver.ts:369:36)
    at step (D:\backService\node_modules\tslib\tslib.js:144:27)
    at Object.next (D:\backService\node_modules\tslib\tslib.js:125:57)
    at D:\backService\node_modules\tslib\tslib.js:118:75
    at new Promise (<anonymous>)
    at __awaiter (D:\backService\node_modules\tslib\tslib.js:114:16)
    at MysqlDriver.connect (D:\backService\node_modules\typeorm\driver\mysql\MysqlDriver.js:286:38)
    at Connection.<anonymous> (D:\backService\src\connection\Connection.ts:181:27)
    at step (D:\backService\node_modules\tslib\tslib.js:144:27)
[2022-09-02T23:25:37.136] [WARN] logger - activity-server-1 !!活动服务启动|beforeStartup
[2022-09-02T23:25:37.213] [WARN] logger - activity-server-1 活动服务启动|afterStartup
[2022-09-02T23:26:16.352] [WARN] logger - mysql | 服务 activity-server-1 | 创建连接池 | 成功
[2022-09-02T23:26:16.390] [WARN] logger - activity-server-1 !!活动服务启动|beforeStartup
[2022-09-02T23:26:16.457] [WARN] logger - activity-server-1 活动服务启动|afterStartup
[2022-09-02T23:31:42.452] [WARN] logger - mysql | 服务 activity-server-1 | 创建连接池 | 成功
[2022-09-02T23:31:42.504] [WARN] logger - activity-server-1 !!活动服务启动|beforeStartup
[2022-09-02T23:31:43.077] [WARN] logger - activity-server-1 活动服务启动|afterStartup
[2022-09-08T16:30:06.314] [WARN] logger - mysql | 服务 activity-server-1 | 创建连接池 | 成功
[2022-09-08T16:30:06.415] [WARN] logger - activity-server-1 !!活动服务启动|beforeStartup
[2022-09-08T16:30:07.204] [WARN] logger - activity-server-1 活动服务启动|afterStartup
[2022-09-08T16:39:27.068] [WARN] logger - mysql | 服务 activity-server-1 | 创建连接池 | 成功
[2022-09-08T16:39:27.096] [WARN] logger - activity-server-1 !!活动服务启动|beforeStartup
[2022-09-08T16:39:27.178] [WARN] logger - activity-server-1 活动服务启动|afterStartup
[2022-09-08T16:47:52.695] [WARN] logger - mysql | 服务 activity-server-1 | 创建连接池 | 成功
[2022-09-08T16:47:52.864] [WARN] logger - activity-server-1 !!活动服务启动|beforeStartup
[2022-09-08T16:47:54.107] [WARN] logger - activity-server-1 活动服务启动|afterStartup
[2022-09-08T17:46:53.851] [WARN] logger - mysql | 服务 activity-server-1 | 创建连接池 | 成功
[2022-09-08T17:46:53.943] [WARN] logger - activity-server-1 !!活动服务启动|beforeStartup
[2022-09-08T17:46:54.511] [WARN] logger - activity-server-1 活动服务启动|afterStartup
[2022-09-08T17:54:59.821] [WARN] logger - mysql | 服务 activity-server-1 | 创建连接池 | 成功
[2022-09-08T17:54:59.938] [WARN] logger - activity-server-1 !!活动服务启动|beforeStartup
[2022-09-08T17:55:01.498] [WARN] logger - activity-server-1 活动服务启动|afterStartup
[2022-09-08T17:57:46.698] [WARN] logger - mysql | 服务 activity-server-1 | 创建连接池 | 成功
[2022-09-08T17:57:46.855] [WARN] logger - activity-server-1 !!活动服务启动|beforeStartup
[2022-09-08T17:57:47.142] [WARN] logger - activity-server-1 活动服务启动|afterStartup
[2022-09-08T18:02:15.122] [WARN] logger - mysql | 服务 activity-server-1 | 创建连接池 | 成功
[2022-09-08T18:02:15.210] [WARN] logger - activity-server-1 !!活动服务启动|beforeStartup
[2022-09-08T18:02:16.380] [WARN] logger - activity-server-1 活动服务启动|afterStartup
[2022-09-08T18:46:28.863] [WARN] logger - mysql | 服务 activity-server-1 | 创建连接池 | 成功
[2022-09-08T18:46:28.970] [WARN] logger - activity-server-1 !!活动服务启动|beforeStartup
[2022-09-08T18:46:29.206] [WARN] logger - activity-server-1 活动服务启动|afterStartup
[2022-09-08T18:58:15.977] [WARN] logger - mysql | 服务 activity-server-1 | 创建连接池 | 成功
[2022-09-08T18:58:16.100] [WARN] logger - activity-server-1 !!活动服务启动|beforeStartup
[2022-09-08T18:58:16.425] [WARN] logger - activity-server-1 活动服务启动|afterStartup
[2022-09-09T11:22:04.287] [WARN] logger - mysql | 服务 activity-server-1 | 创建连接池 | 出错: Error: connect ECONNREFUSED 127.0.0.1:3306
    at TCPConnectWrap.afterConnect [as oncomplete] (node:net:1157:16)
    --------------------
    at Protocol._enqueue (D:\backService\node_modules\mysql\lib\protocol\Protocol.js:144:48)
    at Protocol.handshake (D:\backService\node_modules\mysql\lib\protocol\Protocol.js:51:23)
    at PoolConnection.connect (D:\backService\node_modules\mysql\lib\Connection.js:116:18)
    at Pool.getConnection (D:\backService\node_modules\mysql\lib\Pool.js:48:16)
    at D:\backService\src\driver\mysql\MysqlDriver.ts:1025:18
    at new Promise (<anonymous>)
    at MysqlDriver.createPool (D:\backService\src\driver\mysql\MysqlDriver.ts:1022:16)
    at MysqlDriver.<anonymous> (D:\backService\src\driver\mysql\MysqlDriver.ts:369:36)
    at step (D:\backService\node_modules\tslib\tslib.js:144:27)
    at Object.next (D:\backService\node_modules\tslib\tslib.js:125:57)
    at D:\backService\node_modules\tslib\tslib.js:118:75
    at new Promise (<anonymous>)
    at __awaiter (D:\backService\node_modules\tslib\tslib.js:114:16)
    at MysqlDriver.connect (D:\backService\node_modules\typeorm\driver\mysql\MysqlDriver.js:286:38)
    at Connection.<anonymous> (D:\backService\src\connection\Connection.ts:181:27)
    at step (D:\backService\node_modules\tslib\tslib.js:144:27)
[2022-09-09T11:22:04.312] [WARN] logger - activity-server-1 !!活动服务启动|beforeStartup
[2022-09-09T11:22:04.517] [WARN] logger - activity-server-1 活动服务启动|afterStartup
[2022-09-09T11:22:33.079] [WARN] logger - mysql | 服务 activity-server-1 | 创建连接池 | 出错: Error: connect ECONNREFUSED 127.0.0.1:3306
    at TCPConnectWrap.afterConnect [as oncomplete] (node:net:1157:16)
    --------------------
    at Protocol._enqueue (D:\backService\node_modules\mysql\lib\protocol\Protocol.js:144:48)
    at Protocol.handshake (D:\backService\node_modules\mysql\lib\protocol\Protocol.js:51:23)
    at PoolConnection.connect (D:\backService\node_modules\mysql\lib\Connection.js:116:18)
    at Pool.getConnection (D:\backService\node_modules\mysql\lib\Pool.js:48:16)
    at D:\backService\src\driver\mysql\MysqlDriver.ts:1025:18
    at new Promise (<anonymous>)
    at MysqlDriver.createPool (D:\backService\src\driver\mysql\MysqlDriver.ts:1022:16)
    at MysqlDriver.<anonymous> (D:\backService\src\driver\mysql\MysqlDriver.ts:369:36)
    at step (D:\backService\node_modules\tslib\tslib.js:144:27)
    at Object.next (D:\backService\node_modules\tslib\tslib.js:125:57)
    at D:\backService\node_modules\tslib\tslib.js:118:75
    at new Promise (<anonymous>)
    at __awaiter (D:\backService\node_modules\tslib\tslib.js:114:16)
    at MysqlDriver.connect (D:\backService\node_modules\typeorm\driver\mysql\MysqlDriver.js:286:38)
    at Connection.<anonymous> (D:\backService\src\connection\Connection.ts:181:27)
    at step (D:\backService\node_modules\tslib\tslib.js:144:27)
[2022-09-09T11:22:33.103] [WARN] logger - activity-server-1 !!活动服务启动|beforeStartup
[2022-09-09T11:22:33.188] [WARN] logger - activity-server-1 活动服务启动|afterStartup
[2022-09-09T11:23:05.734] [WARN] logger - mysql | 服务 activity-server-1 | 创建连接池 | 出错: Error: connect ECONNREFUSED 127.0.0.1:3306
    at TCPConnectWrap.afterConnect [as oncomplete] (node:net:1157:16)
    --------------------
    at Protocol._enqueue (D:\backService\node_modules\mysql\lib\protocol\Protocol.js:144:48)
    at Protocol.handshake (D:\backService\node_modules\mysql\lib\protocol\Protocol.js:51:23)
    at PoolConnection.connect (D:\backService\node_modules\mysql\lib\Connection.js:116:18)
    at Pool.getConnection (D:\backService\node_modules\mysql\lib\Pool.js:48:16)
    at D:\backService\src\driver\mysql\MysqlDriver.ts:1025:18
    at new Promise (<anonymous>)
    at MysqlDriver.createPool (D:\backService\src\driver\mysql\MysqlDriver.ts:1022:16)
    at MysqlDriver.<anonymous> (D:\backService\src\driver\mysql\MysqlDriver.ts:369:36)
    at step (D:\backService\node_modules\tslib\tslib.js:144:27)
    at Object.next (D:\backService\node_modules\tslib\tslib.js:125:57)
    at D:\backService\node_modules\tslib\tslib.js:118:75
    at new Promise (<anonymous>)
    at __awaiter (D:\backService\node_modules\tslib\tslib.js:114:16)
    at MysqlDriver.connect (D:\backService\node_modules\typeorm\driver\mysql\MysqlDriver.js:286:38)
    at Connection.<anonymous> (D:\backService\src\connection\Connection.ts:181:27)
    at step (D:\backService\node_modules\tslib\tslib.js:144:27)
[2022-09-09T11:23:05.751] [WARN] logger - activity-server-1 !!活动服务启动|beforeStartup
[2022-09-09T11:23:05.798] [WARN] logger - activity-server-1 活动服务启动|afterStartup
[2022-10-15T11:40:42.811] [WARN] logger - mysql | 服务 activity-server-1 | 创建连接池 | 成功
[2022-10-15T11:40:42.867] [WARN] logger - activity-server-1 !!活动服务启动|beforeStartup
[2022-10-15T11:40:42.959] [WARN] logger - activity-server-1 活动服务启动|afterStartup
[2022-10-15T11:46:45.678] [WARN] logger - mysql | 服务 activity-server-1 | 创建连接池 | 成功
[2022-10-15T11:46:45.736] [WARN] logger - activity-server-1 !!活动服务启动|beforeStartup
[2022-10-15T11:46:45.812] [WARN] logger - activity-server-1 活动服务启动|afterStartup
[2022-10-15T11:49:38.762] [WARN] logger - mysql | 服务 activity-server-1 | 创建连接池 | 成功
[2022-10-15T11:49:38.848] [WARN] logger - activity-server-1 !!活动服务启动|beforeStartup
[2022-10-15T11:49:39.701] [WARN] logger - activity-server-1 活动服务启动|afterStartup
[2022-10-15T11:56:28.692] [WARN] logger - mysql | 服务 activity-server-1 | 创建连接池 | 成功
[2022-10-15T11:56:28.741] [WARN] logger - activity-server-1 !!活动服务启动|beforeStartup
[2022-10-15T11:56:28.820] [WARN] logger - activity-server-1 活动服务启动|afterStartup
[2022-10-15T12:33:08.727] [WARN] logger - mysql | 服务 activity-server-1 | 创建连接池 | 成功
[2022-10-15T12:33:08.836] [WARN] logger - activity-server-1 !!活动服务启动|beforeStartup
[2022-10-15T12:33:08.957] [WARN] logger - activity-server-1 活动服务启动|afterStartup
[2022-12-05T12:06:36.408] [WARN] logger - mysql | 服务 activity-server-1 | 创建连接池 | 成功
[2022-12-05T12:06:36.469] [WARN] logger - activity-server-1 !!活动服务启动|beforeStartup
[2022-12-05T12:06:36.641] [WARN] logger - activity-server-1 活动服务启动|afterStartup
[2022-12-23T15:01:47.438] [WARN] logger - mysql | 服务 activity-server-1 | 创建连接池 | 成功
[2022-12-23T15:01:47.528] [WARN] logger - activity-server-1 !!活动服务启动|beforeStartup
[2022-12-23T15:01:47.647] [WARN] logger - activity-server-1 活动服务启动|afterStartup
[2022-12-23T15:21:24.267] [WARN] logger - mysql | 服务 activity-server-1 | 创建连接池 | 成功
[2022-12-23T15:21:24.319] [WARN] logger - activity-server-1 !!活动服务启动|beforeStartup
[2022-12-23T15:21:24.421] [WARN] logger - activity-server-1 活动服务启动|afterStartup
[2022-12-23T15:27:16.999] [WARN] logger - mysql | 服务 activity-server-1 | 创建连接池 | 成功
[2022-12-23T15:27:17.085] [WARN] logger - activity-server-1 !!活动服务启动|beforeStartup
[2022-12-23T15:27:17.708] [WARN] logger - activity-server-1 活动服务启动|afterStartup
[2022-12-23T15:35:46.994] [WARN] logger - mysql | 服务 activity-server-1 | 创建连接池 | 成功
[2022-12-23T15:35:47.033] [WARN] logger - activity-server-1 !!活动服务启动|beforeStartup
[2022-12-23T15:35:47.098] [WARN] logger - activity-server-1 活动服务启动|afterStartup
[2022-12-23T16:02:52.906] [WARN] logger - mysql | 服务 activity-server-1 | 创建连接池 | 成功
[2022-12-23T16:02:52.950] [WARN] logger - activity-server-1 !!活动服务启动|beforeStartup
[2022-12-23T16:02:53.077] [WARN] logger - activity-server-1 活动服务启动|afterStartup
[2022-12-23T16:03:58.112] [WARN] logger - mysql | 服务 activity-server-1 | 创建连接池 | 成功
[2022-12-23T16:03:58.152] [WARN] logger - activity-server-1 !!活动服务启动|beforeStartup
[2022-12-23T16:03:58.239] [WARN] logger - activity-server-1 活动服务启动|afterStartup
[2022-12-23T16:05:46.851] [WARN] logger - mysql | 服务 activity-server-1 | 创建连接池 | 成功
[2022-12-23T16:05:46.914] [WARN] logger - activity-server-1 !!活动服务启动|beforeStartup
[2022-12-23T16:05:47.007] [WARN] logger - activity-server-1 活动服务启动|afterStartup
[2022-12-23T16:19:35.821] [WARN] logger - mysql | 服务 activity-server-1 | 创建连接池 | 成功
[2022-12-23T16:19:35.896] [WARN] logger - activity-server-1 !!活动服务启动|beforeStartup
[2022-12-23T16:19:35.973] [WARN] logger - activity-server-1 活动服务启动|afterStartup
[2022-12-24T12:10:41.345] [WARN] logger - mysql | 服务 activity-server-1 | 创建连接池 | 成功
[2022-12-24T12:10:41.394] [WARN] logger - activity-server-1 !!活动服务启动|beforeStartup
[2022-12-24T12:10:41.502] [WARN] logger - activity-server-1 活动服务启动|afterStartup
[2022-12-24T12:56:53.292] [WARN] logger - mysql | 服务 activity-server-1 | 创建连接池 | 成功
[2022-12-24T12:56:53.339] [WARN] logger - activity-server-1 !!活动服务启动|beforeStartup
[2022-12-24T12:56:53.977] [WARN] logger - activity-server-1 活动服务启动|afterStartup
[2022-12-24T13:01:11.079] [WARN] logger - mysql | 服务 activity-server-1 | 创建连接池 | 成功
[2022-12-24T13:01:11.134] [WARN] logger - activity-server-1 !!活动服务启动|beforeStartup
[2022-12-24T13:01:11.353] [WARN] logger - activity-server-1 活动服务启动|afterStartup
[2023-01-11T11:21:05.788] [WARN] logger - mysql | 服务 activity-server-1 | 创建连接池 | 成功
[2023-01-11T11:21:05.866] [WARN] logger - activity-server-1 !!活动服务启动|beforeStartup
[2023-01-11T11:21:06.048] [WARN] logger - activity-server-1 活动服务启动|afterStartup
[2023-01-13T15:26:48.241] [WARN] logger - mysql | 服务 activity-server-1 | 创建连接池 | 成功
[2023-01-13T15:26:48.276] [WARN] logger - activity-server-1 !!活动服务启动|beforeStartup
[2023-01-13T15:26:48.348] [WARN] logger - activity-server-1 活动服务启动|afterStartup
[2023-01-13T15:29:00.845] [WARN] logger - mysql | 服务 activity-server-1 | 创建连接池 | 成功
[2023-01-13T15:29:00.894] [WARN] logger - activity-server-1 !!活动服务启动|beforeStartup
[2023-01-13T15:29:00.976] [WARN] logger - activity-server-1 活动服务启动|afterStartup
[2023-01-13T15:34:28.875] [WARN] logger - mysql | 服务 activity-server-1 | 创建连接池 | 成功
[2023-01-13T15:34:28.908] [WARN] logger - activity-server-1 !!活动服务启动|beforeStartup
[2023-01-13T15:34:28.979] [WARN] logger - activity-server-1 活动服务启动|afterStartup
[2023-01-18T11:07:13.714] [WARN] logger - mysql | 服务 activity-server-1 | 创建连接池 | 成功
[2023-01-18T11:07:13.804] [WARN] logger - activity-server-1 !!活动服务启动|beforeStartup
[2023-01-18T11:07:14.553] [WARN] logger - activity-server-1 活动服务启动|afterStartup
[2023-01-18T11:12:23.297] [WARN] logger - mysql | 服务 activity-server-1 | 创建连接池 | 成功
[2023-01-18T11:12:23.351] [WARN] logger - activity-server-1 !!活动服务启动|beforeStartup
[2023-01-18T11:12:23.530] [WARN] logger - activity-server-1 活动服务启动|afterStartup
[2023-01-28T11:56:02.640] [WARN] logger - mysql | 服务 activity-server-1 | 创建连接池 | 成功
[2023-01-28T11:56:02.683] [WARN] logger - activity-server-1 !!活动服务启动|beforeStartup
[2023-01-28T11:56:02.882] [WARN] logger - activity-server-1 活动服务启动|afterStartup
[2023-01-28T12:00:40.042] [WARN] logger - mysql | 服务 activity-server-1 | 创建连接池 | 成功
[2023-01-28T12:00:40.126] [WARN] logger - activity-server-1 !!活动服务启动|beforeStartup
[2023-01-28T12:00:40.625] [WARN] logger - activity-server-1 活动服务启动|afterStartup
[2023-01-28T12:02:30.100] [WARN] logger - mysql | 服务 activity-server-1 | 创建连接池 | 成功
[2023-01-28T12:02:30.131] [WARN] logger - activity-server-1 !!活动服务启动|beforeStartup
[2023-01-28T12:02:30.207] [WARN] logger - activity-server-1 活动服务启动|afterStartup
[2023-01-28T12:06:48.793] [WARN] logger - mysql | 服务 activity-server-1 | 创建连接池 | 成功
[2023-01-28T12:06:48.826] [WARN] logger - activity-server-1 !!活动服务启动|beforeStartup
[2023-01-28T12:06:48.947] [WARN] logger - activity-server-1 活动服务启动|afterStartup
[2023-01-29T12:12:37.519] [WARN] logger - mysql | 服务 activity-server-1 | 创建连接池 | 成功
[2023-01-29T12:12:37.546] [WARN] logger - activity-server-1 !!活动服务启动|beforeStartup
[2023-01-29T12:12:37.691] [WARN] logger - activity-server-1 活动服务启动|afterStartup
[2023-01-29T15:21:51.081] [WARN] logger - mysql | 服务 activity-server-1 | 创建连接池 | 成功
[2023-01-29T15:21:51.130] [WARN] logger - activity-server-1 !!活动服务启动|beforeStartup
[2023-01-29T15:21:51.276] [WARN] logger - activity-server-1 活动服务启动|afterStartup
[2023-01-29T16:06:03.175] [WARN] logger - mysql | 服务 activity-server-1 | 创建连接池 | 成功
[2023-01-29T16:06:03.279] [WARN] logger - activity-server-1 !!活动服务启动|beforeStartup
[2023-01-29T16:06:03.425] [WARN] logger - activity-server-1 活动服务启动|afterStartup
[2023-01-29T16:08:52.656] [WARN] logger - mysql | 服务 activity-server-1 | 创建连接池 | 成功
[2023-01-29T16:08:52.709] [WARN] logger - activity-server-1 !!活动服务启动|beforeStartup
[2023-01-29T16:08:53.552] [WARN] logger - activity-server-1 活动服务启动|afterStartup
[2023-01-29T17:00:36.667] [WARN] logger - mysql | 服务 activity-server-1 | 创建连接池 | 成功
[2023-01-29T17:00:36.747] [WARN] logger - activity-server-1 !!活动服务启动|beforeStartup
[2023-01-29T17:00:36.964] [WARN] logger - activity-server-1 活动服务启动|afterStartup
[2023-01-30T15:35:50.829] [WARN] logger - mysql | 服务 activity-server-1 | 创建连接池 | 成功
[2023-01-30T15:35:50.912] [WARN] logger - activity-server-1 !!活动服务启动|beforeStartup
[2023-01-30T15:35:51.161] [WARN] logger - activity-server-1 活动服务启动|afterStartup
[2023-01-30T16:29:32.531] [WARN] logger - mysql | 服务 activity-server-1 | 创建连接池 | 成功
[2023-01-30T16:29:32.583] [WARN] logger - activity-server-1 !!活动服务启动|beforeStartup
[2023-01-30T16:29:32.688] [WARN] logger - activity-server-1 活动服务启动|afterStartup
[2023-01-30T16:36:37.591] [WARN] logger - mysql | 服务 activity-server-1 | 创建连接池 | 成功
[2023-01-30T16:36:37.657] [WARN] logger - activity-server-1 !!活动服务启动|beforeStartup
[2023-01-30T16:36:38.310] [WARN] logger - activity-server-1 活动服务启动|afterStartup
[2023-01-30T17:02:06.213] [WARN] logger - mysql | 服务 activity-server-1 | 创建连接池 | 成功
[2023-01-30T17:02:06.273] [WARN] logger - activity-server-1 !!活动服务启动|beforeStartup
[2023-01-30T17:02:06.867] [WARN] logger - activity-server-1 活动服务启动|afterStartup
[2023-01-30T18:04:37.719] [WARN] logger - mysql | 服务 activity-server-1 | 创建连接池 | 成功
[2023-01-30T18:04:37.770] [WARN] logger - activity-server-1 !!活动服务启动|beforeStartup
[2023-01-30T18:04:37.889] [WARN] logger - activity-server-1 活动服务启动|afterStartup
[2023-01-30T18:31:48.078] [WARN] logger - mysql | 服务 activity-server-1 | 创建连接池 | 成功
[2023-01-30T18:31:48.160] [WARN] logger - activity-server-1 !!活动服务启动|beforeStartup
[2023-01-30T18:31:48.241] [WARN] logger - activity-server-1 活动服务启动|afterStartup
[2023-01-31T10:23:43.231] [WARN] logger - mysql | 服务 activity-server-1 | 创建连接池 | 成功
[2023-01-31T10:23:43.257] [WARN] logger - activity-server-1 !!活动服务启动|beforeStartup
[2023-01-31T10:23:43.355] [WARN] logger - activity-server-1 活动服务启动|afterStartup
[2023-01-31T13:19:32.727] [WARN] logger - mysql | 服务 activity-server-1 | 创建连接池 | 成功
[2023-01-31T13:19:32.800] [WARN] logger - activity-server-1 !!活动服务启动|beforeStartup
[2023-01-31T13:19:32.946] [WARN] logger - activity-server-1 活动服务启动|afterStartup
[2023-01-31T13:25:41.419] [WARN] logger - mysql | 服务 activity-server-1 | 创建连接池 | 成功
[2023-01-31T13:25:41.481] [WARN] logger - activity-server-1 !!活动服务启动|beforeStartup
[2023-01-31T13:25:41.954] [WARN] logger - activity-server-1 活动服务启动|afterStartup
[2023-01-31T13:40:37.998] [WARN] logger - mysql | 服务 activity-server-1 | 创建连接池 | 成功
[2023-01-31T13:40:38.058] [WARN] logger - activity-server-1 !!活动服务启动|beforeStartup
[2023-01-31T13:40:38.767] [WARN] logger - activity-server-1 活动服务启动|afterStartup
[2023-02-06T13:47:58.235] [WARN] logger - mysql | 服务 activity-server-1 | 创建连接池 | 成功
[2023-02-06T13:47:58.286] [WARN] logger - activity-server-1 !!活动服务启动|beforeStartup
[2023-02-06T13:47:58.420] [WARN] logger - activity-server-1 活动服务启动|afterStartup
[2023-02-06T13:48:35.979] [WARN] logger - mysql | 服务 activity-server-1 | 创建连接池 | 成功
[2023-02-06T13:48:36.018] [WARN] logger - activity-server-1 !!活动服务启动|beforeStartup
[2023-02-06T13:48:36.132] [WARN] logger - activity-server-1 活动服务启动|afterStartup
[2023-02-06T13:58:20.748] [WARN] logger - mysql | 服务 activity-server-1 | 创建连接池 | 成功
[2023-02-06T13:58:20.821] [WARN] logger - activity-server-1 !!活动服务启动|beforeStartup
[2023-02-06T13:58:20.941] [WARN] logger - activity-server-1 活动服务启动|afterStartup
[2023-02-06T14:07:21.592] [WARN] logger - mysql | 服务 activity-server-1 | 创建连接池 | 成功
[2023-02-06T14:07:21.652] [WARN] logger - activity-server-1 !!活动服务启动|beforeStartup
[2023-02-06T14:07:21.772] [WARN] logger - activity-server-1 活动服务启动|afterStartup
[2023-02-06T14:32:25.523] [WARN] logger - mysql | 服务 activity-server-1 | 创建连接池 | 成功
[2023-02-06T14:32:25.579] [WARN] logger - activity-server-1 !!活动服务启动|beforeStartup
[2023-02-06T14:32:25.719] [WARN] logger - activity-server-1 活动服务启动|afterStartup
[2023-02-06T14:35:31.371] [WARN] logger - mysql | 服务 activity-server-1 | 创建连接池 | 成功
[2023-02-06T14:35:31.425] [WARN] logger - activity-server-1 !!活动服务启动|beforeStartup
[2023-02-06T14:35:31.531] [WARN] logger - activity-server-1 活动服务启动|afterStartup
[2023-02-10T13:13:34.095] [WARN] logger - mysql | 服务 activity-server-1 | 创建连接池 | 成功
[2023-02-10T13:13:34.147] [WARN] logger - activity-server-1 !!活动服务启动|beforeStartup
[2023-02-10T13:13:34.277] [WARN] logger - activity-server-1 活动服务启动|afterStartup
[2023-02-10T13:39:43.270] [WARN] logger - mysql | 服务 activity-server-1 | 创建连接池 | 成功
[2023-02-10T13:39:43.328] [WARN] logger - activity-server-1 !!活动服务启动|beforeStartup
[2023-02-10T13:39:43.439] [WARN] logger - activity-server-1 活动服务启动|afterStartup
[2023-02-10T13:49:42.403] [WARN] logger - mysql | 服务 activity-server-1 | 创建连接池 | 成功
[2023-02-10T13:49:42.524] [WARN] logger - activity-server-1 !!活动服务启动|beforeStartup
[2023-02-10T13:49:43.044] [WARN] logger - activity-server-1 活动服务启动|afterStartup
[2023-02-10T13:53:14.414] [WARN] logger - mysql | 服务 activity-server-1 | 创建连接池 | 成功
[2023-02-10T13:53:14.473] [WARN] logger - activity-server-1 !!活动服务启动|beforeStartup
[2023-02-10T13:53:15.043] [WARN] logger - activity-server-1 活动服务启动|afterStartup
[2023-02-10T14:03:03.389] [WARN] logger - mysql | 服务 activity-server-1 | 创建连接池 | 成功
[2023-02-10T14:03:03.420] [WARN] logger - activity-server-1 !!活动服务启动|beforeStartup
[2023-02-10T14:03:03.492] [WARN] logger - activity-server-1 活动服务启动|afterStartup
[2023-02-10T14:05:18.656] [WARN] logger - mysql | 服务 activity-server-1 | 创建连接池 | 成功
[2023-02-10T14:05:18.749] [WARN] logger - activity-server-1 !!活动服务启动|beforeStartup
[2023-02-10T14:05:19.409] [WARN] logger - activity-server-1 活动服务启动|afterStartup
[2023-02-10T14:11:09.382] [WARN] logger - mysql | 服务 activity-server-1 | 创建连接池 | 成功
[2023-02-10T14:11:09.513] [WARN] logger - activity-server-1 !!活动服务启动|beforeStartup
[2023-02-10T14:11:10.349] [WARN] logger - activity-server-1 活动服务启动|afterStartup
[2023-02-10T14:16:25.208] [WARN] logger - mysql | 服务 activity-server-1 | 创建连接池 | 成功
[2023-02-10T14:16:25.277] [WARN] logger - activity-server-1 !!活动服务启动|beforeStartup
[2023-02-10T14:16:26.014] [WARN] logger - activity-server-1 活动服务启动|afterStartup
[2023-02-10T14:35:33.500] [WARN] logger - mysql | 服务 activity-server-1 | 创建连接池 | 成功
[2023-02-10T14:35:33.608] [WARN] logger - activity-server-1 !!活动服务启动|beforeStartup
[2023-02-10T14:35:34.611] [WARN] logger - activity-server-1 活动服务启动|afterStartup
[2023-02-10T14:36:15.762] [WARN] logger - mysql | 服务 activity-server-1 | 创建连接池 | 成功
[2023-02-10T14:36:15.881] [WARN] logger - activity-server-1 !!活动服务启动|beforeStartup
[2023-02-10T14:36:15.989] [WARN] logger - activity-server-1 活动服务启动|afterStartup
[2023-02-10T14:38:34.390] [WARN] logger - mysql | 服务 activity-server-1 | 创建连接池 | 成功
[2023-02-10T14:38:34.441] [WARN] logger - activity-server-1 !!活动服务启动|beforeStartup
[2023-02-10T14:38:34.618] [WARN] logger - activity-server-1 活动服务启动|afterStartup
[2023-02-11T18:35:07.766] [WARN] logger - mysql | 服务 activity-server-1 | 创建连接池 | 成功
[2023-02-11T18:35:07.836] [WARN] logger - activity-server-1 !!活动服务启动|beforeStartup
[2023-02-11T18:35:07.981] [WARN] logger - activity-server-1 活动服务启动|afterStartup
[2023-02-11T19:00:17.401] [WARN] logger - mysql | 服务 activity-server-1 | 创建连接池 | 成功
[2023-02-11T19:00:17.478] [WARN] logger - activity-server-1 !!活动服务启动|beforeStartup
[2023-02-11T19:00:17.559] [WARN] logger - activity-server-1 活动服务启动|afterStartup
[2023-02-11T19:03:50.314] [WARN] logger - mysql | 服务 activity-server-1 | 创建连接池 | 成功
[2023-02-11T19:03:50.353] [WARN] logger - activity-server-1 !!活动服务启动|beforeStartup
[2023-02-11T19:03:50.442] [WARN] logger - activity-server-1 活动服务启动|afterStartup
[2023-02-11T19:06:05.591] [WARN] logger - mysql | 服务 activity-server-1 | 创建连接池 | 成功
[2023-02-11T19:06:05.723] [WARN] logger - activity-server-1 !!活动服务启动|beforeStartup
[2023-02-11T19:06:06.410] [WARN] logger - activity-server-1 活动服务启动|afterStartup
[2023-02-11T19:15:26.039] [WARN] logger - mysql | 服务 activity-server-1 | 创建连接池 | 成功
[2023-02-11T19:15:26.072] [WARN] logger - activity-server-1 !!活动服务启动|beforeStartup
[2023-02-11T19:15:26.149] [WARN] logger - activity-server-1 活动服务启动|afterStartup
[2023-03-08T15:26:55.026] [WARN] logger - mysql | 服务 activity-server-1 | 创建连接池 | 成功
[2023-03-08T15:26:55.070] [WARN] logger - activity-server-1 !!活动服务启动|beforeStartup
[2023-03-08T15:26:55.181] [WARN] logger - activity-server-1 活动服务启动|afterStartup
[2023-03-08T15:28:08.214] [WARN] logger - mysql | 服务 activity-server-1 | 创建连接池 | 成功
[2023-03-08T15:28:08.264] [WARN] logger - activity-server-1 !!活动服务启动|beforeStartup
[2023-03-08T15:28:08.336] [WARN] logger - activity-server-1 活动服务启动|afterStartup
[2023-03-20T23:09:48.327] [WARN] logger - mysql | 服务 activity-server-1 | 创建连接池 | 成功
[2023-03-20T23:09:48.366] [WARN] logger - activity-server-1 !!活动服务启动|beforeStartup
[2023-03-20T23:09:48.474] [WARN] logger - activity-server-1 活动服务启动|afterStartup
[2023-03-22T12:30:00.591] [WARN] logger - mysql | 服务 activity-server-1 | 创建连接池 | 成功
[2023-03-22T12:30:00.701] [WARN] logger - activity-server-1 !!活动服务启动|beforeStartup
[2023-03-22T12:30:00.853] [WARN] logger - activity-server-1 活动服务启动|afterStartup
[2023-03-22T12:32:12.457] [WARN] logger - mysql | 服务 activity-server-1 | 创建连接池 | 成功
[2023-03-22T12:32:12.527] [WARN] logger - activity-server-1 !!活动服务启动|beforeStartup
[2023-03-22T12:32:13.341] [WARN] logger - activity-server-1 活动服务启动|afterStartup
[2023-03-22T13:26:41.722] [WARN] logger - mysql | 服务 activity-server-1 | 创建连接池 | 成功
[2023-03-22T13:26:41.843] [WARN] logger - activity-server-1 !!活动服务启动|beforeStartup
[2023-03-22T13:26:42.703] [WARN] logger - activity-server-1 活动服务启动|afterStartup
[2023-03-23T13:31:25.887] [WARN] logger - mysql | 服务 activity-server-1 | 创建连接池 | 成功
[2023-03-23T13:31:25.951] [WARN] logger - activity-server-1 !!活动服务启动|beforeStartup
[2023-03-23T13:31:26.099] [WARN] logger - activity-server-1 活动服务启动|afterStartup
[2023-03-23T15:36:12.110] [WARN] logger - mysql | 服务 activity-server-1 | 创建连接池 | 成功
[2023-03-23T15:36:12.150] [WARN] logger - activity-server-1 !!活动服务启动|beforeStartup
[2023-03-23T15:36:12.227] [WARN] logger - activity-server-1 活动服务启动|afterStartup
[2023-03-23T15:39:04.495] [WARN] logger - mysql | 服务 activity-server-1 | 创建连接池 | 成功
[2023-03-23T15:39:04.544] [WARN] logger - activity-server-1 !!活动服务启动|beforeStartup
[2023-03-23T15:39:05.099] [WARN] logger - activity-server-1 活动服务启动|afterStartup
[2023-03-23T17:22:49.403] [WARN] logger - mysql | 服务 activity-server-1 | 创建连接池 | 成功
[2023-03-23T17:22:49.472] [WARN] logger - activity-server-1 !!活动服务启动|beforeStartup
[2023-03-23T17:22:50.021] [WARN] logger - activity-server-1 活动服务启动|afterStartup
[2023-03-23T17:28:23.146] [WARN] logger - mysql | 服务 activity-server-1 | 创建连接池 | 成功
[2023-03-23T17:28:23.239] [WARN] logger - activity-server-1 !!活动服务启动|beforeStartup
[2023-03-23T17:28:23.313] [WARN] logger - activity-server-1 活动服务启动|afterStartup
[2023-03-23T17:30:20.498] [WARN] logger - mysql | 服务 activity-server-1 | 创建连接池 | 成功
[2023-03-23T17:30:20.540] [WARN] logger - activity-server-1 !!活动服务启动|beforeStartup
[2023-03-23T17:30:20.667] [WARN] logger - activity-server-1 活动服务启动|afterStartup
[2023-03-24T11:23:53.405] [WARN] logger - mysql | 服务 activity-server-1 | 创建连接池 | 成功
[2023-03-24T11:23:53.478] [WARN] logger - activity-server-1 !!活动服务启动|beforeStartup
[2023-03-24T11:23:53.648] [WARN] logger - activity-server-1 活动服务启动|afterStartup
[2023-03-27T01:51:51.676] [WARN] logger - mysql | 服务 activity-server-1 | 创建连接池 | 成功
[2023-03-27T01:51:51.713] [WARN] logger - activity-server-1 !!活动服务启动|beforeStartup
[2023-03-27T01:51:51.872] [WARN] logger - activity-server-1 活动服务启动|afterStartup
[2023-03-27T02:08:05.407] [WARN] logger - mysql | 服务 activity-server-1 | 创建连接池 | 成功
[2023-03-27T02:08:05.485] [WARN] logger - activity-server-1 !!活动服务启动|beforeStartup
[2023-03-27T02:08:06.091] [WARN] logger - activity-server-1 活动服务启动|afterStartup
[2023-03-27T02:25:21.162] [WARN] logger - mysql | 服务 activity-server-1 | 创建连接池 | 成功
[2023-03-27T02:25:21.229] [WARN] logger - activity-server-1 !!活动服务启动|beforeStartup
[2023-03-27T02:25:21.856] [WARN] logger - activity-server-1 活动服务启动|afterStartup
[2023-03-27T02:27:02.938] [WARN] logger - mysql | 服务 activity-server-1 | 创建连接池 | 成功
[2023-03-27T02:27:02.963] [WARN] logger - activity-server-1 !!活动服务启动|beforeStartup
[2023-03-27T02:27:03.036] [WARN] logger - activity-server-1 活动服务启动|afterStartup
[2023-03-27T15:17:29.997] [WARN] logger - mysql | 服务 activity-server-1 | 创建连接池 | 成功
[2023-03-27T15:17:30.042] [WARN] logger - activity-server-1 !!活动服务启动|beforeStartup
[2023-03-27T15:17:30.125] [WARN] logger - activity-server-1 活动服务启动|afterStartup
[2023-03-27T15:24:45.144] [WARN] logger - mysql | 服务 activity-server-1 | 创建连接池 | 成功
[2023-03-27T15:24:45.210] [WARN] logger - activity-server-1 !!活动服务启动|beforeStartup
[2023-03-27T15:24:45.289] [WARN] logger - activity-server-1 活动服务启动|afterStartup
[2023-03-27T15:30:31.843] [WARN] logger - mysql | 服务 activity-server-1 | 创建连接池 | 成功
[2023-03-27T15:30:31.901] [WARN] logger - activity-server-1 !!活动服务启动|beforeStartup
[2023-03-27T15:30:32.030] [WARN] logger - activity-server-1 活动服务启动|afterStartup
[2023-03-27T15:35:35.210] [WARN] logger - mysql | 服务 activity-server-1 | 创建连接池 | 成功
[2023-03-27T15:35:35.253] [WARN] logger - activity-server-1 !!活动服务启动|beforeStartup
[2023-03-27T15:35:35.331] [WARN] logger - activity-server-1 活动服务启动|afterStartup
[2023-03-27T15:48:31.902] [WARN] logger - mysql | 服务 activity-server-1 | 创建连接池 | 成功
[2023-03-27T15:48:31.949] [WARN] logger - activity-server-1 !!活动服务启动|beforeStartup
[2023-03-27T15:48:32.650] [WARN] logger - activity-server-1 活动服务启动|afterStartup
[2023-03-27T17:18:06.328] [WARN] logger - mysql | 服务 activity-server-1 | 创建连接池 | 成功
[2023-03-27T17:18:06.378] [WARN] logger - activity-server-1 !!活动服务启动|beforeStartup
[2023-03-27T17:18:06.491] [WARN] logger - activity-server-1 活动服务启动|afterStartup
[2023-03-27T17:55:56.731] [WARN] logger - mysql | 服务 activity-server-1 | 创建连接池 | 成功
[2023-03-27T17:55:56.791] [WARN] logger - activity-server-1 !!活动服务启动|beforeStartup
[2023-03-27T17:55:56.874] [WARN] logger - activity-server-1 活动服务启动|afterStartup
[2023-03-28T13:40:39.690] [WARN] logger - mysql | 服务 activity-server-1 | 创建连接池 | 成功
[2023-03-28T13:40:39.796] [WARN] logger - activity-server-1 !!活动服务启动|beforeStartup
[2023-03-28T13:40:39.963] [WARN] logger - activity-server-1 活动服务启动|afterStartup
[2023-03-28T13:43:58.102] [WARN] logger - mysql | 服务 activity-server-1 | 创建连接池 | 成功
[2023-03-28T13:43:58.161] [WARN] logger - activity-server-1 !!活动服务启动|beforeStartup
[2023-03-28T13:43:58.402] [WARN] logger - activity-server-1 活动服务启动|afterStartup
[2023-03-28T17:14:48.082] [WARN] logger - mysql | 服务 activity-server-1 | 创建连接池 | 成功
[2023-03-28T17:14:48.138] [WARN] logger - activity-server-1 !!活动服务启动|beforeStartup
[2023-03-28T17:14:48.294] [WARN] logger - activity-server-1 活动服务启动|afterStartup
[2023-03-28T17:18:13.374] [WARN] logger - mysql | 服务 activity-server-1 | 创建连接池 | 成功
[2023-03-28T17:18:13.436] [WARN] logger - activity-server-1 !!活动服务启动|beforeStartup
[2023-03-28T17:18:13.732] [WARN] logger - activity-server-1 活动服务启动|afterStartup
[2023-04-09T12:09:56.311] [WARN] logger - mysql | 服务 activity-server-1 | 创建连接池 | 成功
[2023-04-09T12:09:56.386] [WARN] logger - activity-server-1 !!活动服务启动|beforeStartup
[2023-04-09T12:09:56.544] [WARN] logger - activity-server-1 活动服务启动|afterStartup
[2023-04-09T12:25:46.017] [WARN] logger - mysql | 服务 activity-server-1 | 创建连接池 | 成功
[2023-04-09T12:25:46.050] [WARN] logger - activity-server-1 !!活动服务启动|beforeStartup
[2023-04-09T12:25:46.121] [WARN] logger - activity-server-1 活动服务启动|afterStartup
[2023-04-11T17:21:49.256] [WARN] logger - mysql | 服务 activity-server-1 | 创建连接池 | 成功
[2023-04-11T17:21:49.313] [WARN] logger - activity-server-1 !!活动服务启动|beforeStartup
[2023-04-11T17:21:49.486] [WARN] logger - activity-server-1 活动服务启动|afterStartup
[2023-04-11T17:29:43.425] [WARN] logger - mysql | 服务 activity-server-1 | 创建连接池 | 成功
[2023-04-11T17:29:43.499] [WARN] logger - activity-server-1 !!活动服务启动|beforeStartup
[2023-04-11T17:29:43.607] [WARN] logger - activity-server-1 活动服务启动|afterStartup
[2023-04-11T17:31:53.455] [WARN] logger - mysql | 服务 activity-server-1 | 创建连接池 | 成功
[2023-04-11T17:31:53.544] [WARN] logger - activity-server-1 !!活动服务启动|beforeStartup
[2023-04-11T17:31:54.177] [WARN] logger - activity-server-1 活动服务启动|afterStartup
[2023-04-11T17:37:44.635] [WARN] logger - mysql | 服务 activity-server-1 | 创建连接池 | 成功
[2023-04-11T17:37:44.709] [WARN] logger - activity-server-1 !!活动服务启动|beforeStartup
[2023-04-11T17:37:44.777] [WARN] logger - activity-server-1 活动服务启动|afterStartup
[2023-04-11T17:49:08.681] [WARN] logger - mysql | 服务 activity-server-1 | 创建连接池 | 成功
[2023-04-11T17:49:08.807] [WARN] logger - activity-server-1 !!活动服务启动|beforeStartup
[2023-04-11T17:49:09.421] [WARN] logger - activity-server-1 活动服务启动|afterStartup
[2023-04-11T17:50:43.006] [WARN] logger - mysql | 服务 activity-server-1 | 创建连接池 | 成功
[2023-04-11T17:50:43.072] [WARN] logger - activity-server-1 !!活动服务启动|beforeStartup
[2023-04-11T17:50:43.942] [WARN] logger - activity-server-1 活动服务启动|afterStartup
[2023-04-11T17:55:19.766] [WARN] logger - mysql | 服务 activity-server-1 | 创建连接池 | 成功
[2023-04-11T17:55:19.849] [WARN] logger - activity-server-1 !!活动服务启动|beforeStartup
[2023-04-11T17:55:20.025] [WARN] logger - activity-server-1 活动服务启动|afterStartup
[2023-04-13T14:55:04.568] [WARN] logger - mysql | 服务 activity-server-1 | 创建连接池 | 成功
[2023-04-13T14:55:04.639] [WARN] logger - activity-server-1 !!活动服务启动|beforeStartup
[2023-04-13T14:55:04.777] [WARN] logger - activity-server-1 活动服务启动|afterStartup
[2023-04-13T14:59:23.569] [WARN] logger - mysql | 服务 activity-server-1 | 创建连接池 | 成功
[2023-04-13T14:59:23.605] [WARN] logger - activity-server-1 !!活动服务启动|beforeStartup
[2023-04-13T14:59:23.703] [WARN] logger - activity-server-1 活动服务启动|afterStartup
[2023-04-13T15:02:29.512] [WARN] logger - mysql | 服务 activity-server-1 | 创建连接池 | 成功
[2023-04-13T15:02:29.565] [WARN] logger - activity-server-1 !!活动服务启动|beforeStartup
[2023-04-13T15:02:30.033] [WARN] logger - activity-server-1 活动服务启动|afterStartup
[2023-05-02T14:17:43.277] [WARN] logger - mysql | 服务 activity-server-1 | 创建连接池 | 成功
[2023-05-02T14:17:43.389] [WARN] logger - activity-server-1 !!活动服务启动|beforeStartup
[2023-05-02T14:17:43.627] [WARN] logger - activity-server-1 活动服务启动|afterStartup
[2023-05-02T14:23:19.401] [WARN] logger - mysql | 服务 activity-server-1 | 创建连接池 | 成功
[2023-05-02T14:23:19.437] [WARN] logger - activity-server-1 !!活动服务启动|beforeStartup
[2023-05-02T14:23:19.514] [WARN] logger - activity-server-1 活动服务启动|afterStartup
[2023-05-02T14:24:50.722] [WARN] logger - mysql | 服务 activity-server-1 | 创建连接池 | 成功
[2023-05-02T14:24:50.794] [WARN] logger - activity-server-1 !!活动服务启动|beforeStartup
[2023-05-02T14:24:50.898] [WARN] logger - activity-server-1 活动服务启动|afterStartup
[2023-05-02T15:13:11.396] [WARN] logger - mysql | 服务 activity-server-1 | 创建连接池 | 成功
[2023-05-02T15:13:11.465] [WARN] logger - activity-server-1 !!活动服务启动|beforeStartup
[2023-05-02T15:13:11.615] [WARN] logger - activity-server-1 活动服务启动|afterStartup
[2023-05-02T15:45:38.058] [WARN] logger - mysql | 服务 activity-server-1 | 创建连接池 | 成功
[2023-05-02T15:45:38.141] [WARN] logger - activity-server-1 !!活动服务启动|beforeStartup
[2023-05-02T15:45:38.235] [WARN] logger - activity-server-1 活动服务启动|afterStartup
[2023-05-02T15:50:30.635] [WARN] logger - mysql | 服务 activity-server-1 | 创建连接池 | 成功
[2023-05-02T15:50:30.692] [WARN] logger - activity-server-1 !!活动服务启动|beforeStartup
[2023-05-02T15:50:30.790] [WARN] logger - activity-server-1 活动服务启动|afterStartup
[2023-05-02T15:52:54.419] [WARN] logger - mysql | 服务 activity-server-1 | 创建连接池 | 成功
[2023-05-02T15:52:54.477] [WARN] logger - activity-server-1 !!活动服务启动|beforeStartup
[2023-05-02T15:52:55.095] [WARN] logger - activity-server-1 活动服务启动|afterStartup
[2023-05-02T15:56:26.194] [WARN] logger - mysql | 服务 activity-server-1 | 创建连接池 | 成功
[2023-05-02T15:56:26.274] [WARN] logger - activity-server-1 !!活动服务启动|beforeStartup
[2023-05-02T15:56:26.389] [WARN] logger - activity-server-1 活动服务启动|afterStartup
[2023-05-25T11:52:52.470] [WARN] logger - mysql | 服务 activity-server-1 | 创建连接池 | 成功
[2023-05-25T11:52:52.543] [WARN] logger - activity-server-1 !!活动服务启动|beforeStartup
[2023-05-25T11:52:52.742] [WARN] logger - activity-server-1 活动服务启动|afterStartup
[2023-05-25T12:23:37.251] [WARN] logger - mysql | 服务 activity-server-1 | 创建连接池 | 成功
[2023-05-25T12:23:37.298] [WARN] logger - activity-server-1 !!活动服务启动|beforeStartup
[2023-05-25T12:23:37.721] [WARN] logger - activity-server-1 活动服务启动|afterStartup
[2023-05-25T12:33:08.729] [WARN] logger - mysql | 服务 activity-server-1 | 创建连接池 | 成功
[2023-05-25T12:33:08.826] [WARN] logger - activity-server-1 !!活动服务启动|beforeStartup
[2023-05-25T12:33:08.908] [WARN] logger - activity-server-1 活动服务启动|afterStartup
[2023-05-25T12:38:08.889] [WARN] logger - mysql | 服务 activity-server-1 | 创建连接池 | 成功
[2023-05-25T12:38:08.947] [WARN] logger - activity-server-1 !!活动服务启动|beforeStartup
[2023-05-25T12:38:09.444] [WARN] logger - activity-server-1 活动服务启动|afterStartup
[2023-05-29T11:44:09.212] [WARN] logger - mysql | 服务 activity-server-1 | 创建连接池 | 成功
[2023-05-29T11:44:09.381] [WARN] logger - activity-server-1 !!活动服务启动|beforeStartup
[2023-05-29T11:44:09.828] [WARN] logger - activity-server-1 活动服务启动|afterStartup
[2023-05-30T11:38:34.761] [WARN] logger - mysql | 服务 activity-server-1 | 创建连接池 | 成功
[2023-05-30T11:38:34.853] [WARN] logger - activity-server-1 !!活动服务启动|beforeStartup
[2023-05-30T11:38:34.962] [WARN] logger - activity-server-1 活动服务启动|afterStartup
